Unity Editor version:    2023.2.20f1 (0e25a174756c)
Branch:                  2023.2/staging
Build type:              Release
Batch mode:              YES
macOS version:           Version 14.3.1 (Build 23D60)
Darwin version:          23.3.0
Architecture:            arm64
Running under Rosetta:   NO
Available memory:        32768 MB
[Licensing::Module] Trying to connect to existing licensing client channel...
[Licensing::IpcConnector] Successfully connected to the License Client on channel: "LicenseClient-laurensart" at "2025-05-26T12:57:37.864563Z"
[Licensing::Client] Error: Code 10 while verifying Licensing Client signature (process Id: 1735, path: "/Applications/Unity Hub.app/Contents/Frameworks/UnityLicensingClient_V1.app/Contents/MacOS/Unity.Licensing.Client")
[Licensing::Module] Error: LicensingClient has failed validation; ignoring
[Licensing::Client] Handshaking with LicensingClient:
  Version:                 1.17.0+aa6cfba
  Session Id:              0cfb67e738a840a3bc86b08a83dd739b
  Correlation Id:          962b4cc1dd2994be94eea0e3b141aedd
  External correlation Id: 3871316642357748824
  Machine Id:              i+EsiyelR1eysCG4hAJ1rEiNAbA=
[Licensing::Module] Successfully connected to LicensingClient on channel: "LicenseClient-laurensart" (connect: 0.00s, validation: 0.01s, handshake: 0.36s)
[Licensing::IpcConnector] Successfully connected to the License Notification on channel: "LicenseClient-laurensart-notifications" at "2025-05-26T12:57:38.236422Z"
[Licensing::Module] Error: Access token is unavailable; failed to update
[Licensing::Client] Successfully updated license
[Licensing::Client] Successfully resolved entitlements
[Licensing::Module] Serial number assigned to: "F4-BG5Z-DKDZ-KDBP-6XP9-XXXX"
Pro License: NO
Launching external process: /Applications/Unity/Hub/Editor/2023.2.20f1/Unity.app/Contents/Resources/PackageManager/Server/UnityPackageManager

COMMAND LINE ARGUMENTS:
/Applications/Unity/Hub/Editor/2023.2.20f1/Unity.app/Contents/MacOS/Unity
-projectPath
.
-batchmode
-quit
-logFile
ar_compile_fixed.log
Successfully changed project path to: /Users/laurensart/Desktop/TENDOR-climbing/TENDOR-climbing
/Users/laurensart/Desktop/TENDOR-climbing/TENDOR-climbing
[UnityMemory] Configuration Parameters - Can be set up in boot.config
    "memorysetup-bucket-allocator-granularity=16"
    "memorysetup-bucket-allocator-bucket-count=8"
    "memorysetup-bucket-allocator-block-size=33554432"
    "memorysetup-bucket-allocator-block-count=8"
    "memorysetup-main-allocator-block-size=16777216"
    "memorysetup-thread-allocator-block-size=16777216"
    "memorysetup-gfx-main-allocator-block-size=16777216"
    "memorysetup-gfx-thread-allocator-block-size=16777216"
    "memorysetup-cache-allocator-block-size=4194304"
    "memorysetup-typetree-allocator-block-size=2097152"
    "memorysetup-profiler-bucket-allocator-granularity=16"
    "memorysetup-profiler-bucket-allocator-bucket-count=8"
    "memorysetup-profiler-bucket-allocator-block-size=33554432"
    "memorysetup-profiler-bucket-allocator-block-count=8"
    "memorysetup-profiler-allocator-block-size=16777216"
    "memorysetup-profiler-editor-allocator-block-size=1048576"
    "memorysetup-temp-allocator-size-main=16777216"
    "memorysetup-job-temp-allocator-block-size=2097152"
    "memorysetup-job-temp-allocator-block-size-background=1048576"
    "memorysetup-job-temp-allocator-reduction-small-platforms=262144"
    "memorysetup-allocator-temp-initial-block-size-main=262144"
    "memorysetup-allocator-temp-initial-block-size-worker=262144"
    "memorysetup-temp-allocator-size-background-worker=32768"
    "memorysetup-temp-allocator-size-job-worker=262144"
    "memorysetup-temp-allocator-size-preload-manager=33554432"
    "memorysetup-temp-allocator-size-nav-mesh-worker=65536"
    "memorysetup-temp-allocator-size-audio-worker=65536"
    "memorysetup-temp-allocator-size-cloud-worker=32768"
    "memorysetup-temp-allocator-size-gi-baking-worker=262144"
    "memorysetup-temp-allocator-size-gi-baking-worker=262144"
    "memorysetup-temp-allocator-size-gi-baking-worker=262144"
    "memorysetup-temp-allocator-size-gi-baking-worker=262144"
    "memorysetup-temp-allocator-size-gfx=262144"
Player connection [8084331584] Host "[IP] 192.168.1.39 [Port] 55504 [Flags] 2 [Guid] 690068193 [EditorId] 690068193 [Version] 1048832 [Id] OSXEditor(0,Arts-MacBook.local) [Debug] 1 [PackageName] OSXEditor [ProjectName] Editor" joined multi-casting on [225.0.0.222:54997]...
Player connection [8084331584] Host "[IP] 192.168.1.39 [Port] 55504 [Flags] 2 [Guid] 690068193 [EditorId] 690068193 [Version] 1048832 [Id] OSXEditor(0,Arts-MacBook.local) [Debug] 1 [PackageName] OSXEditor [ProjectName] Editor" joined alternative multi-casting on [225.0.0.222:34997]...
[Physics::Module] Initialized MultithreadedJobDispatcher with 9 workers.
[Package Manager] Connected to IPC stream "Upm-22117" after 0.4 seconds.
Library Redirect Path: Library/
[Licensing::Client] Successfully resolved entitlements
[Package Manager] Restoring resolved packages state from cache
[Licensing::Client] Successfully resolved entitlement details
[Package Manager] Registered 59 packages:
  Packages from [https://packages.unity.com]:
    com.unity.ide.visualstudio@2.0.22 (location: /Users/laurensart/Desktop/TENDOR-climbing/TENDOR-climbing/Library/PackageCache/com.unity.ide.visualstudio@2.0.22)
    com.unity.inputsystem@1.11.2 (location: /Users/laurensart/Desktop/TENDOR-climbing/TENDOR-climbing/Library/PackageCache/com.unity.inputsystem@1.11.2)
    com.unity.mathematics@1.3.2 (location: /Users/laurensart/Desktop/TENDOR-climbing/TENDOR-climbing/Library/PackageCache/com.unity.mathematics@1.3.2)
    com.unity.timeline@1.8.7 (location: /Users/laurensart/Desktop/TENDOR-climbing/TENDOR-climbing/Library/PackageCache/com.unity.timeline@1.8.7)
    com.unity.visualscripting@1.8.0 (location: /Users/laurensart/Desktop/TENDOR-climbing/TENDOR-climbing/Library/PackageCache/com.unity.visualscripting@1.8.0)
    com.unity.xr.arkit@5.1.6 (location: /Users/laurensart/Desktop/TENDOR-climbing/TENDOR-climbing/Library/PackageCache/com.unity.xr.arkit@5.1.6)
    com.unity.xr.interaction.toolkit@3.0.7 (location: /Users/laurensart/Desktop/TENDOR-climbing/TENDOR-climbing/Library/PackageCache/com.unity.xr.interaction.toolkit@3.0.7)
    com.unity.xr.legacyinputhelpers@2.1.11 (location: /Users/laurensart/Desktop/TENDOR-climbing/TENDOR-climbing/Library/PackageCache/com.unity.xr.legacyinputhelpers@2.1.11)
    com.unity.xr.management@4.5.0 (location: /Users/laurensart/Desktop/TENDOR-climbing/TENDOR-climbing/Library/PackageCache/com.unity.xr.management@4.5.0)
    com.unity.xr.core-utils@2.3.0 (location: /Users/laurensart/Desktop/TENDOR-climbing/TENDOR-climbing/Library/PackageCache/com.unity.xr.core-utils@2.3.0)
    com.unity.xr.arfoundation@5.1.6 (location: /Users/laurensart/Desktop/TENDOR-climbing/TENDOR-climbing/Library/PackageCache/com.unity.xr.arfoundation@5.1.6)
    com.unity.editorcoroutines@1.0.0 (location: /Users/laurensart/Desktop/TENDOR-climbing/TENDOR-climbing/Library/PackageCache/com.unity.editorcoroutines@1.0.0)
    com.unity.searcher@4.9.2 (location: /Users/laurensart/Desktop/TENDOR-climbing/TENDOR-climbing/Library/PackageCache/com.unity.searcher@4.9.2)
    com.unity.test-framework@1.3.9 (location: /Users/laurensart/Desktop/TENDOR-climbing/TENDOR-climbing/Library/PackageCache/com.unity.test-framework@1.3.9)
    com.unity.ext.nunit@2.0.5 (location: /Users/laurensart/Desktop/TENDOR-climbing/TENDOR-climbing/Library/PackageCache/com.unity.ext.nunit@2.0.5)
    com.unity.collections@1.4.0 (location: /Users/laurensart/Desktop/TENDOR-climbing/TENDOR-climbing/Library/PackageCache/com.unity.collections@1.4.0)
    com.unity.burst@1.8.13 (location: /Users/laurensart/Desktop/TENDOR-climbing/TENDOR-climbing/Library/PackageCache/com.unity.burst@1.8.13)
    com.unity.nuget.mono-cecil@1.11.4 (location: /Users/laurensart/Desktop/TENDOR-climbing/TENDOR-climbing/Library/PackageCache/com.unity.nuget.mono-cecil@1.11.4)
  Built-in packages:
    com.unity.2d.sprite@1.0.0 (location: /Users/laurensart/Desktop/TENDOR-climbing/TENDOR-climbing/Library/PackageCache/com.unity.2d.sprite@1.0.0)
    com.unity.shadergraph@16.0.6 (location: /Users/laurensart/Desktop/TENDOR-climbing/TENDOR-climbing/Library/PackageCache/com.unity.shadergraph@16.0.6)
    com.unity.ugui@2.0.0 (location: /Users/laurensart/Desktop/TENDOR-climbing/TENDOR-climbing/Library/PackageCache/com.unity.ugui@2.0.0)
    com.unity.modules.accessibility@1.0.0 (location: /Users/laurensart/Desktop/TENDOR-climbing/TENDOR-climbing/Library/PackageCache/com.unity.modules.accessibility@1.0.0)
    com.unity.modules.ai@1.0.0 (location: /Users/laurensart/Desktop/TENDOR-climbing/TENDOR-climbing/Library/PackageCache/com.unity.modules.ai@1.0.0)
    com.unity.modules.androidjni@1.0.0 (location: /Users/laurensart/Desktop/TENDOR-climbing/TENDOR-climbing/Library/PackageCache/com.unity.modules.androidjni@1.0.0)
    com.unity.modules.animation@1.0.0 (location: /Users/laurensart/Desktop/TENDOR-climbing/TENDOR-climbing/Library/PackageCache/com.unity.modules.animation@1.0.0)
    com.unity.modules.assetbundle@1.0.0 (location: /Users/laurensart/Desktop/TENDOR-climbing/TENDOR-climbing/Library/PackageCache/com.unity.modules.assetbundle@1.0.0)
    com.unity.modules.audio@1.0.0 (location: /Users/laurensart/Desktop/TENDOR-climbing/TENDOR-climbing/Library/PackageCache/com.unity.modules.audio@1.0.0)
    com.unity.modules.cloth@1.0.0 (location: /Users/laurensart/Desktop/TENDOR-climbing/TENDOR-climbing/Library/PackageCache/com.unity.modules.cloth@1.0.0)
    com.unity.modules.director@1.0.0 (location: /Users/laurensart/Desktop/TENDOR-climbing/TENDOR-climbing/Library/PackageCache/com.unity.modules.director@1.0.0)
    com.unity.modules.imageconversion@1.0.0 (location: /Users/laurensart/Desktop/TENDOR-climbing/TENDOR-climbing/Library/PackageCache/com.unity.modules.imageconversion@1.0.0)
    com.unity.modules.imgui@1.0.0 (location: /Users/laurensart/Desktop/TENDOR-climbing/TENDOR-climbing/Library/PackageCache/com.unity.modules.imgui@1.0.0)
    com.unity.modules.jsonserialize@1.0.0 (location: /Users/laurensart/Desktop/TENDOR-climbing/TENDOR-climbing/Library/PackageCache/com.unity.modules.jsonserialize@1.0.0)
    com.unity.modules.particlesystem@1.0.0 (location: /Users/laurensart/Desktop/TENDOR-climbing/TENDOR-climbing/Library/PackageCache/com.unity.modules.particlesystem@1.0.0)
    com.unity.modules.physics@1.0.0 (location: /Users/laurensart/Desktop/TENDOR-climbing/TENDOR-climbing/Library/PackageCache/com.unity.modules.physics@1.0.0)
    com.unity.modules.physics2d@1.0.0 (location: /Users/laurensart/Desktop/TENDOR-climbing/TENDOR-climbing/Library/PackageCache/com.unity.modules.physics2d@1.0.0)
    com.unity.modules.screencapture@1.0.0 (location: /Users/laurensart/Desktop/TENDOR-climbing/TENDOR-climbing/Library/PackageCache/com.unity.modules.screencapture@1.0.0)
    com.unity.modules.terrain@1.0.0 (location: /Users/laurensart/Desktop/TENDOR-climbing/TENDOR-climbing/Library/PackageCache/com.unity.modules.terrain@1.0.0)
    com.unity.modules.terrainphysics@1.0.0 (location: /Users/laurensart/Desktop/TENDOR-climbing/TENDOR-climbing/Library/PackageCache/com.unity.modules.terrainphysics@1.0.0)
    com.unity.modules.tilemap@1.0.0 (location: /Users/laurensart/Desktop/TENDOR-climbing/TENDOR-climbing/Library/PackageCache/com.unity.modules.tilemap@1.0.0)
    com.unity.modules.ui@1.0.0 (location: /Users/laurensart/Desktop/TENDOR-climbing/TENDOR-climbing/Library/PackageCache/com.unity.modules.ui@1.0.0)
    com.unity.modules.uielements@1.0.0 (location: /Users/laurensart/Desktop/TENDOR-climbing/TENDOR-climbing/Library/PackageCache/com.unity.modules.uielements@1.0.0)
    com.unity.modules.umbra@1.0.0 (location: /Users/laurensart/Desktop/TENDOR-climbing/TENDOR-climbing/Library/PackageCache/com.unity.modules.umbra@1.0.0)
    com.unity.modules.unityanalytics@1.0.0 (location: /Users/laurensart/Desktop/TENDOR-climbing/TENDOR-climbing/Library/PackageCache/com.unity.modules.unityanalytics@1.0.0)
    com.unity.modules.unitywebrequest@1.0.0 (location: /Users/laurensart/Desktop/TENDOR-climbing/TENDOR-climbing/Library/PackageCache/com.unity.modules.unitywebrequest@1.0.0)
    com.unity.modules.unitywebrequestassetbundle@1.0.0 (location: /Users/laurensart/Desktop/TENDOR-climbing/TENDOR-climbing/Library/PackageCache/com.unity.modules.unitywebrequestassetbundle@1.0.0)
    com.unity.modules.unitywebrequestaudio@1.0.0 (location: /Users/laurensart/Desktop/TENDOR-climbing/TENDOR-climbing/Library/PackageCache/com.unity.modules.unitywebrequestaudio@1.0.0)
    com.unity.modules.unitywebrequesttexture@1.0.0 (location: /Users/laurensart/Desktop/TENDOR-climbing/TENDOR-climbing/Library/PackageCache/com.unity.modules.unitywebrequesttexture@1.0.0)
    com.unity.modules.unitywebrequestwww@1.0.0 (location: /Users/laurensart/Desktop/TENDOR-climbing/TENDOR-climbing/Library/PackageCache/com.unity.modules.unitywebrequestwww@1.0.0)
    com.unity.modules.vehicles@1.0.0 (location: /Users/laurensart/Desktop/TENDOR-climbing/TENDOR-climbing/Library/PackageCache/com.unity.modules.vehicles@1.0.0)
    com.unity.modules.video@1.0.0 (location: /Users/laurensart/Desktop/TENDOR-climbing/TENDOR-climbing/Library/PackageCache/com.unity.modules.video@1.0.0)
    com.unity.modules.vr@1.0.0 (location: /Users/laurensart/Desktop/TENDOR-climbing/TENDOR-climbing/Library/PackageCache/com.unity.modules.vr@1.0.0)
    com.unity.modules.wind@1.0.0 (location: /Users/laurensart/Desktop/TENDOR-climbing/TENDOR-climbing/Library/PackageCache/com.unity.modules.wind@1.0.0)
    com.unity.modules.xr@1.0.0 (location: /Users/laurensart/Desktop/TENDOR-climbing/TENDOR-climbing/Library/PackageCache/com.unity.modules.xr@1.0.0)
    com.unity.modules.subsystems@1.0.0 (location: /Users/laurensart/Desktop/TENDOR-climbing/TENDOR-climbing/Library/PackageCache/com.unity.modules.subsystems@1.0.0)
    com.unity.modules.hierarchycore@1.0.0 (location: /Users/laurensart/Desktop/TENDOR-climbing/TENDOR-climbing/Library/PackageCache/com.unity.modules.hierarchycore@1.0.0)
    com.unity.render-pipelines.core@16.0.6 (location: /Users/laurensart/Desktop/TENDOR-climbing/TENDOR-climbing/Library/PackageCache/com.unity.render-pipelines.core@16.0.6)
    com.unity.rendering.light-transport@1.0.2 (location: /Users/laurensart/Desktop/TENDOR-climbing/TENDOR-climbing/Library/PackageCache/com.unity.rendering.light-transport@1.0.2)
  Git packages:
    com.boxqkrtm.ide.cursor@https://github.com/boxqkrtm/com.unity.ide.cursor.git (location: /Users/laurensart/Desktop/TENDOR-climbing/TENDOR-climbing/Library/PackageCache/com.boxqkrtm.ide.cursor@38fecf55e4)
  Local Tarball packages:
    com.kyrylokuzyk.arfoundationremote@file:/Users/laurensart/Desktop/TENDOR-climbing/TENDOR-climbing/Assets/Plugins/ARFoundationRemoteInstaller/com.kyrylokuzyk.arfoundationremote.tgz (location: /Users/laurensart/Desktop/TENDOR-climbing/TENDOR-climbing/Library/PackageCache/com.kyrylokuzyk.arfoundationremote@b261627c706b)
[Subsystems] Looking for new subsystems at path /Users/laurensart/Desktop/TENDOR-climbing/TENDOR-climbing/Library/PackageCache/com.kyrylokuzyk.arfoundationremote@b261627c706b
[Subsystems] Novel subsystem found at Library/PackageCache/com.kyrylokuzyk.arfoundationremote@b261627c706b/Editor/UnitySubsystemsManifest.json
[Subsystems] Discovering subsystems at path /Applications/Unity/Hub/Editor/2023.2.20f1/Unity.app/Contents/Resources/UnitySubsystems
[Subsystems] Discovering subsystems at path /Users/laurensart/Desktop/TENDOR-climbing/TENDOR-climbing/Assets
[Subsystems] Discovering subsystems at path /Users/laurensart/Desktop/TENDOR-climbing/TENDOR-climbing/Library/PackageCache/com.kyrylokuzyk.arfoundationremote@b261627c706b
[Subsystems] No descriptors matched for  examples in Library/PackageCache/com.kyrylokuzyk.arfoundationremote@b261627c706b/Editor/UnitySubsystemsManifest.json.
[Subsystems] 1 'inputs' descriptors matched in Library/PackageCache/com.kyrylokuzyk.arfoundationremote@b261627c706b/Editor/UnitySubsystemsManifest.json
[Subsystems] No descriptors matched for  displays in Library/PackageCache/com.kyrylokuzyk.arfoundationremote@b261627c706b/Editor/UnitySubsystemsManifest.json.
[Subsystems] 1 'meshings' descriptors matched in Library/PackageCache/com.kyrylokuzyk.arfoundationremote@b261627c706b/Editor/UnitySubsystemsManifest.json
[Subsystems] Discovering subsystems at path /Users/laurensart/Desktop/TENDOR-climbing/TENDOR-climbing/Library/PackageCache/com.unity.xr.arfoundation@5.1.6
[Subsystems] No descriptors matched for  examples in Library/PackageCache/com.unity.xr.arfoundation@5.1.6/Runtime/UnitySubsystemsManifest.json.
[Subsystems] 1 'inputs' descriptors matched in Library/PackageCache/com.unity.xr.arfoundation@5.1.6/Runtime/UnitySubsystemsManifest.json
[Subsystems] No descriptors matched for  displays in Library/PackageCache/com.unity.xr.arfoundation@5.1.6/Runtime/UnitySubsystemsManifest.json.
[Subsystems] 1 'meshings' descriptors matched in Library/PackageCache/com.unity.xr.arfoundation@5.1.6/Runtime/UnitySubsystemsManifest.json
Package Manager log level set to [2]
[Package Manager] Done registering packages in 0.14 seconds
[Licensing::Client] Successfully resolved entitlements
Refreshing native plugins compatible for Editor in 1.83 ms, found 4 plugins.
Preloading 0 native plugins for Editor in 0.00 ms.
Initialize engine version: 2023.2.20f1 (0e25a174756c)
[Subsystems] Discovering subsystems at path /Applications/Unity/Hub/Editor/2023.2.20f1/Unity.app/Contents/Resources/UnitySubsystems
[Subsystems] Discovering subsystems at path /Users/laurensart/Desktop/TENDOR-climbing/TENDOR-climbing/Assets
[Subsystems] Discovering subsystems at path /Users/laurensart/Desktop/TENDOR-climbing/TENDOR-climbing/Library/PackageCache/com.kyrylokuzyk.arfoundationremote@b261627c706b
[Subsystems] No descriptors matched for  examples in Library/PackageCache/com.kyrylokuzyk.arfoundationremote@b261627c706b/Editor/UnitySubsystemsManifest.json.
[Subsystems] 1 'inputs' descriptors matched in Library/PackageCache/com.kyrylokuzyk.arfoundationremote@b261627c706b/Editor/UnitySubsystemsManifest.json
[Subsystems] No descriptors matched for  displays in Library/PackageCache/com.kyrylokuzyk.arfoundationremote@b261627c706b/Editor/UnitySubsystemsManifest.json.
[Subsystems] 1 'meshings' descriptors matched in Library/PackageCache/com.kyrylokuzyk.arfoundationremote@b261627c706b/Editor/UnitySubsystemsManifest.json
[Subsystems] Discovering subsystems at path /Users/laurensart/Desktop/TENDOR-climbing/TENDOR-climbing/Library/PackageCache/com.unity.xr.arfoundation@5.1.6
[Subsystems] No descriptors matched for  examples in Library/PackageCache/com.unity.xr.arfoundation@5.1.6/Runtime/UnitySubsystemsManifest.json.
[Subsystems] 1 'inputs' descriptors matched in Library/PackageCache/com.unity.xr.arfoundation@5.1.6/Runtime/UnitySubsystemsManifest.json
[Subsystems] No descriptors matched for  displays in Library/PackageCache/com.unity.xr.arfoundation@5.1.6/Runtime/UnitySubsystemsManifest.json.
[Subsystems] 1 'meshings' descriptors matched in Library/PackageCache/com.unity.xr.arfoundation@5.1.6/Runtime/UnitySubsystemsManifest.json
GfxDevice: creating device client; kGfxThreadingModeNonThreaded
 preferred device: Apple M1 Max (high power)
Metal devices available: 1
0: Apple M1 Max (high power)
Using device Apple M1 Max (high power)
Initializing Metal device caps: Apple M1 Max
[Licensing::Client] Successfully resolved entitlements
Initialize mono
Mono path[0] = '/Applications/Unity/Hub/Editor/2023.2.20f1/Unity.app/Contents/Managed'
Mono path[1] = '/Applications/Unity/Hub/Editor/2023.2.20f1/Unity.app/Contents/MonoBleedingEdge/lib/mono/unityjit-macos'
Mono config path = '/Applications/Unity/Hub/Editor/2023.2.20f1/Unity.app/Contents/MonoBleedingEdge/etc'
Using monoOptions --debugger-agent=transport=dt_socket,embedding=1,server=y,suspend=n,address=127.0.0.1:56117
Using cacheserver namespaces - metadata:defaultmetadata, artifacts:defaultartifacts
Using cacheserver namespaces - metadata:defaultmetadata, artifacts:defaultartifacts
ImportWorker Server TCP listen port: 0
AcceleratorClientConnectionCallback - disconnected - :0
Begin MonoManager ReloadAssembly
Registering precompiled unity dll's ...
Register platform support module: /Applications/Unity/Hub/Editor/2023.2.20f1/Unity.app/Contents/PlaybackEngines/MacStandaloneSupport/UnityEditor.OSXStandalone.Extensions.dll
Register platform support module: /Applications/Unity/Hub/Editor/2023.2.20f1/PlaybackEngines/iOSSupport/UnityEditor.iOS.Extensions.dll
Registered in 0.001006 seconds.
- Loaded All Assemblies, in  0.294 seconds
[usbmuxd] Start listen thread
[usbmuxd] Listen thread started
[usbmuxd] Send listen message
Native extension for iOS target not found
Native extension for OSXStandalone target not found
Mono: successfully reloaded assembly
- Finished resetting the current domain, in  0.310 seconds
Domain Reload Profiling: 604ms
	BeginReloadAssembly (54ms)
		ExecutionOrderSort (0ms)
		DisableScriptedObjects (0ms)
		BackupInstance (0ms)
		ReleaseScriptingObjects (0ms)
		CreateAndSetChildDomain (0ms)
	RebuildCommonClasses (37ms)
	RebuildNativeTypeToScriptingClass (12ms)
	initialDomainReloadingComplete (36ms)
	LoadAllAssembliesAndSetupDomain (155ms)
		LoadAssemblies (54ms)
		RebuildTransferFunctionScriptingTraits (0ms)
		AnalyzeDomain (153ms)
			TypeCache.Refresh (152ms)
				TypeCache.ScanAssembly (141ms)
			BuildScriptInfoCaches (0ms)
			ResolveRequiredComponents (0ms)
	FinalizeReload (310ms)
		ReleaseScriptCaches (0ms)
		RebuildScriptCaches (0ms)
		SetupLoadedEditorAssemblies (268ms)
			LogAssemblyErrors (0ms)
			InitializePlatformSupportModulesInManaged (85ms)
			SetLoadedEditorAssemblies (3ms)
			BeforeProcessingInitializeOnLoad (4ms)
			ProcessInitializeOnLoadAttributes (136ms)
			ProcessInitializeOnLoadMethodAttributes (40ms)
			AfterProcessingInitializeOnLoad (0ms)
			EditorAssembliesLoaded (0ms)
		ExecutionOrderSort2 (0ms)
		AwakeInstancesAfterBackupRestoration (0ms)
[Licensing::Client] Successfully resolved entitlements
[Licensing::Client] Successfully resolved entitlements
Application.AssetDatabase Initial Refresh Start
[ScriptCompilation] Requested script compilation because: Assetdatabase observed changes in script compilation related files
[40m[32minfo[39m[22m[49m: Microsoft.Hosting.Lifetime[14]
      Now listening on: http://unix:/tmp/ilpp.sock-a5c9e433fe8d22462ff3efcddd8f8c80
[40m[32minfo[39m[22m[49m: Microsoft.Hosting.Lifetime[0]
      Application started. Press Ctrl+C to shut down.
[40m[32minfo[39m[22m[49m: Microsoft.Hosting.Lifetime[0]
      Hosting environment: Production
[40m[32minfo[39m[22m[49m: Microsoft.Hosting.Lifetime[0]
      Content root path: /Users/laurensart/Desktop/TENDOR-climbing/TENDOR-climbing/
[40m[32minfo[39m[22m[49m: Microsoft.AspNetCore.Hosting.Diagnostics[1]
      Request starting HTTP/2 POST http://ilpp/UnityILPP.PostProcessing/Ping application/grpc -
[40m[32minfo[39m[22m[49m: Microsoft.AspNetCore.Routing.EndpointMiddleware[0]
      Executing endpoint 'gRPC - /UnityILPP.PostProcessing/Ping'
[40m[32minfo[39m[22m[49m: Microsoft.AspNetCore.Routing.EndpointMiddleware[1]
      Executed endpoint 'gRPC - /UnityILPP.PostProcessing/Ping'
[40m[32minfo[39m[22m[49m: Microsoft.AspNetCore.Hosting.Diagnostics[2]
      Request finished HTTP/2 POST http://ilpp/UnityILPP.PostProcessing/Ping application/grpc - - 200 - application/grpc 32.3588ms
Starting: /Applications/Unity/Hub/Editor/2023.2.20f1/Unity.app/Contents/bee_backend --dont-print-to-structured-log --ipc --defer-dag-verification --dagfile="Library/Bee/900b0aE.dag" --continue-on-failure --profile="Library/Bee/backend1.traceevents" ScriptAssemblies
WorkingDir: /Users/laurensart/Desktop/TENDOR-climbing/TENDOR-climbing
DisplayProgressbar: Compiling Scripts
[40m[32minfo[39m[22m[49m: Microsoft.AspNetCore.Hosting.Diagnostics[1]
      Request starting HTTP/2 POST http://ilpp/UnityILPP.PostProcessing/ConfigurePostProcessors application/grpc -
[40m[32minfo[39m[22m[49m: Microsoft.AspNetCore.Routing.EndpointMiddleware[0]
      Executing endpoint 'gRPC - /UnityILPP.PostProcessing/ConfigurePostProcessors'
[40m[1m[33mwarn[39m[22m[49m: Unity.ILPP.Runner.PostProcessingAssemblyLoadContext[0]
      Assembly unityeditor.ios.extensions.xcode has duplicate hint path. Ignoring "/Applications/Unity/Hub/Editor/2023.2.20f1/Unity.app/Contents/PlaybackEngines/MacStandaloneSupport/UnityEditor.iOS.Extensions.Xcode.dll" in favor of "/Applications/Unity/Hub/Editor/2023.2.20f1/PlaybackEngines/iOSSupport/UnityEditor.iOS.Extensions.Xcode.dll"
[40m[1m[33mwarn[39m[22m[49m: Unity.ILPP.Runner.PostProcessingAssemblyLoadContext[0]
      Assembly system.runtime.interopservices.windowsruntime has duplicate hint path. Ignoring "/Applications/Unity/Hub/Editor/2023.2.20f1/Unity.app/Contents/UnityReferenceAssemblies/unity-4.8-api/Facades/System.Runtime.InteropServices.WindowsRuntime.dll" in favor of "/Applications/Unity/Hub/Editor/2023.2.20f1/Unity.app/Contents/NetStandard/Extensions/2.0.0/System.Runtime.InteropServices.WindowsRuntime.dll"
[40m[1m[33mwarn[39m[22m[49m: Unity.ILPP.Runner.PostProcessingAssemblyLoadContext[0]
      Assembly system.componentmodel.composition has duplicate hint path. Ignoring "/Applications/Unity/Hub/Editor/2023.2.20f1/Unity.app/Contents/UnityReferenceAssemblies/unity-4.8-api/System.ComponentModel.Composition.dll" in favor of "/Applications/Unity/Hub/Editor/2023.2.20f1/Unity.app/Contents/NetStandard/compat/2.1.0/shims/netfx/System.ComponentModel.Composition.dll"
[40m[32minfo[39m[22m[49m: Unity.ILPP.Runner.PostProcessingAssemblyLoadContext[0]
      Resolved Unity.Burst.Cecil, Version=0.11.4.0, Culture=neutral, PublicKeyToken=50cebf1cceb9d05e with Library/PackageCache/com.unity.burst@1.8.13/Unity.Burst.CodeGen/Unity.Burst.Cecil.dll
[40m[32minfo[39m[22m[49m: Unity.ILPP.Runner.PostProcessingAssemblyLoadContext[0]
      Resolved Mono.Cecil, Version=0.11.4.0, Culture=neutral, PublicKeyToken=50cebf1cceb9d05e with Library/PackageCache/com.unity.nuget.mono-cecil@1.11.4/Mono.Cecil.dll
[40m[32minfo[39m[22m[49m: Microsoft.AspNetCore.Routing.EndpointMiddleware[1]
      Executed endpoint 'gRPC - /UnityILPP.PostProcessing/ConfigurePostProcessors'
[40m[32minfo[39m[22m[49m: Microsoft.AspNetCore.Hosting.Diagnostics[2]
      Request finished HTTP/2 POST http://ilpp/UnityILPP.PostProcessing/ConfigurePostProcessors application/grpc - - 200 - application/grpc 17.5352ms
[40m[32minfo[39m[22m[49m: Microsoft.AspNetCore.Hosting.Diagnostics[1]
      Request starting HTTP/2 POST http://ilpp/UnityILPP.PostProcessing/PostProcessAssembly application/grpc -
[40m[32minfo[39m[22m[49m: Microsoft.AspNetCore.Routing.EndpointMiddleware[0]
      Executing endpoint 'gRPC - /UnityILPP.PostProcessing/PostProcessAssembly'
[40m[32minfo[39m[22m[49m: Unity.ILPP.Runner.PostProcessingPipeline[0]
      Processing assembly Library/Bee/artifacts/900b0aE.dag/Assembly-CSharp-Editor.dll, with 126 defines and 325 references
[40m[32minfo[39m[22m[49m: Unity.ILPP.Runner.PostProcessingPipeline[0]
      processors: Unity.Jobs.CodeGen.JobsILPostProcessor, zzzUnity.Burst.CodeGen.BurstILPostProcessor
[40m[32minfo[39m[22m[49m: Unity.ILPP.Runner.PostProcessingPipeline[0]
      running Unity.Jobs.CodeGen.JobsILPostProcessor
[40m[32minfo[39m[22m[49m: Unity.ILPP.Runner.PostProcessingAssemblyLoadContext[0]
      Resolved Unity.Collections, Version=0.0.0.0, Culture=neutral, PublicKeyToken=null with Library/Bee/artifacts/900b0aE.dag/Unity.Collections.dll
[40m[32minfo[39m[22m[49m: Unity.ILPP.Runner.PostProcessingAssemblyLoadContext[0]
      Resolved UnityEditor.CoreModule, Version=0.0.0.0, Culture=neutral, PublicKeyToken=null with /Applications/Unity/Hub/Editor/2023.2.20f1/Unity.app/Contents/Managed/UnityEngine/UnityEditor.CoreModule.dll
[40m[32minfo[39m[22m[49m: Unity.ILPP.Runner.PostProcessingAssemblyLoadContext[0]
      Resolved UnityEngine.CoreModule, Version=0.0.0.0, Culture=neutral, PublicKeyToken=null with /Applications/Unity/Hub/Editor/2023.2.20f1/Unity.app/Contents/Managed/UnityEngine/UnityEngine.CoreModule.dll
[40m[32minfo[39m[22m[49m: Unity.ILPP.Runner.PostProcessingPipeline[0]
      running zzzUnity.Burst.CodeGen.BurstILPostProcessor
[40m[32minfo[39m[22m[49m: Unity.ILPP.Runner.PostProcessingAssemblyLoadContext[0]
      Resolved Unity.Burst.Cecil.Rocks, Version=0.11.4.0, Culture=neutral, PublicKeyToken=50cebf1cceb9d05e with Library/PackageCache/com.unity.burst@1.8.13/Unity.Burst.CodeGen/Unity.Burst.Cecil.Rocks.dll
[40m[32minfo[39m[22m[49m: Microsoft.AspNetCore.Routing.EndpointMiddleware[1]
      Executed endpoint 'gRPC - /UnityILPP.PostProcessing/PostProcessAssembly'
[40m[32minfo[39m[22m[49m: Microsoft.AspNetCore.Hosting.Diagnostics[2]
      Request finished HTTP/2 POST http://ilpp/UnityILPP.PostProcessing/PostProcessAssembly application/grpc - - 200 - application/grpc 273.4649ms
ExitCode: 0 Duration: 2s143ms
[702/938    0s] ILPP-Configuration Library/ilpp-configuration.nevergeneratedoutput
[934/938    1s] Csc Library/Bee/artifacts/900b0aE.dag/Assembly-CSharp-Editor.dll (+2 others)
Assets/Scripts/Editor/SceneValidationTool.cs(33,31): warning CS0618: 'ARSessionOrigin' is obsolete: 'ARSessionOrigin has been deprecated. Use XROrigin instead.'
Assets/Scripts/Editor/SystemValidator.cs(77,30): warning CS0618: 'Object.FindObjectOfType<T>()' is obsolete: 'Object.FindObjectOfType has been deprecated. Use Object.FindFirstObjectByType instead or if finding any instance is acceptable the faster Object.FindAnyObjectByType'
Assets/Scripts/Editor/SystemValidator.cs(113,39): warning CS0618: 'Object.FindObjectOfType<T>()' is obsolete: 'Object.FindObjectOfType has been deprecated. Use Object.FindFirstObjectByType instead or if finding any instance is acceptable the faster Object.FindAnyObjectByType'
Assets/Scripts/Editor/SceneValidationTool.cs(70,27): warning CS0618: 'Object.FindObjectOfType<T>()' is obsolete: 'Object.FindObjectOfType has been deprecated. Use Object.FindFirstObjectByType instead or if finding any instance is acceptable the faster Object.FindAnyObjectByType'
Assets/Scripts/Editor/SceneValidationTool.cs(91,22): warning CS0618: 'Object.FindObjectOfType<T>()' is obsolete: 'Object.FindObjectOfType has been deprecated. Use Object.FindFirstObjectByType instead or if finding any instance is acceptable the faster Object.FindAnyObjectByType'
Assets/Scripts/Editor/SceneValidationTool.cs(125,45): warning CS0618: 'ARSessionOrigin' is obsolete: 'ARSessionOrigin has been deprecated. Use XROrigin instead.'
Assets/Scripts/Editor/SceneValidationTool.cs(125,28): warning CS0618: 'Object.FindObjectOfType<T>()' is obsolete: 'Object.FindObjectOfType has been deprecated. Use Object.FindFirstObjectByType instead or if finding any instance is acceptable the faster Object.FindAnyObjectByType'
Assets/Scripts/Editor/SceneValidationTool.cs(146,17): warning CS0618: 'Object.FindObjectOfType<T>()' is obsolete: 'Object.FindObjectOfType has been deprecated. Use Object.FindFirstObjectByType instead or if finding any instance is acceptable the faster Object.FindAnyObjectByType'
Assets/Scripts/Editor/SceneValidationTool.cs(159,17): warning CS0618: 'Object.FindObjectOfType<T>()' is obsolete: 'Object.FindObjectOfType has been deprecated. Use Object.FindFirstObjectByType instead or if finding any instance is acceptable the faster Object.FindAnyObjectByType'
Assets/Scripts/Editor/SceneValidationTool.cs(175,45): warning CS0618: 'ARSessionOrigin' is obsolete: 'ARSessionOrigin has been deprecated. Use XROrigin instead.'
Assets/Scripts/Editor/SceneValidationTool.cs(175,28): warning CS0618: 'Object.FindObjectOfType<T>()' is obsolete: 'Object.FindObjectOfType has been deprecated. Use Object.FindFirstObjectByType instead or if finding any instance is acceptable the faster Object.FindAnyObjectByType'
Assets/Scripts/Editor/SystemValidator.cs(181,39): warning CS0618: 'Object.FindObjectOfType<T>()' is obsolete: 'Object.FindObjectOfType has been deprecated. Use Object.FindFirstObjectByType instead or if finding any instance is acceptable the faster Object.FindAnyObjectByType'
Assets/Scripts/Editor/SystemValidator.cs(223,30): warning CS0618: 'Object.FindObjectOfType<T>()' is obsolete: 'Object.FindObjectOfType has been deprecated. Use Object.FindFirstObjectByType instead or if finding any instance is acceptable the faster Object.FindAnyObjectByType'
Assets/Scripts/Editor/SystemValidator.cs(224,39): warning CS0618: 'Object.FindObjectOfType<T>()' is obsolete: 'Object.FindObjectOfType has been deprecated. Use Object.FindFirstObjectByType instead or if finding any instance is acceptable the faster Object.FindAnyObjectByType'
Assets/Scripts/Editor/SystemValidator.cs(285,39): warning CS0618: 'Object.FindObjectOfType<T>()' is obsolete: 'Object.FindObjectOfType has been deprecated. Use Object.FindFirstObjectByType instead or if finding any instance is acceptable the faster Object.FindAnyObjectByType'
[935/938    0s] ILPostProcess Library/Bee/artifacts/900b0aE.dag/post-processed/Assembly-CSharp-Editor.dll (+pdb)
Processing assembly Library/Bee/artifacts/900b0aE.dag/Assembly-CSharp-Editor.dll, with 126 defines and 325 references
processors: Unity.Jobs.CodeGen.JobsILPostProcessor, zzzUnity.Burst.CodeGen.BurstILPostProcessor
running Unity.Jobs.CodeGen.JobsILPostProcessor
running zzzUnity.Burst.CodeGen.BurstILPostProcessor
[936/938    0s] CopyFiles Library/ScriptAssemblies/Assembly-CSharp-Editor.pdb
[937/938    0s] CopyFiles Library/ScriptAssemblies/Assembly-CSharp-Editor.dll
*** Tundra build success (2.13 seconds), 5 items updated, 938 evaluated
Assets/Scripts/Editor/SceneValidationTool.cs(33,31): warning CS0618: 'ARSessionOrigin' is obsolete: 'ARSessionOrigin has been deprecated. Use XROrigin instead.'
Assets/Scripts/Editor/SystemValidator.cs(77,30): warning CS0618: 'Object.FindObjectOfType<T>()' is obsolete: 'Object.FindObjectOfType has been deprecated. Use Object.FindFirstObjectByType instead or if finding any instance is acceptable the faster Object.FindAnyObjectByType'
Assets/Scripts/Editor/SystemValidator.cs(113,39): warning CS0618: 'Object.FindObjectOfType<T>()' is obsolete: 'Object.FindObjectOfType has been deprecated. Use Object.FindFirstObjectByType instead or if finding any instance is acceptable the faster Object.FindAnyObjectByType'
Assets/Scripts/Editor/SceneValidationTool.cs(70,27): warning CS0618: 'Object.FindObjectOfType<T>()' is obsolete: 'Object.FindObjectOfType has been deprecated. Use Object.FindFirstObjectByType instead or if finding any instance is acceptable the faster Object.FindAnyObjectByType'
Assets/Scripts/Editor/SceneValidationTool.cs(91,22): warning CS0618: 'Object.FindObjectOfType<T>()' is obsolete: 'Object.FindObjectOfType has been deprecated. Use Object.FindFirstObjectByType instead or if finding any instance is acceptable the faster Object.FindAnyObjectByType'
Assets/Scripts/Editor/SceneValidationTool.cs(125,45): warning CS0618: 'ARSessionOrigin' is obsolete: 'ARSessionOrigin has been deprecated. Use XROrigin instead.'
Assets/Scripts/Editor/SceneValidationTool.cs(125,28): warning CS0618: 'Object.FindObjectOfType<T>()' is obsolete: 'Object.FindObjectOfType has been deprecated. Use Object.FindFirstObjectByType instead or if finding any instance is acceptable the faster Object.FindAnyObjectByType'
Assets/Scripts/Editor/SceneValidationTool.cs(146,17): warning CS0618: 'Object.FindObjectOfType<T>()' is obsolete: 'Object.FindObjectOfType has been deprecated. Use Object.FindFirstObjectByType instead or if finding any instance is acceptable the faster Object.FindAnyObjectByType'
Assets/Scripts/Editor/SceneValidationTool.cs(159,17): warning CS0618: 'Object.FindObjectOfType<T>()' is obsolete: 'Object.FindObjectOfType has been deprecated. Use Object.FindFirstObjectByType instead or if finding any instance is acceptable the faster Object.FindAnyObjectByType'
Assets/Scripts/Editor/SceneValidationTool.cs(175,45): warning CS0618: 'ARSessionOrigin' is obsolete: 'ARSessionOrigin has been deprecated. Use XROrigin instead.'
Assets/Scripts/Editor/SceneValidationTool.cs(175,28): warning CS0618: 'Object.FindObjectOfType<T>()' is obsolete: 'Object.FindObjectOfType has been deprecated. Use Object.FindFirstObjectByType instead or if finding any instance is acceptable the faster Object.FindAnyObjectByType'
Assets/Scripts/Editor/SystemValidator.cs(181,39): warning CS0618: 'Object.FindObjectOfType<T>()' is obsolete: 'Object.FindObjectOfType has been deprecated. Use Object.FindFirstObjectByType instead or if finding any instance is acceptable the faster Object.FindAnyObjectByType'
Assets/Scripts/Editor/SystemValidator.cs(223,30): warning CS0618: 'Object.FindObjectOfType<T>()' is obsolete: 'Object.FindObjectOfType has been deprecated. Use Object.FindFirstObjectByType instead or if finding any instance is acceptable the faster Object.FindAnyObjectByType'
Assets/Scripts/Editor/SystemValidator.cs(224,39): warning CS0618: 'Object.FindObjectOfType<T>()' is obsolete: 'Object.FindObjectOfType has been deprecated. Use Object.FindFirstObjectByType instead or if finding any instance is acceptable the faster Object.FindAnyObjectByType'
Assets/Scripts/Editor/SystemValidator.cs(285,39): warning CS0618: 'Object.FindObjectOfType<T>()' is obsolete: 'Object.FindObjectOfType has been deprecated. Use Object.FindFirstObjectByType instead or if finding any instance is acceptable the faster Object.FindAnyObjectByType'
Assets/Scripts/Editor/SystemValidator.cs(113,39): warning CS0618: 'Object.FindObjectOfType<T>()' is obsolete: 'Object.FindObjectOfType has been deprecated. Use Object.FindFirstObjectByType instead or if finding any instance is acceptable the faster Object.FindAnyObjectByType'
Assets/Scripts/Editor/SceneValidationTool.cs(70,27): warning CS0618: 'Object.FindObjectOfType<T>()' is obsolete: 'Object.FindObjectOfType has been deprecated. Use Object.FindFirstObjectByType instead or if finding any instance is acceptable the faster Object.FindAnyObjectByType'
Assets/Scripts/Editor/SceneValidationTool.cs(91,22): warning CS0618: 'Object.FindObjectOfType<T>()' is obsolete: 'Object.FindObjectOfType has been deprecated. Use Object.FindFirstObjectByType instead or if finding any instance is acceptable the faster Object.FindAnyObjectByType'
Assets/Scripts/Editor/SceneValidationTool.cs(125,45): warning CS0618: 'ARSessionOrigin' is obsolete: 'ARSessionOrigin has been deprecated. Use XROrigin instead.'
Assets/Scripts/Editor/SceneValidationTool.cs(125,28): warning CS0618: 'Object.FindObjectOfType<T>()' is obsolete: 'Object.FindObjectOfType has been deprecated. Use Object.FindFirstObjectByType instead or if finding any instance is acceptable the faster Object.FindAnyObjectByType'
Assets/Scripts/Editor/SceneValidationTool.cs(146,17): warning CS0618: 'Object.FindObjectOfType<T>()' is obsolete: 'Object.FindObjectOfType has been deprecated. Use Object.FindFirstObjectByType instead or if finding any instance is acceptable the faster Object.FindAnyObjectByType'
Assets/Scripts/Editor/SceneValidationTool.cs(159,17): warning CS0618: 'Object.FindObjectOfType<T>()' is obsolete: 'Object.FindObjectOfType has been deprecated. Use Object.FindFirstObjectByType instead or if finding any instance is acceptable the faster Object.FindAnyObjectByType'
Assets/Scripts/Editor/SceneValidationTool.cs(175,45): warning CS0618: 'ARSessionOrigin' is obsolete: 'ARSessionOrigin has been deprecated. Use XROrigin instead.'
Assets/Scripts/Editor/SceneValidationTool.cs(175,28): warning CS0618: 'Object.FindObjectOfType<T>()' is obsolete: 'Object.FindObjectOfType has been deprecated. Use Object.FindFirstObjectByType instead or if finding any instance is acceptable the faster Object.FindAnyObjectByType'
Assets/Scripts/Editor/SystemValidator.cs(181,39): warning CS0618: 'Object.FindObjectOfType<T>()' is obsolete: 'Object.FindObjectOfType has been deprecated. Use Object.FindFirstObjectByType instead or if finding any instance is acceptable the faster Object.FindAnyObjectByType'
Assets/Scripts/Editor/SystemValidator.cs(223,30): warning CS0618: 'Object.FindObjectOfType<T>()' is obsolete: 'Object.FindObjectOfType has been deprecated. Use Object.FindFirstObjectByType instead or if finding any instance is acceptable the faster Object.FindAnyObjectByType'
Assets/Scripts/Editor/SystemValidator.cs(224,39): warning CS0618: 'Object.FindObjectOfType<T>()' is obsolete: 'Object.FindObjectOfType has been deprecated. Use Object.FindFirstObjectByType instead or if finding any instance is acceptable the faster Object.FindAnyObjectByType'
Assets/Scripts/Editor/SystemValidator.cs(285,39): warning CS0618: 'Object.FindObjectOfType<T>()' is obsolete: 'Object.FindObjectOfType has been deprecated. Use Object.FindFirstObjectByType instead or if finding any instance is acceptable the faster Object.FindAnyObjectByType'
AssetDatabase: script compilation time: 2.611091s
Total cache size 267412472
Total cache size after purge 267412472
Begin MonoManager ReloadAssembly
Symbol file LoadedFromMemory doesn't match image /Users/laurensart/Desktop/TENDOR-climbing/TENDOR-climbing/Library/PackageCache/com.unity.visualscripting@1.8.0/Editor/VisualScripting.Core/Dependencies/YamlDotNet/Unity.VisualScripting.YamlDotNet.dll
Symbol file LoadedFromMemory doesn't match image /Users/laurensart/Desktop/TENDOR-climbing/TENDOR-climbing/Library/PackageCache/com.unity.visualscripting@1.8.0/Editor/VisualScripting.Core/Dependencies/DotNetZip/Unity.VisualScripting.IonicZip.dll
- Loaded All Assemblies, in  0.717 seconds
Refreshing native plugins compatible for Editor in 1.65 ms, found 4 plugins.
Native extension for iOS target not found
Native extension for OSXStandalone target not found
Mono: successfully reloaded assembly
- Finished resetting the current domain, in  4.291 seconds
Domain Reload Profiling: 5008ms
	BeginReloadAssembly (346ms)
		ExecutionOrderSort (0ms)
		DisableScriptedObjects (7ms)
		BackupInstance (0ms)
		ReleaseScriptingObjects (0ms)
		CreateAndSetChildDomain (40ms)
	RebuildCommonClasses (37ms)
	RebuildNativeTypeToScriptingClass (13ms)
	initialDomainReloadingComplete (19ms)
	LoadAllAssembliesAndSetupDomain (302ms)
		LoadAssemblies (157ms)
		RebuildTransferFunctionScriptingTraits (0ms)
		AnalyzeDomain (186ms)
			TypeCache.Refresh (149ms)
				TypeCache.ScanAssembly (139ms)
			BuildScriptInfoCaches (25ms)
			ResolveRequiredComponents (10ms)
	FinalizeReload (4292ms)
		ReleaseScriptCaches (0ms)
		RebuildScriptCaches (0ms)
		SetupLoadedEditorAssemblies (4103ms)
			LogAssemblyErrors (0ms)
			InitializePlatformSupportModulesInManaged (17ms)
			SetLoadedEditorAssemblies (3ms)
			BeforeProcessingInitializeOnLoad (75ms)
			ProcessInitializeOnLoadAttributes (2032ms)
			ProcessInitializeOnLoadMethodAttributes (1974ms)
			AfterProcessingInitializeOnLoad (1ms)
			EditorAssembliesLoaded (0ms)
		ExecutionOrderSort2 (0ms)
		AwakeInstancesAfterBackupRestoration (6ms)
Refreshing native plugins compatible for Editor in 1.77 ms, found 4 plugins.
Preloading 0 native plugins for Editor in 0.00 ms.
Asset Pipeline Refresh (id=218b070e9b3d74afbb999ba9a00410d0): Total: 8.394 seconds - Initiated by InitialRefreshV2(ForceSynchronousImport)
	Summary:
		Imports: total=0 (actual=0, local cache=0, cache server=0)
		Asset DB Process Time: managed=0 ms, native=4776 ms
		Asset DB Callback time: managed=173 ms, native=6 ms
		Scripting: domain reloads=1, domain reload time=769 ms, compile time=2613 ms, other=54 ms
		Project Asset Count: scripts=1430, non-scripts=1612
		Asset File Changes: new=0, changed=1, moved=0, deleted=0
		Scan Filter Count: 1
	InvokeCustomDependenciesCallbacks: 0.000ms
	InvokePackagesCallback: 3.353ms
	ApplyChangesToAssetFolders: 0.207ms
	Scan: 206.403ms
	OnSourceAssetsModified: 0.618ms
	CategorizeAssetsWithTransientArtifact: 73.053ms
	ProcessAssetsWithTransientArtifactChanges: 60.117ms
	CategorizeAssets: 29.306ms
	ImportOutOfDateAssets: 4301.339ms (1687.192ms without children)
		CompileScripts: 2612.518ms
		ReloadNativeAssets: 0.028ms
		UnloadImportedAssets: 0.791ms
		EnsureUptoDateAssetsAreRegisteredWithGuidPM: 0.515ms
		InitializingProgressBar: 0.000ms
		PostProcessAllAssetNotificationsAddChangedAssets: 0.000ms
		OnDemandSchedulerStart: 0.294ms
	PostProcessAllAssets: 174.223ms
	Hotreload: 4.429ms
	GatherAllCurrentPrimaryArtifactRevisions: 0.000ms
	UnloadStreamsBegin: 0.335ms
	PersistCurrentRevisions: 0.089ms
	UnloadStreamsEnd: 0.001ms
	GenerateScriptTypeHashes: 4.768ms
	Untracked: 3540.124ms

Application.AssetDatabase Initial Refresh End
Launching external process: /Applications/Unity/Hub/Editor/2023.2.20f1/Unity.app/Contents/Tools/UnityShaderCompiler
Launched and connected shader compiler UnityShaderCompiler after 0.06 seconds
Scanning for USB devices : 0.038ms
Initializing Unity extensions:
[Licensing::Client] Successfully resolved entitlements
New input system (experimental) initialized
[MODES] ModeService[none].Initialize
[MODES] ModeService[none].LoadModes
[MODES] Loading mode Default (0) for mode-current-id-TENDOR-climbing
2025-05-26 19:57:50.941 Unity[22117:1805569] NSEventModifierFlagFunction specified to -setKeyEquivalentModifierMask: for item <NSMenuItem: 0x2eb576610 SDF, ke='Command-F12'>, but is only supported for system-provided menu items; will not be used
Unloading 28 Unused Serialized files (Serialized files now loaded: 0)
Unloading 6382 unused Assets / (7.9 MB). Loaded Objects now: 6972.
Memory consumption went from 250.8 MB to 242.9 MB.
Total: 9.822125 ms (FindLiveObjects: 0.308375 ms CreateObjectMapping: 0.198417 ms MarkObjects: 5.210708 ms  DeleteObjects: 4.103708 ms)

2025-05-26 19:57:50.995 Unity[22117:1805569] NSEventModifierFlagFunction specified to -setKeyEquivalentModifierMask: for item <NSMenuItem: 0x2e53d0f60 SDF, ke='Command-F12'>, but is only supported for system-provided menu items; will not be used
Batchmode quit successfully invoked - shutting down!
Curl error 42: Callback aborted
Thread 0x2e9213000 may have been prematurely finalized
[Licensing::IpcConnector] License Notification channel disconnected successfully.
[Licensing::IpcConnector] License Client channel disconnected successfully.
Thread 0x17e953000 may have been prematurely finalized
Thread 0x17e9df000 may have been prematurely finalized
AcceleratorClientConnectionCallback - disconnected - :0
[40m[32minfo[39m[22m[49m: Microsoft.Hosting.Lifetime[0]
      Application is shutting down...
Cleanup mono
[40m[32minfo[39m[22m[49m: Unity.ILPP.Runner.PostProcessingAssemblyLoadContext[0]
      ALC ILPP context 1 is unloading
debugger-agent: Unable to listen on 47
[usbmuxd] Stop listen thread
[usbmuxd] Error: 
[usbmuxd] Listen thread exiting
[Performance] Application.InitializeProject                                                                                                                :        1 samples, Peak.  10.2 s (1.0x), Avg.  10.2 s, Total. 10.24 s (75.6%)
[Performance] Application.PackageManager.StartServer                                                                                                       :        1 samples, Peak.  1.47 ms (1.0x), Avg.  1.47 ms, Total. 1.475 ms (0.0%)
[Performance] Application.AcquireProjectLock                                                                                                               :        1 samples, Peak.   897 us (1.0x), Avg.   897 us, Total. 897.0 us (0.0%)
[Performance] Application.InitializeEngineNoGraphics                                                                                                       :        1 samples, Peak.  32.2 ms (1.0x), Avg.  32.2 ms, Total. 32.21 ms (0.2%)
[Performance] Application.PackageManager.Initialize                                                                                                        :        1 samples, Peak.   430 ms (1.0x), Avg.   430 ms, Total. 430.2 ms (3.2%)
[Performance] Connecting to Package Manager                                                                                                                :       44 samples, Peak.  75.7 us (29.8x), Avg.  2.54 us, Total. 111.9 us (0.0%)
[Performance] Application.EngineGraphics.Initialize                                                                                                        :        1 samples, Peak.  42.2 ms (1.0x), Avg.  42.2 ms, Total. 42.16 ms (0.3%)
[Performance] Application.GI.Initialize                                                                                                                    :        1 samples, Peak.   645 us (1.0x), Avg.   645 us, Total. 644.8 us (0.0%)
[Performance] Application.LoadAllDefaultResourcesFromEditor                                                                                                :        1 samples, Peak.  1.10 ms (1.0x), Avg.  1.10 ms, Total. 1.100 ms (0.0%)
[Performance] Application.LoadMonoAssemblies                                                                                                               :        1 samples, Peak.   607 ms (1.0x), Avg.   607 ms, Total. 606.9 ms (4.5%)
[Performance] RestoreManagedReferences                                                                                                                     :        2 samples, Peak.  45.4 ms (2.0x), Avg.  22.7 ms, Total. 45.38 ms (0.3%)
[Performance] AssemblyReloadEvents.afterAssemblyReload: UnityEditor.SceneTemplate.SceneTemplateService.AfterAssemblyReload                                 :        2 samples, Peak.  2.75 ms (1.7x), Avg.  1.60 ms, Total. 3.202 ms (0.0%)
[Performance] ProcessService.EditorAfterLoadAllAssemblies                                                                                                  :        2 samples, Peak.   302 us (1.3x), Avg.   239 us, Total. 477.9 us (0.0%)
[Performance] Application.ReadLicenseInfo                                                                                                                  :        1 samples, Peak.  24.7 ms (1.0x), Avg.  24.7 ms, Total. 24.74 ms (0.2%)
[Performance] Application.InitialRefresh                                                                                                                   :        1 samples, Peak.  8.40 s (1.0x), Avg.  8.40 s, Total. 8.396 s (62.0%)
[Performance] AssetDatabase.InitialRefresh                                                                                                                 :        1 samples, Peak.  8.39 s (1.0x), Avg.  8.39 s, Total. 8.394 s (62.0%)
[Performance] ShaderImporter.SourceAssetModified                                                                                                           :        1 samples, Peak.   416 ns (1.0x), Avg.   416 ns, Total. 416.0 ns (0.0%)
[Performance] ShaderIncludeImporter.SourceAssetModified                                                                                                    :        1 samples, Peak.   750 ns (1.0x), Avg.   750 ns, Total. 750.0 ns (0.0%)
[Performance] Compiling Scripts                                                                                                                            :        1 samples, Peak.  2.61 s (1.0x), Avg.  2.61 s, Total. 2.611 s (19.3%)
[Performance] AssemblyReloadEvents.beforeAssemblyReload: UnityEditor.SceneTemplate.SceneTemplateService.BeforeAssemblyReload                               :        1 samples, Peak.   712 us (1.0x), Avg.   712 us, Total. 711.6 us (0.0%)
[Performance] EditorResources.Load                                                                                                                         :       13 samples, Peak.  33.9 ms (12.8x), Avg.  2.64 ms, Total. 34.30 ms (0.3%)
[Performance] Package.AsyncRequest                                                                                                                         :       34 samples, Peak.  1.03 ms (19.0x), Avg.  54.1 us, Total. 1.839 ms (0.0%)
[Performance] DidReloadScriptsTestListCache.ScriptReloaded                                                                                                 :        1 samples, Peak.   808 us (1.0x), Avg.   808 us, Total. 808.0 us (0.0%)
[Performance] DidReloadScriptsTestRunnerWindow.CompilationCallback                                                                                         :        1 samples, Peak.   782 us (1.0x), Avg.   782 us, Total. 781.8 us (0.0%)
[Performance] DidReloadScriptsPackageVersionUtility.OnReloadScripts                                                                                        :        1 samples, Peak.  58.3 us (1.0x), Avg.  58.3 us, Total. 58.25 us (0.0%)
[Performance] DidReloadScriptsLookDev.OnEditorReload                                                                                                       :        1 samples, Peak.   162 us (1.0x), Avg.   162 us, Total. 161.8 us (0.0%)
[Performance] DidReloadScriptsDebugWindow.OnEditorReload                                                                                                   :        1 samples, Peak.  3.73 ms (1.0x), Avg.  3.73 ms, Total. 3.732 ms (0.0%)
[Performance] DidReloadScriptsVolumeComponentEditor.OnEditorReload                                                                                         :        1 samples, Peak.  15.3 ms (1.0x), Avg.  15.3 ms, Total. 15.29 ms (0.1%)
[Performance] DidReloadScriptsAdvancedDropdownWindow.OnScriptReload                                                                                        :        2 samples, Peak.   224 us (1.0x), Avg.   217 us, Total. 433.1 us (0.0%)
[Performance] DidReloadScriptsEditorMenuExtensions.FindAndCloseAllContextMenus                                                                             :        1 samples, Peak.  2.54 ms (1.0x), Avg.  2.54 ms, Total. 2.538 ms (0.0%)
[Performance] AssemblyReloadEvents.afterAssemblyReload: UnityEditor.XR.Management.Metadata.XRPackageMetadataStore.AssemblyReloadEvents_afterAssemblyReload :        1 samples, Peak.  2.25 ms (1.0x), Avg.  2.25 ms, Total. 2.250 ms (0.0%)
[Performance] AssetDatabase.ImportAssets                                                                                                                   :        3 samples, Peak.   500 ns (1.6x), Avg.   306 ns, Total. 917.0 ns (0.0%)
[Performance] VersionControl.Task.Wait                                                                                                                     :        1 samples, Peak.  7.25 us (1.0x), Avg.  7.25 us, Total. 7.250 us (0.0%)
[Performance] AssetPostprocessor.OnPostprocessAllAssets                                                                                                    :        2 samples, Peak.   397 us (1.1x), Avg.   351 us, Total. 701.2 us (0.0%)
[Performance] SamplePostprocessor.OnPostprocessAllAssets                                                                                                   :        2 samples, Peak.  87.5 us (1.0x), Avg.  86.5 us, Total. 173.1 us (0.0%)
[Performance] TMPro_TexturePostProcessor.OnPostprocessAllAssets                                                                                            :        2 samples, Peak.   181 us (1.0x), Avg.   180 us, Total. 360.2 us (0.0%)
[Performance] WindowAssetPostprocessingWatcher_Internal.OnPostprocessAllAssets                                                                             :        2 samples, Peak.  1.26 ms (1.0x), Avg.  1.26 ms, Total. 2.518 ms (0.0%)
[Performance] BuilderAssetPostprocessor.OnPostprocessAllAssets                                                                                             :        2 samples, Peak.  4.05 ms (1.0x), Avg.  4.05 ms, Total. 8.096 ms (0.1%)
[Performance] ArtifactBrowserPostProcessor.OnPostprocessAllAssets                                                                                          :        2 samples, Peak.   423 us (1.0x), Avg.   422 us, Total. 844.4 us (0.0%)
[Performance] AssetEvents.OnPostprocessAllAssets                                                                                                           :        4 samples, Peak.   180 us (1.7x), Avg.   109 us, Total. 434.8 us (0.0%)
[Performance] AudioContainerPostProcessor.OnPostprocessAllAssets                                                                                           :        2 samples, Peak.  58.5 us (1.0x), Avg.  56.5 us, Total. 112.9 us (0.0%)
[Performance] AudioMixerPostprocessor.OnPostprocessAllAssets                                                                                               :        2 samples, Peak.   215 us (1.0x), Avg.   213 us, Total. 426.5 us (0.0%)
[Performance] StyleCatalogPostProcessor.OnPostprocessAllAssets                                                                                             :        2 samples, Peak.  13.4 ms (1.0x), Avg.  13.4 ms, Total. 26.77 ms (0.2%)
[Performance] BuildCatalog                                                                                                                                 :        1 samples, Peak.  12.6 ms (1.0x), Avg.  12.6 ms, Total. 12.55 ms (0.1%)
[Performance] ModelImporterPostProcessor.OnPostprocessAllAssets                                                                                            :        2 samples, Peak.   956 us (1.0x), Avg.   954 us, Total. 1.909 ms (0.0%)
[Performance] AssetDatabaseProxy.OnPostprocessAllAssets                                                                                                    :        2 samples, Peak.   114 ms (1.0x), Avg.   114 ms, Total. 228.4 ms (1.7%)
[Performance] MaterialPostprocessor.OnPostprocessAllAssets                                                                                                 :        2 samples, Peak.   475 us (1.0x), Avg.   474 us, Total. 947.2 us (0.0%)
[Performance] RetainedModeAssetPostprocessor.OnPostprocessAllAssets                                                                                        :        2 samples, Peak.  2.05 ms (1.0x), Avg.  2.05 ms, Total. 4.107 ms (0.0%)
[Performance] AssetChangedListener.OnPostprocessAllAssets                                                                                                  :        2 samples, Peak.  1.01 ms (1.0x), Avg.  1.01 ms, Total. 2.021 ms (0.0%)
[Performance] PostProcessor.OnPostprocessAllAssets                                                                                                         :        2 samples, Peak.   182 us (1.0x), Avg.   180 us, Total. 360.2 us (0.0%)
[Performance] ShaderGraphAssetPostProcessor.OnPostprocessAllAssets                                                                                         :        2 samples, Peak.  1.28 ms (1.0x), Avg.  1.28 ms, Total. 2.568 ms (0.0%)
[Performance] SpeedTreePostProcessor.OnPostprocessAllAssets                                                                                                :        2 samples, Peak.   140 us (1.0x), Avg.   139 us, Total. 278.6 us (0.0%)
[Performance] TerrainToolbarOverlayPostProcessor.OnPostprocessAllAssets                                                                                    :        2 samples, Peak.   269 us (1.0x), Avg.   266 us, Total. 532.4 us (0.0%)
[Performance] TextAssetPostProcessor.OnPostprocessAllAssets                                                                                                :        2 samples, Peak.   242 us (1.0x), Avg.   241 us, Total. 482.2 us (0.0%)
[Performance] SpriteEditorTexturePostprocessor.OnPostprocessAllAssets                                                                                      :        2 samples, Peak.   401 us (1.0x), Avg.   400 us, Total. 799.9 us (0.0%)
[Performance] AssetCallbacks.OnPostprocessAllAssets                                                                                                        :        2 samples, Peak.  15.0 ms (1.0x), Avg.  15.0 ms, Total. 29.94 ms (0.2%)
[Performance] EnvironmentAssetPostprocessor.OnPostprocessAllAssets                                                                                         :        2 samples, Peak.   288 us (1.0x), Avg.   286 us, Total. 571.8 us (0.0%)
[Performance] InputActionAssetPostprocessor.OnPostprocessAllAssets                                                                                         :        2 samples, Peak.   251 us (1.0x), Avg.   250 us, Total. 500.0 us (0.0%)
[Performance] InputActionJsonNameModifierAssetProcessor.OnPostprocessAllAssets                                                                             :        2 samples, Peak.  40.8 us (1.0x), Avg.  39.8 us, Total. 79.58 us (0.0%)
[Performance] ProjectSettingsPostprocessor.OnPostprocessAllAssets                                                                                          :        2 samples, Peak.  80.1 us (1.0x), Avg.  79.1 us, Total. 158.2 us (0.0%)
[Performance] SyncVS.PostprocessSyncProject                                                                                                                :        1 samples, Peak.  8.15 ms (1.0x), Avg.  8.15 ms, Total. 8.153 ms (0.1%)
[Performance] Application.ImportPackagesAndSetTemplateWhenCreatingProject                                                                                  :        1 samples, Peak.  12.9 ms (1.0x), Avg.  12.9 ms, Total. 12.90 ms (0.1%)
[Performance] Application.SyncCurrentColorSpace                                                                                                            :        1 samples, Peak.  95.5 ms (1.0x), Avg.  95.5 ms, Total. 95.48 ms (0.7%)
[Performance] Application.OnUsbDevicesChanged                                                                                                              :        1 samples, Peak.  75.7 us (1.0x), Avg.  75.7 us, Total. 75.71 us (0.0%)
[Performance] Application.AssetInstanceCacheUpdate                                                                                                         :        1 samples, Peak.   250 ns (1.0x), Avg.   250 ns, Total. 250.0 ns (0.0%)
[Performance] Application.UnityExtensions.Initialize                                                                                                       :        1 samples, Peak.  14.4 ms (1.0x), Avg.  14.4 ms, Total. 14.37 ms (0.1%)
[Performance] CodeEditorProjectSync.SyncEditorProject                                                                                                      :        1 samples, Peak.   247 ms (1.0x), Avg.   247 ms, Total. 246.9 ms (1.8%)
[Performance] Application.ExecuteStartups                                                                                                                  :        1 samples, Peak.  22.2 ms (1.0x), Avg.  22.2 ms, Total. 22.23 ms (0.2%)
[Performance] Menu.RegisterMenuInterface                                                                                                                   :       26 samples, Peak.  2.23 ms (26.0x), Avg.  85.9 us, Total. 2.234 ms (0.0%)
[Performance] Gizmo.RebuildRenderers                                                                                                                       :        1 samples, Peak.  18.9 ms (1.0x), Avg.  18.9 ms, Total. 18.85 ms (0.1%)
[Performance] Gizmo.AddGizmoRenderers                                                                                                                      :      140 samples, Peak.  1.15 ms (57.4x), Avg.  20.0 us, Total. 2.799 ms (0.0%)
[Performance] Application.editorInitializingProject                                                                                                        :        1 samples, Peak.  12.9 ms (1.0x), Avg.  12.9 ms, Total. 12.94 ms (0.1%)
[Performance] Application.InitializeMenu                                                                                                                   :        1 samples, Peak.  50.1 ms (1.0x), Avg.  50.1 ms, Total. 50.12 ms (0.4%)
[Performance] Menu.RebuildAll                                                                                                                              :        1 samples, Peak.  50.1 ms (1.0x), Avg.  50.1 ms, Total. 50.11 ms (0.4%)
[Performance] Menu.BuildRegisteredMenuInterfaces                                                                                                           :        1 samples, Peak.  44.9 ms (1.0x), Avg.  44.9 ms, Total. 44.93 ms (0.3%)
[Performance] Menu.FilterMenuItem                                                                                                                          :     1041 samples, Peak.  12.6 ms (1015.4x), Avg.  12.4 us, Total. 12.88 ms (0.1%)
[Performance] UpdateAllMenus                                                                                                                               :        1 samples, Peak.   371 us (1.0x), Avg.   371 us, Total. 371.0 us (0.0%)
[Performance] EditorSceneManager.sceneClosing: UnityEditor.SceneVisibilityManager.EditorSceneManagerOnSceneClosing                                         :        1 samples, Peak.   176 us (1.0x), Avg.   176 us, Total. 175.8 us (0.0%)
[Performance] GUIView.RepaintAll.PlayerLoopController                                                                                                      :        1 samples, Peak.   791 ns (1.0x), Avg.   791 ns, Total. 791.0 ns (0.0%)
[Performance] EditorSceneManager.newSceneCreated: UnityEditor.SceneTemplate.SceneTemplateService.OnNewSceneCreated                                         :        1 samples, Peak.   169 us (1.0x), Avg.   169 us, Total. 169.2 us (0.0%)
[Performance] EditorSceneManager.newSceneCreated: UnityEditor.SceneVisibilityManager.EditorSceneManagerOnNewSceneCreated                                   :        1 samples, Peak.   267 us (1.0x), Avg.   267 us, Total. 266.9 us (0.0%)
[Performance] EditorSceneManager.newSceneCreated: UnityEditor.SceneManagement.StageNavigationManager.OnNewSceneCreated                                     :        1 samples, Peak.  42.3 us (1.0x), Avg.  42.3 us, Total. 42.29 us (0.0%)
[Performance] Application.InvokeFinishedLoadingProject                                                                                                     :        1 samples, Peak.  17.3 ms (1.0x), Avg.  17.3 ms, Total. 17.32 ms (0.1%)
[Performance] ProcessService.OnProjectLoaded                                                                                                               :        1 samples, Peak.  82.1 us (1.0x), Avg.  82.1 us, Total. 82.08 us (0.0%)
[Performance] EditorApplication.quitting: Unity.Burst.Editor.BurstLoader.OnEditorApplicationQuitting                                                       :        1 samples, Peak.  20.9 us (1.0x), Avg.  20.9 us, Total. 20.92 us (0.0%)
[Performance] EditorApplication.quitting: callback in TMPro.EditorEventCallbacks                                                                           :        1 samples, Peak.  35.4 ms (1.0x), Avg.  35.4 ms, Total. 35.38 ms (0.3%)
[Performance] EditorApplication.quitting: callback in UnityEditor.TextCore.Text.EditorEventCallbacks                                                       :        1 samples, Peak.  10.5 ms (1.0x), Avg.  10.5 ms, Total. 10.48 ms (0.1%)
[Performance] Application.Shutdown.PauseProfilerSession                                                                                                    :        1 samples, Peak.  37.4 us (1.0x), Avg.  37.4 us, Total. 37.42 us (0.0%)
[Performance] Application.Shutdown.PauseAssetImportWorkers                                                                                                 :        1 samples, Peak.  74.6 us (1.0x), Avg.  74.6 us, Total. 74.58 us (0.0%)
[Performance] Application.Shutdown.SaveAssets                                                                                                              :        1 samples, Peak.  4.48 ms (1.0x), Avg.  4.48 ms, Total. 4.477 ms (0.0%)
[Performance] StateMacroSavedEvent.OnWillSaveAssets                                                                                                        :        1 samples, Peak.   118 us (1.0x), Avg.   118 us, Total. 118.4 us (0.0%)
[Performance] FlowMacroSavedEvent.OnWillSaveAssets                                                                                                         :        1 samples, Peak.  85.6 us (1.0x), Avg.  85.6 us, Total. 85.63 us (0.0%)
[Performance] BuilderAssetModificationProcessor.OnWillSaveAssets                                                                                           :        1 samples, Peak.   241 us (1.0x), Avg.   241 us, Total. 241.2 us (0.0%)
[Performance] TerrainModificationProcessor.OnWillSaveAssets                                                                                                :        1 samples, Peak.   462 us (1.0x), Avg.   462 us, Total. 462.3 us (0.0%)
[Performance] AudioContainerModificationProcessor.OnWillSaveAssets                                                                                         :        1 samples, Peak.  41.7 us (1.0x), Avg.  41.7 us, Total. 41.71 us (0.0%)
[Performance] Application.Shutdown.CleanupRenderPipeline                                                                                                   :        1 samples, Peak.  3.29 us (1.0x), Avg.  3.29 us, Total. 3.291 us (0.0%)
[Performance] Application.Shutdown.StopPreloadManager                                                                                                      :        1 samples, Peak.  11.0 ms (1.0x), Avg.  11.0 ms, Total. 11.04 ms (0.1%)
[Performance] Application.Shutdown.DestroyWorld                                                                                                            :        1 samples, Peak.   347 us (1.0x), Avg.   347 us, Total. 347.1 us (0.0%)
[Performance] Application.Shutdown.CleanupAfterLoad                                                                                                        :        1 samples, Peak.   123 ms (1.0x), Avg.   123 ms, Total. 123.2 ms (0.9%)
[Performance] Application.Shutdown.Progress                                                                                                                :        1 samples, Peak.  5.00 us (1.0x), Avg.  5.00 us, Total. 5.000 us (0.0%)
[Performance] Application.Shutdown.GICleanupManagers                                                                                                       :        1 samples, Peak.   507 us (1.0x), Avg.   507 us, Total. 506.6 us (0.0%)
[Performance] Application.Shutdown.MenuCleanupClass                                                                                                        :        1 samples, Peak.   109 us (1.0x), Avg.   109 us, Total. 109.2 us (0.0%)
[Performance] Application.Shutdown.ADBSaveStateBeforeShutdown                                                                                              :        1 samples, Peak.  5.96 us (1.0x), Avg.  5.96 us, Total. 5.958 us (0.0%)
[Performance] Application.Shutdown.RemoteShutdown                                                                                                          :        1 samples, Peak.   750 ns (1.0x), Avg.   750 ns, Total. 750.0 ns (0.0%)
[Performance] Application.Shutdown.CleanupVCProvider                                                                                                       :        1 samples, Peak.  4.08 us (1.0x), Avg.  4.08 us, Total. 4.084 us (0.0%)
[Performance] Application.Shutdown.InputShutdown                                                                                                           :        1 samples, Peak.   116 us (1.0x), Avg.   116 us, Total. 116.3 us (0.0%)
[Performance] Application.Shutdown.GizmoManagerDestroy                                                                                                     :        1 samples, Peak.   572 us (1.0x), Avg.   572 us, Total. 572.3 us (0.0%)
[Performance] Application.Shutdown.ProfilerSession                                                                                                         :        1 samples, Peak.   128 us (1.0x), Avg.   128 us, Total. 128.1 us (0.0%)
[Performance] Application.Shutdown.ReleaseGfxWindowOnAllGUIViews                                                                                           :        1 samples, Peak.  3.62 us (1.0x), Avg.  3.62 us, Total. 3.625 us (0.0%)
[Performance] Application.Shutdown.CleanupEngine                                                                                                           :        1 samples, Peak.  87.3 ms (1.0x), Avg.  87.3 ms, Total. 87.28 ms (0.6%)
[Performance] Application.Shutdown.CleanupAssetDatabase                                                                                                    :        1 samples, Peak.  7.28 ms (1.0x), Avg.  7.28 ms, Total. 7.279 ms (0.1%)
[Performance] Application.Shutdown.ScriptCompilationCleanUp                                                                                                :        1 samples, Peak.  19.5 us (1.0x), Avg.  19.5 us, Total. 19.54 us (0.0%)
[Performance] Application.Shutdown.DestroyJobSystem                                                                                                        :        1 samples, Peak.   145 us (1.0x), Avg.   145 us, Total. 145.0 us (0.0%)
[Performance] Application.Shutdown.CleanupPersistentManager                                                                                                :        1 samples, Peak.  1.93 ms (1.0x), Avg.  1.93 ms, Total. 1.932 ms (0.0%)
[Performance] Application.Shutdown.CleanupAsyncReadManager                                                                                                 :        1 samples, Peak.   254 us (1.0x), Avg.   254 us, Total. 253.8 us (0.0%)
[Performance] Application.Shutdown.CleanupMono                                                                                                             :        1 samples, Peak.   116 ms (1.0x), Avg.   116 ms, Total. 116.4 ms (0.9%)
[Performance] Application.Shutdown.CleanupStdConverters                                                                                                    :        1 samples, Peak.  7.08 us (1.0x), Avg.  7.08 us, Total. 7.084 us (0.0%)
[Performance] Application.Shutdown.UnloadAllPlatformSupportModuleNativeDlls                                                                                :        1 samples, Peak.   416 ns (1.0x), Avg.   416 ns, Total. 416.0 ns (0.0%)
[Performance] Application.Shutdown.UnloadAllPlatformSupportNativeLibraries                                                                                 :        1 samples, Peak.  74.8 us (1.0x), Avg.  74.8 us, Total. 74.75 us (0.0%)
[Performance] Application.Shutdown.CleanupAutoDocumentation                                                                                                :        1 samples, Peak.   390 us (1.0x), Avg.   390 us, Total. 389.8 us (0.0%)
[Performance] Application.Shutdown.ShaderNameManagerDestroy                                                                                                :        1 samples, Peak.  27.6 us (1.0x), Avg.  27.6 us, Total. 27.58 us (0.0%)
[Performance] Application.Shutdown.CleanupCacheServer                                                                                                      :        1 samples, Peak.   250 ns (1.0x), Avg.   250 ns, Total. 250.0 ns (0.0%)
[Performance] Application.Shutdown.Virtualization_Shutdown                                                                                                 :        1 samples, Peak.   209 ns (1.0x), Avg.   209 ns, Total. 209.0 ns (0.0%)
[Performance] Application.Shutdown.DevConnections                                                                                                          :        1 samples, Peak.  57.5 us (1.0x), Avg.  57.5 us, Total. 57.50 us (0.0%)
Exiting batchmode successfully now!
[Package Manager] Server process was shutdown
