Unity Editor version:    2023.2.20f1 (0e25a174756c)
Branch:                  2023.2/staging
Build type:              Release
Batch mode:              YES
macOS version:           Version 14.3.1 (Build 23D60)
Darwin version:          23.3.0
Architecture:            arm64
Running under Rosetta:   NO
Available memory:        32768 MB
[Licensing::Module] Trying to connect to existing licensing client channel...
[Licensing::IpcConnector] Successfully connected to the License Client on channel: "LicenseClient-laurensart" at "2025-05-26T13:00:33.162873Z"
[Licensing::Client] Error: Code 10 while verifying Licensing Client signature (process Id: 1735, path: "/Applications/Unity Hub.app/Contents/Frameworks/UnityLicensingClient_V1.app/Contents/MacOS/Unity.Licensing.Client")
[Licensing::Module] Error: LicensingClient has failed validation; ignoring
[Licensing::Client] Handshaking with LicensingClient:
  Version:                 1.17.0+aa6cfba
  Session Id:              4b856280a9a14be7a9e1ae2a68f5a87c
  Correlation Id:          962b4cc1dd2994be94eea0e3b141aedd
  External correlation Id: 81853605636263834
  Machine Id:              i+EsiyelR1eysCG4hAJ1rEiNAbA=
[Licensing::Module] Successfully connected to LicensingClient on channel: "LicenseClient-laurensart" (connect: 0.00s, validation: 0.01s, handshake: 0.25s)
[Licensing::IpcConnector] Successfully connected to the License Notification on channel: "LicenseClient-laurensart-notifications" at "2025-05-26T13:00:33.425759Z"
[Licensing::Module] Error: Access token is unavailable; failed to update
[Licensing::Client] Successfully updated license
[Licensing::Client] Successfully resolved entitlements
[Licensing::Module] Serial number assigned to: "F4-BG5Z-DKDZ-KDBP-6XP9-XXXX"
Pro License: NO
Launching external process: /Applications/Unity/Hub/Editor/2023.2.20f1/Unity.app/Contents/Resources/PackageManager/Server/UnityPackageManager

COMMAND LINE ARGUMENTS:
/Applications/Unity/Hub/Editor/2023.2.20f1/Unity.app/Contents/MacOS/Unity
-projectPath
.
-batchmode
-quit
-executeMethod
BodyTracking.Editor.ARSceneFixer.FixARRemoteScene
-logFile
ar_scene_fix.log
Successfully changed project path to: /Users/laurensart/Desktop/TENDOR-climbing/TENDOR-climbing
/Users/laurensart/Desktop/TENDOR-climbing/TENDOR-climbing
[UnityMemory] Configuration Parameters - Can be set up in boot.config
    "memorysetup-bucket-allocator-granularity=16"
    "memorysetup-bucket-allocator-bucket-count=8"
    "memorysetup-bucket-allocator-block-size=33554432"
    "memorysetup-bucket-allocator-block-count=8"
    "memorysetup-main-allocator-block-size=16777216"
    "memorysetup-thread-allocator-block-size=16777216"
    "memorysetup-gfx-main-allocator-block-size=16777216"
    "memorysetup-gfx-thread-allocator-block-size=16777216"
    "memorysetup-cache-allocator-block-size=4194304"
    "memorysetup-typetree-allocator-block-size=2097152"
    "memorysetup-profiler-bucket-allocator-granularity=16"
    "memorysetup-profiler-bucket-allocator-bucket-count=8"
    "memorysetup-profiler-bucket-allocator-block-size=33554432"
    "memorysetup-profiler-bucket-allocator-block-count=8"
    "memorysetup-profiler-allocator-block-size=16777216"
    "memorysetup-profiler-editor-allocator-block-size=1048576"
    "memorysetup-temp-allocator-size-main=16777216"
    "memorysetup-job-temp-allocator-block-size=2097152"
    "memorysetup-job-temp-allocator-block-size-background=1048576"
    "memorysetup-job-temp-allocator-reduction-small-platforms=262144"
    "memorysetup-allocator-temp-initial-block-size-main=262144"
    "memorysetup-allocator-temp-initial-block-size-worker=262144"
    "memorysetup-temp-allocator-size-background-worker=32768"
    "memorysetup-temp-allocator-size-job-worker=262144"
    "memorysetup-temp-allocator-size-preload-manager=33554432"
    "memorysetup-temp-allocator-size-nav-mesh-worker=65536"
    "memorysetup-temp-allocator-size-audio-worker=65536"
    "memorysetup-temp-allocator-size-cloud-worker=32768"
    "memorysetup-temp-allocator-size-gi-baking-worker=262144"
    "memorysetup-temp-allocator-size-gi-baking-worker=262144"
    "memorysetup-temp-allocator-size-gi-baking-worker=262144"
    "memorysetup-temp-allocator-size-gi-baking-worker=262144"
    "memorysetup-temp-allocator-size-gfx=262144"
Player connection [8084331584] Host "[IP] 192.168.1.39 [Port] 55504 [Flags] 2 [Guid] 2321302899 [EditorId] 2321302899 [Version] 1048832 [Id] OSXEditor(0,Arts-MacBook.local) [Debug] 1 [PackageName] OSXEditor [ProjectName] Editor" joined multi-casting on [225.0.0.222:54997]...
Player connection [8084331584] Host "[IP] 192.168.1.39 [Port] 55504 [Flags] 2 [Guid] 2321302899 [EditorId] 2321302899 [Version] 1048832 [Id] OSXEditor(0,Arts-MacBook.local) [Debug] 1 [PackageName] OSXEditor [ProjectName] Editor" joined alternative multi-casting on [225.0.0.222:34997]...
[Physics::Module] Initialized MultithreadedJobDispatcher with 9 workers.
[Package Manager] Connected to IPC stream "Upm-22278" after 0.4 seconds.
Library Redirect Path: Library/
[Licensing::Client] Successfully resolved entitlements
[Package Manager] Restoring resolved packages state from cache
[Licensing::Client] Successfully resolved entitlement details
[Package Manager] Registered 59 packages:
  Packages from [https://packages.unity.com]:
    com.unity.ide.visualstudio@2.0.22 (location: /Users/laurensart/Desktop/TENDOR-climbing/TENDOR-climbing/Library/PackageCache/com.unity.ide.visualstudio@2.0.22)
    com.unity.inputsystem@1.11.2 (location: /Users/laurensart/Desktop/TENDOR-climbing/TENDOR-climbing/Library/PackageCache/com.unity.inputsystem@1.11.2)
    com.unity.mathematics@1.3.2 (location: /Users/laurensart/Desktop/TENDOR-climbing/TENDOR-climbing/Library/PackageCache/com.unity.mathematics@1.3.2)
    com.unity.timeline@1.8.7 (location: /Users/laurensart/Desktop/TENDOR-climbing/TENDOR-climbing/Library/PackageCache/com.unity.timeline@1.8.7)
    com.unity.visualscripting@1.8.0 (location: /Users/laurensart/Desktop/TENDOR-climbing/TENDOR-climbing/Library/PackageCache/com.unity.visualscripting@1.8.0)
    com.unity.xr.arkit@5.1.6 (location: /Users/laurensart/Desktop/TENDOR-climbing/TENDOR-climbing/Library/PackageCache/com.unity.xr.arkit@5.1.6)
    com.unity.xr.interaction.toolkit@3.0.7 (location: /Users/laurensart/Desktop/TENDOR-climbing/TENDOR-climbing/Library/PackageCache/com.unity.xr.interaction.toolkit@3.0.7)
    com.unity.xr.legacyinputhelpers@2.1.11 (location: /Users/laurensart/Desktop/TENDOR-climbing/TENDOR-climbing/Library/PackageCache/com.unity.xr.legacyinputhelpers@2.1.11)
    com.unity.xr.management@4.5.0 (location: /Users/laurensart/Desktop/TENDOR-climbing/TENDOR-climbing/Library/PackageCache/com.unity.xr.management@4.5.0)
    com.unity.xr.core-utils@2.3.0 (location: /Users/laurensart/Desktop/TENDOR-climbing/TENDOR-climbing/Library/PackageCache/com.unity.xr.core-utils@2.3.0)
    com.unity.xr.arfoundation@5.1.6 (location: /Users/laurensart/Desktop/TENDOR-climbing/TENDOR-climbing/Library/PackageCache/com.unity.xr.arfoundation@5.1.6)
    com.unity.editorcoroutines@1.0.0 (location: /Users/laurensart/Desktop/TENDOR-climbing/TENDOR-climbing/Library/PackageCache/com.unity.editorcoroutines@1.0.0)
    com.unity.searcher@4.9.2 (location: /Users/laurensart/Desktop/TENDOR-climbing/TENDOR-climbing/Library/PackageCache/com.unity.searcher@4.9.2)
    com.unity.test-framework@1.3.9 (location: /Users/laurensart/Desktop/TENDOR-climbing/TENDOR-climbing/Library/PackageCache/com.unity.test-framework@1.3.9)
    com.unity.ext.nunit@2.0.5 (location: /Users/laurensart/Desktop/TENDOR-climbing/TENDOR-climbing/Library/PackageCache/com.unity.ext.nunit@2.0.5)
    com.unity.collections@1.4.0 (location: /Users/laurensart/Desktop/TENDOR-climbing/TENDOR-climbing/Library/PackageCache/com.unity.collections@1.4.0)
    com.unity.burst@1.8.13 (location: /Users/laurensart/Desktop/TENDOR-climbing/TENDOR-climbing/Library/PackageCache/com.unity.burst@1.8.13)
    com.unity.nuget.mono-cecil@1.11.4 (location: /Users/laurensart/Desktop/TENDOR-climbing/TENDOR-climbing/Library/PackageCache/com.unity.nuget.mono-cecil@1.11.4)
  Built-in packages:
    com.unity.2d.sprite@1.0.0 (location: /Users/laurensart/Desktop/TENDOR-climbing/TENDOR-climbing/Library/PackageCache/com.unity.2d.sprite@1.0.0)
    com.unity.shadergraph@16.0.6 (location: /Users/laurensart/Desktop/TENDOR-climbing/TENDOR-climbing/Library/PackageCache/com.unity.shadergraph@16.0.6)
    com.unity.ugui@2.0.0 (location: /Users/laurensart/Desktop/TENDOR-climbing/TENDOR-climbing/Library/PackageCache/com.unity.ugui@2.0.0)
    com.unity.modules.accessibility@1.0.0 (location: /Users/laurensart/Desktop/TENDOR-climbing/TENDOR-climbing/Library/PackageCache/com.unity.modules.accessibility@1.0.0)
    com.unity.modules.ai@1.0.0 (location: /Users/laurensart/Desktop/TENDOR-climbing/TENDOR-climbing/Library/PackageCache/com.unity.modules.ai@1.0.0)
    com.unity.modules.androidjni@1.0.0 (location: /Users/laurensart/Desktop/TENDOR-climbing/TENDOR-climbing/Library/PackageCache/com.unity.modules.androidjni@1.0.0)
    com.unity.modules.animation@1.0.0 (location: /Users/laurensart/Desktop/TENDOR-climbing/TENDOR-climbing/Library/PackageCache/com.unity.modules.animation@1.0.0)
    com.unity.modules.assetbundle@1.0.0 (location: /Users/laurensart/Desktop/TENDOR-climbing/TENDOR-climbing/Library/PackageCache/com.unity.modules.assetbundle@1.0.0)
    com.unity.modules.audio@1.0.0 (location: /Users/laurensart/Desktop/TENDOR-climbing/TENDOR-climbing/Library/PackageCache/com.unity.modules.audio@1.0.0)
    com.unity.modules.cloth@1.0.0 (location: /Users/laurensart/Desktop/TENDOR-climbing/TENDOR-climbing/Library/PackageCache/com.unity.modules.cloth@1.0.0)
    com.unity.modules.director@1.0.0 (location: /Users/laurensart/Desktop/TENDOR-climbing/TENDOR-climbing/Library/PackageCache/com.unity.modules.director@1.0.0)
    com.unity.modules.imageconversion@1.0.0 (location: /Users/laurensart/Desktop/TENDOR-climbing/TENDOR-climbing/Library/PackageCache/com.unity.modules.imageconversion@1.0.0)
    com.unity.modules.imgui@1.0.0 (location: /Users/laurensart/Desktop/TENDOR-climbing/TENDOR-climbing/Library/PackageCache/com.unity.modules.imgui@1.0.0)
    com.unity.modules.jsonserialize@1.0.0 (location: /Users/laurensart/Desktop/TENDOR-climbing/TENDOR-climbing/Library/PackageCache/com.unity.modules.jsonserialize@1.0.0)
    com.unity.modules.particlesystem@1.0.0 (location: /Users/laurensart/Desktop/TENDOR-climbing/TENDOR-climbing/Library/PackageCache/com.unity.modules.particlesystem@1.0.0)
    com.unity.modules.physics@1.0.0 (location: /Users/laurensart/Desktop/TENDOR-climbing/TENDOR-climbing/Library/PackageCache/com.unity.modules.physics@1.0.0)
    com.unity.modules.physics2d@1.0.0 (location: /Users/laurensart/Desktop/TENDOR-climbing/TENDOR-climbing/Library/PackageCache/com.unity.modules.physics2d@1.0.0)
    com.unity.modules.screencapture@1.0.0 (location: /Users/laurensart/Desktop/TENDOR-climbing/TENDOR-climbing/Library/PackageCache/com.unity.modules.screencapture@1.0.0)
    com.unity.modules.terrain@1.0.0 (location: /Users/laurensart/Desktop/TENDOR-climbing/TENDOR-climbing/Library/PackageCache/com.unity.modules.terrain@1.0.0)
    com.unity.modules.terrainphysics@1.0.0 (location: /Users/laurensart/Desktop/TENDOR-climbing/TENDOR-climbing/Library/PackageCache/com.unity.modules.terrainphysics@1.0.0)
    com.unity.modules.tilemap@1.0.0 (location: /Users/laurensart/Desktop/TENDOR-climbing/TENDOR-climbing/Library/PackageCache/com.unity.modules.tilemap@1.0.0)
    com.unity.modules.ui@1.0.0 (location: /Users/laurensart/Desktop/TENDOR-climbing/TENDOR-climbing/Library/PackageCache/com.unity.modules.ui@1.0.0)
    com.unity.modules.uielements@1.0.0 (location: /Users/laurensart/Desktop/TENDOR-climbing/TENDOR-climbing/Library/PackageCache/com.unity.modules.uielements@1.0.0)
    com.unity.modules.umbra@1.0.0 (location: /Users/laurensart/Desktop/TENDOR-climbing/TENDOR-climbing/Library/PackageCache/com.unity.modules.umbra@1.0.0)
    com.unity.modules.unityanalytics@1.0.0 (location: /Users/laurensart/Desktop/TENDOR-climbing/TENDOR-climbing/Library/PackageCache/com.unity.modules.unityanalytics@1.0.0)
    com.unity.modules.unitywebrequest@1.0.0 (location: /Users/laurensart/Desktop/TENDOR-climbing/TENDOR-climbing/Library/PackageCache/com.unity.modules.unitywebrequest@1.0.0)
    com.unity.modules.unitywebrequestassetbundle@1.0.0 (location: /Users/laurensart/Desktop/TENDOR-climbing/TENDOR-climbing/Library/PackageCache/com.unity.modules.unitywebrequestassetbundle@1.0.0)
    com.unity.modules.unitywebrequestaudio@1.0.0 (location: /Users/laurensart/Desktop/TENDOR-climbing/TENDOR-climbing/Library/PackageCache/com.unity.modules.unitywebrequestaudio@1.0.0)
    com.unity.modules.unitywebrequesttexture@1.0.0 (location: /Users/laurensart/Desktop/TENDOR-climbing/TENDOR-climbing/Library/PackageCache/com.unity.modules.unitywebrequesttexture@1.0.0)
    com.unity.modules.unitywebrequestwww@1.0.0 (location: /Users/laurensart/Desktop/TENDOR-climbing/TENDOR-climbing/Library/PackageCache/com.unity.modules.unitywebrequestwww@1.0.0)
    com.unity.modules.vehicles@1.0.0 (location: /Users/laurensart/Desktop/TENDOR-climbing/TENDOR-climbing/Library/PackageCache/com.unity.modules.vehicles@1.0.0)
    com.unity.modules.video@1.0.0 (location: /Users/laurensart/Desktop/TENDOR-climbing/TENDOR-climbing/Library/PackageCache/com.unity.modules.video@1.0.0)
    com.unity.modules.vr@1.0.0 (location: /Users/laurensart/Desktop/TENDOR-climbing/TENDOR-climbing/Library/PackageCache/com.unity.modules.vr@1.0.0)
    com.unity.modules.wind@1.0.0 (location: /Users/laurensart/Desktop/TENDOR-climbing/TENDOR-climbing/Library/PackageCache/com.unity.modules.wind@1.0.0)
    com.unity.modules.xr@1.0.0 (location: /Users/laurensart/Desktop/TENDOR-climbing/TENDOR-climbing/Library/PackageCache/com.unity.modules.xr@1.0.0)
    com.unity.modules.subsystems@1.0.0 (location: /Users/laurensart/Desktop/TENDOR-climbing/TENDOR-climbing/Library/PackageCache/com.unity.modules.subsystems@1.0.0)
    com.unity.modules.hierarchycore@1.0.0 (location: /Users/laurensart/Desktop/TENDOR-climbing/TENDOR-climbing/Library/PackageCache/com.unity.modules.hierarchycore@1.0.0)
    com.unity.render-pipelines.core@16.0.6 (location: /Users/laurensart/Desktop/TENDOR-climbing/TENDOR-climbing/Library/PackageCache/com.unity.render-pipelines.core@16.0.6)
    com.unity.rendering.light-transport@1.0.2 (location: /Users/laurensart/Desktop/TENDOR-climbing/TENDOR-climbing/Library/PackageCache/com.unity.rendering.light-transport@1.0.2)
  Git packages:
    com.boxqkrtm.ide.cursor@https://github.com/boxqkrtm/com.unity.ide.cursor.git (location: /Users/laurensart/Desktop/TENDOR-climbing/TENDOR-climbing/Library/PackageCache/com.boxqkrtm.ide.cursor@38fecf55e4)
  Local Tarball packages:
    com.kyrylokuzyk.arfoundationremote@file:/Users/laurensart/Desktop/TENDOR-climbing/TENDOR-climbing/Assets/Plugins/ARFoundationRemoteInstaller/com.kyrylokuzyk.arfoundationremote.tgz (location: /Users/laurensart/Desktop/TENDOR-climbing/TENDOR-climbing/Library/PackageCache/com.kyrylokuzyk.arfoundationremote@b261627c706b)
[Subsystems] Looking for new subsystems at path /Users/laurensart/Desktop/TENDOR-climbing/TENDOR-climbing/Library/PackageCache/com.kyrylokuzyk.arfoundationremote@b261627c706b
[Subsystems] Novel subsystem found at Library/PackageCache/com.kyrylokuzyk.arfoundationremote@b261627c706b/Editor/UnitySubsystemsManifest.json
[Subsystems] Discovering subsystems at path /Applications/Unity/Hub/Editor/2023.2.20f1/Unity.app/Contents/Resources/UnitySubsystems
[Subsystems] Discovering subsystems at path /Users/laurensart/Desktop/TENDOR-climbing/TENDOR-climbing/Assets
[Subsystems] Discovering subsystems at path /Users/laurensart/Desktop/TENDOR-climbing/TENDOR-climbing/Library/PackageCache/com.kyrylokuzyk.arfoundationremote@b261627c706b
[Subsystems] No descriptors matched for  examples in Library/PackageCache/com.kyrylokuzyk.arfoundationremote@b261627c706b/Editor/UnitySubsystemsManifest.json.
[Subsystems] 1 'inputs' descriptors matched in Library/PackageCache/com.kyrylokuzyk.arfoundationremote@b261627c706b/Editor/UnitySubsystemsManifest.json
[Subsystems] No descriptors matched for  displays in Library/PackageCache/com.kyrylokuzyk.arfoundationremote@b261627c706b/Editor/UnitySubsystemsManifest.json.
[Subsystems] 1 'meshings' descriptors matched in Library/PackageCache/com.kyrylokuzyk.arfoundationremote@b261627c706b/Editor/UnitySubsystemsManifest.json
[Subsystems] Discovering subsystems at path /Users/laurensart/Desktop/TENDOR-climbing/TENDOR-climbing/Library/PackageCache/com.unity.xr.arfoundation@5.1.6
[Subsystems] No descriptors matched for  examples in Library/PackageCache/com.unity.xr.arfoundation@5.1.6/Runtime/UnitySubsystemsManifest.json.
[Subsystems] 1 'inputs' descriptors matched in Library/PackageCache/com.unity.xr.arfoundation@5.1.6/Runtime/UnitySubsystemsManifest.json
[Subsystems] No descriptors matched for  displays in Library/PackageCache/com.unity.xr.arfoundation@5.1.6/Runtime/UnitySubsystemsManifest.json.
[Subsystems] 1 'meshings' descriptors matched in Library/PackageCache/com.unity.xr.arfoundation@5.1.6/Runtime/UnitySubsystemsManifest.json
Package Manager log level set to [2]
[Package Manager] Done registering packages in 0.14 seconds
[Licensing::Client] Successfully resolved entitlements
Refreshing native plugins compatible for Editor in 1.92 ms, found 4 plugins.
Preloading 0 native plugins for Editor in 0.00 ms.
Initialize engine version: 2023.2.20f1 (0e25a174756c)
[Subsystems] Discovering subsystems at path /Applications/Unity/Hub/Editor/2023.2.20f1/Unity.app/Contents/Resources/UnitySubsystems
[Subsystems] Discovering subsystems at path /Users/laurensart/Desktop/TENDOR-climbing/TENDOR-climbing/Assets
[Subsystems] Discovering subsystems at path /Users/laurensart/Desktop/TENDOR-climbing/TENDOR-climbing/Library/PackageCache/com.kyrylokuzyk.arfoundationremote@b261627c706b
[Subsystems] No descriptors matched for  examples in Library/PackageCache/com.kyrylokuzyk.arfoundationremote@b261627c706b/Editor/UnitySubsystemsManifest.json.
[Subsystems] 1 'inputs' descriptors matched in Library/PackageCache/com.kyrylokuzyk.arfoundationremote@b261627c706b/Editor/UnitySubsystemsManifest.json
[Subsystems] No descriptors matched for  displays in Library/PackageCache/com.kyrylokuzyk.arfoundationremote@b261627c706b/Editor/UnitySubsystemsManifest.json.
[Subsystems] 1 'meshings' descriptors matched in Library/PackageCache/com.kyrylokuzyk.arfoundationremote@b261627c706b/Editor/UnitySubsystemsManifest.json
[Subsystems] Discovering subsystems at path /Users/laurensart/Desktop/TENDOR-climbing/TENDOR-climbing/Library/PackageCache/com.unity.xr.arfoundation@5.1.6
[Subsystems] No descriptors matched for  examples in Library/PackageCache/com.unity.xr.arfoundation@5.1.6/Runtime/UnitySubsystemsManifest.json.
[Subsystems] 1 'inputs' descriptors matched in Library/PackageCache/com.unity.xr.arfoundation@5.1.6/Runtime/UnitySubsystemsManifest.json
[Subsystems] No descriptors matched for  displays in Library/PackageCache/com.unity.xr.arfoundation@5.1.6/Runtime/UnitySubsystemsManifest.json.
[Subsystems] 1 'meshings' descriptors matched in Library/PackageCache/com.unity.xr.arfoundation@5.1.6/Runtime/UnitySubsystemsManifest.json
GfxDevice: creating device client; kGfxThreadingModeNonThreaded
 preferred device: Apple M1 Max (high power)
Metal devices available: 1
0: Apple M1 Max (high power)
Using device Apple M1 Max (high power)
Initializing Metal device caps: Apple M1 Max
[Licensing::Client] Successfully resolved entitlements
Initialize mono
Mono path[0] = '/Applications/Unity/Hub/Editor/2023.2.20f1/Unity.app/Contents/Managed'
Mono path[1] = '/Applications/Unity/Hub/Editor/2023.2.20f1/Unity.app/Contents/MonoBleedingEdge/lib/mono/unityjit-macos'
Mono config path = '/Applications/Unity/Hub/Editor/2023.2.20f1/Unity.app/Contents/MonoBleedingEdge/etc'
Using monoOptions --debugger-agent=transport=dt_socket,embedding=1,server=y,suspend=n,address=127.0.0.1:56278
Using cacheserver namespaces - metadata:defaultmetadata, artifacts:defaultartifacts
Using cacheserver namespaces - metadata:defaultmetadata, artifacts:defaultartifacts
ImportWorker Server TCP listen port: 0
AcceleratorClientConnectionCallback - disconnected - :0
Begin MonoManager ReloadAssembly
Registering precompiled unity dll's ...
Register platform support module: /Applications/Unity/Hub/Editor/2023.2.20f1/Unity.app/Contents/PlaybackEngines/MacStandaloneSupport/UnityEditor.OSXStandalone.Extensions.dll
Register platform support module: /Applications/Unity/Hub/Editor/2023.2.20f1/PlaybackEngines/iOSSupport/UnityEditor.iOS.Extensions.dll
Registered in 0.001032 seconds.
- Loaded All Assemblies, in  0.260 seconds
[usbmuxd] Start listen thread
[usbmuxd] Listen thread started
[usbmuxd] Send listen message
Native extension for iOS target not found
Native extension for OSXStandalone target not found
Mono: successfully reloaded assembly
- Finished resetting the current domain, in  0.284 seconds
Domain Reload Profiling: 545ms
	BeginReloadAssembly (51ms)
		ExecutionOrderSort (0ms)
		DisableScriptedObjects (0ms)
		BackupInstance (0ms)
		ReleaseScriptingObjects (0ms)
		CreateAndSetChildDomain (0ms)
	RebuildCommonClasses (30ms)
	RebuildNativeTypeToScriptingClass (11ms)
	initialDomainReloadingComplete (34ms)
	LoadAllAssembliesAndSetupDomain (134ms)
		LoadAssemblies (51ms)
		RebuildTransferFunctionScriptingTraits (0ms)
		AnalyzeDomain (132ms)
			TypeCache.Refresh (131ms)
				TypeCache.ScanAssembly (121ms)
			BuildScriptInfoCaches (0ms)
			ResolveRequiredComponents (0ms)
	FinalizeReload (284ms)
		ReleaseScriptCaches (0ms)
		RebuildScriptCaches (0ms)
		SetupLoadedEditorAssemblies (248ms)
			LogAssemblyErrors (0ms)
			InitializePlatformSupportModulesInManaged (79ms)
			SetLoadedEditorAssemblies (3ms)
			BeforeProcessingInitializeOnLoad (4ms)
			ProcessInitializeOnLoadAttributes (125ms)
			ProcessInitializeOnLoadMethodAttributes (37ms)
			AfterProcessingInitializeOnLoad (0ms)
			EditorAssembliesLoaded (0ms)
		ExecutionOrderSort2 (0ms)
		AwakeInstancesAfterBackupRestoration (0ms)
[Licensing::Client] Successfully resolved entitlements
[Licensing::Client] Successfully resolved entitlements
Application.AssetDatabase Initial Refresh Start
[ScriptCompilation] Requested script compilation because: Assetdatabase observed changes in script compilation related files
[40m[32minfo[39m[22m[49m: Microsoft.Hosting.Lifetime[14]
      Now listening on: http://unix:/tmp/ilpp.sock-a5c9e433fe8d22462ff3efcddd8f8c80
[40m[32minfo[39m[22m[49m: Microsoft.Hosting.Lifetime[0]
      Application started. Press Ctrl+C to shut down.
[40m[32minfo[39m[22m[49m: Microsoft.Hosting.Lifetime[0]
      Hosting environment: Production
[40m[32minfo[39m[22m[49m: Microsoft.Hosting.Lifetime[0]
      Content root path: /Users/laurensart/Desktop/TENDOR-climbing/TENDOR-climbing/
[40m[32minfo[39m[22m[49m: Microsoft.AspNetCore.Hosting.Diagnostics[1]
      Request starting HTTP/2 POST http://ilpp/UnityILPP.PostProcessing/Ping application/grpc -
[40m[32minfo[39m[22m[49m: Microsoft.AspNetCore.Routing.EndpointMiddleware[0]
      Executing endpoint 'gRPC - /UnityILPP.PostProcessing/Ping'
[40m[32minfo[39m[22m[49m: Microsoft.AspNetCore.Routing.EndpointMiddleware[1]
      Executed endpoint 'gRPC - /UnityILPP.PostProcessing/Ping'
[40m[32minfo[39m[22m[49m: Microsoft.AspNetCore.Hosting.Diagnostics[2]
      Request finished HTTP/2 POST http://ilpp/UnityILPP.PostProcessing/Ping application/grpc - - 200 - application/grpc 31.6762ms
Starting: /Applications/Unity/Hub/Editor/2023.2.20f1/Unity.app/Contents/bee_backend --dont-print-to-structured-log --ipc --defer-dag-verification --dagfile="Library/Bee/900b0aE.dag" --continue-on-failure --profile="Library/Bee/backend1.traceevents" ScriptAssemblies
WorkingDir: /Users/laurensart/Desktop/TENDOR-climbing/TENDOR-climbing
DisplayProgressbar: Compiling Scripts
Starting: /Applications/Unity/Hub/Editor/2023.2.20f1/Unity.app/Contents/Tools/netcorerun/netcorerun "/Applications/Unity/Hub/Editor/2023.2.20f1/Unity.app/Contents/Tools/BuildPipeline/ScriptCompilationBuildProgram.exe" "Library/Bee/900b0aE.dag.json" "Library/Bee/900b0aE-inputdata.json" "Library/Bee/buildprogram0.traceevents"
WorkingDir: /Users/laurensart/Desktop/TENDOR-climbing/TENDOR-climbing
ExitCode: 4 Duration: 0s114ms
Rebuilding DAG because FileSignature timestamp changed: Library/Bee/900b0aE-inputdata.json
*** Tundra requires additional run (0.10 seconds), 0 items updated, 513 evaluated
ExitCode: 0 Duration: 0s914ms
Starting: /Applications/Unity/Hub/Editor/2023.2.20f1/Unity.app/Contents/bee_backend --dont-print-to-structured-log --ipc --defer-dag-verification --dagfile="Library/Bee/900b0aE.dag" --continue-on-failure --dagfilejson="Library/Bee/900b0aE.dag.json" --profile="Library/Bee/backend2.traceevents" ScriptAssemblies
WorkingDir: /Users/laurensart/Desktop/TENDOR-climbing/TENDOR-climbing
[40m[32minfo[39m[22m[49m: Microsoft.AspNetCore.Hosting.Diagnostics[1]
      Request starting HTTP/2 POST http://ilpp/UnityILPP.PostProcessing/ConfigurePostProcessors application/grpc -
[40m[32minfo[39m[22m[49m: Microsoft.AspNetCore.Routing.EndpointMiddleware[0]
      Executing endpoint 'gRPC - /UnityILPP.PostProcessing/ConfigurePostProcessors'
[40m[1m[33mwarn[39m[22m[49m: Unity.ILPP.Runner.PostProcessingAssemblyLoadContext[0]
      Assembly unityeditor.ios.extensions.xcode has duplicate hint path. Ignoring "/Applications/Unity/Hub/Editor/2023.2.20f1/Unity.app/Contents/PlaybackEngines/MacStandaloneSupport/UnityEditor.iOS.Extensions.Xcode.dll" in favor of "/Applications/Unity/Hub/Editor/2023.2.20f1/PlaybackEngines/iOSSupport/UnityEditor.iOS.Extensions.Xcode.dll"
[40m[1m[33mwarn[39m[22m[49m: Unity.ILPP.Runner.PostProcessingAssemblyLoadContext[0]
      Assembly system.runtime.interopservices.windowsruntime has duplicate hint path. Ignoring "/Applications/Unity/Hub/Editor/2023.2.20f1/Unity.app/Contents/UnityReferenceAssemblies/unity-4.8-api/Facades/System.Runtime.InteropServices.WindowsRuntime.dll" in favor of "/Applications/Unity/Hub/Editor/2023.2.20f1/Unity.app/Contents/NetStandard/Extensions/2.0.0/System.Runtime.InteropServices.WindowsRuntime.dll"
[40m[1m[33mwarn[39m[22m[49m: Unity.ILPP.Runner.PostProcessingAssemblyLoadContext[0]
      Assembly system.componentmodel.composition has duplicate hint path. Ignoring "/Applications/Unity/Hub/Editor/2023.2.20f1/Unity.app/Contents/UnityReferenceAssemblies/unity-4.8-api/System.ComponentModel.Composition.dll" in favor of "/Applications/Unity/Hub/Editor/2023.2.20f1/Unity.app/Contents/NetStandard/compat/2.1.0/shims/netfx/System.ComponentModel.Composition.dll"
[40m[32minfo[39m[22m[49m: Unity.ILPP.Runner.PostProcessingAssemblyLoadContext[0]
      Resolved Unity.Burst.Cecil, Version=0.11.4.0, Culture=neutral, PublicKeyToken=50cebf1cceb9d05e with Library/PackageCache/com.unity.burst@1.8.13/Unity.Burst.CodeGen/Unity.Burst.Cecil.dll
[40m[32minfo[39m[22m[49m: Unity.ILPP.Runner.PostProcessingAssemblyLoadContext[0]
      Resolved Mono.Cecil, Version=0.11.4.0, Culture=neutral, PublicKeyToken=50cebf1cceb9d05e with Library/PackageCache/com.unity.nuget.mono-cecil@1.11.4/Mono.Cecil.dll
[40m[32minfo[39m[22m[49m: Microsoft.AspNetCore.Routing.EndpointMiddleware[1]
      Executed endpoint 'gRPC - /UnityILPP.PostProcessing/ConfigurePostProcessors'
[40m[32minfo[39m[22m[49m: Microsoft.AspNetCore.Hosting.Diagnostics[2]
      Request finished HTTP/2 POST http://ilpp/UnityILPP.PostProcessing/ConfigurePostProcessors application/grpc - - 200 - application/grpc 21.0545ms
[40m[32minfo[39m[22m[49m: Microsoft.AspNetCore.Hosting.Diagnostics[1]
      Request starting HTTP/2 POST http://ilpp/UnityILPP.PostProcessing/PostProcessAssembly application/grpc -
[40m[32minfo[39m[22m[49m: Microsoft.AspNetCore.Routing.EndpointMiddleware[0]
      Executing endpoint 'gRPC - /UnityILPP.PostProcessing/PostProcessAssembly'
[40m[32minfo[39m[22m[49m: Unity.ILPP.Runner.PostProcessingPipeline[0]
      Processing assembly Library/Bee/artifacts/900b0aE.dag/Assembly-CSharp-Editor.dll, with 126 defines and 325 references
[40m[32minfo[39m[22m[49m: Unity.ILPP.Runner.PostProcessingPipeline[0]
      processors: Unity.Jobs.CodeGen.JobsILPostProcessor, zzzUnity.Burst.CodeGen.BurstILPostProcessor
[40m[32minfo[39m[22m[49m: Unity.ILPP.Runner.PostProcessingPipeline[0]
      running Unity.Jobs.CodeGen.JobsILPostProcessor
[40m[32minfo[39m[22m[49m: Unity.ILPP.Runner.PostProcessingAssemblyLoadContext[0]
      Resolved Unity.Collections, Version=0.0.0.0, Culture=neutral, PublicKeyToken=null with Library/Bee/artifacts/900b0aE.dag/Unity.Collections.dll
[40m[32minfo[39m[22m[49m: Unity.ILPP.Runner.PostProcessingAssemblyLoadContext[0]
      Resolved UnityEditor.CoreModule, Version=0.0.0.0, Culture=neutral, PublicKeyToken=null with /Applications/Unity/Hub/Editor/2023.2.20f1/Unity.app/Contents/Managed/UnityEngine/UnityEditor.CoreModule.dll
[40m[32minfo[39m[22m[49m: Unity.ILPP.Runner.PostProcessingAssemblyLoadContext[0]
      Resolved UnityEngine.CoreModule, Version=0.0.0.0, Culture=neutral, PublicKeyToken=null with /Applications/Unity/Hub/Editor/2023.2.20f1/Unity.app/Contents/Managed/UnityEngine/UnityEngine.CoreModule.dll
[40m[32minfo[39m[22m[49m: Unity.ILPP.Runner.PostProcessingPipeline[0]
      running zzzUnity.Burst.CodeGen.BurstILPostProcessor
[40m[32minfo[39m[22m[49m: Unity.ILPP.Runner.PostProcessingAssemblyLoadContext[0]
      Resolved Unity.Burst.Cecil.Rocks, Version=0.11.4.0, Culture=neutral, PublicKeyToken=50cebf1cceb9d05e with Library/PackageCache/com.unity.burst@1.8.13/Unity.Burst.CodeGen/Unity.Burst.Cecil.Rocks.dll
[40m[32minfo[39m[22m[49m: Microsoft.AspNetCore.Routing.EndpointMiddleware[1]
      Executed endpoint 'gRPC - /UnityILPP.PostProcessing/PostProcessAssembly'
[40m[32minfo[39m[22m[49m: Microsoft.AspNetCore.Hosting.Diagnostics[2]
      Request finished HTTP/2 POST http://ilpp/UnityILPP.PostProcessing/PostProcessAssembly application/grpc - - 200 - application/grpc 269.0062ms
ExitCode: 0 Duration: 2s457ms
Finished compiling graph: 941 nodes, 18082 flattened edges (14336 ToBuild, 166 ToUse), maximum node priority 1079
[462/938    0s] WriteText Library/Bee/artifacts/900b0aE.dag/Assembly-CSharp-Editor.rsp
[702/938    0s] ILPP-Configuration Library/ilpp-configuration.nevergeneratedoutput
[934/938    1s] Csc Library/Bee/artifacts/900b0aE.dag/Assembly-CSharp-Editor.dll (+2 others)
Assets/Scripts/Editor/SceneValidationTool.cs(33,31): warning CS0618: 'ARSessionOrigin' is obsolete: 'ARSessionOrigin has been deprecated. Use XROrigin instead.'
Assets/Scripts/Editor/SystemValidator.cs(77,30): warning CS0618: 'Object.FindObjectOfType<T>()' is obsolete: 'Object.FindObjectOfType has been deprecated. Use Object.FindFirstObjectByType instead or if finding any instance is acceptable the faster Object.FindAnyObjectByType'
Assets/Scripts/Editor/SystemValidator.cs(113,39): warning CS0618: 'Object.FindObjectOfType<T>()' is obsolete: 'Object.FindObjectOfType has been deprecated. Use Object.FindFirstObjectByType instead or if finding any instance is acceptable the faster Object.FindAnyObjectByType'
Assets/Scripts/Editor/SceneValidationTool.cs(70,27): warning CS0618: 'Object.FindObjectOfType<T>()' is obsolete: 'Object.FindObjectOfType has been deprecated. Use Object.FindFirstObjectByType instead or if finding any instance is acceptable the faster Object.FindAnyObjectByType'
Assets/Scripts/Editor/SceneValidationTool.cs(91,22): warning CS0618: 'Object.FindObjectOfType<T>()' is obsolete: 'Object.FindObjectOfType has been deprecated. Use Object.FindFirstObjectByType instead or if finding any instance is acceptable the faster Object.FindAnyObjectByType'
Assets/Scripts/Editor/SceneValidationTool.cs(125,45): warning CS0618: 'ARSessionOrigin' is obsolete: 'ARSessionOrigin has been deprecated. Use XROrigin instead.'
Assets/Scripts/Editor/SceneValidationTool.cs(125,28): warning CS0618: 'Object.FindObjectOfType<T>()' is obsolete: 'Object.FindObjectOfType has been deprecated. Use Object.FindFirstObjectByType instead or if finding any instance is acceptable the faster Object.FindAnyObjectByType'
Assets/Scripts/Editor/SceneValidationTool.cs(146,17): warning CS0618: 'Object.FindObjectOfType<T>()' is obsolete: 'Object.FindObjectOfType has been deprecated. Use Object.FindFirstObjectByType instead or if finding any instance is acceptable the faster Object.FindAnyObjectByType'
Assets/Scripts/Editor/SceneValidationTool.cs(159,17): warning CS0618: 'Object.FindObjectOfType<T>()' is obsolete: 'Object.FindObjectOfType has been deprecated. Use Object.FindFirstObjectByType instead or if finding any instance is acceptable the faster Object.FindAnyObjectByType'
Assets/Scripts/Editor/SceneValidationTool.cs(175,45): warning CS0618: 'ARSessionOrigin' is obsolete: 'ARSessionOrigin has been deprecated. Use XROrigin instead.'
Assets/Scripts/Editor/SceneValidationTool.cs(175,28): warning CS0618: 'Object.FindObjectOfType<T>()' is obsolete: 'Object.FindObjectOfType has been deprecated. Use Object.FindFirstObjectByType instead or if finding any instance is acceptable the faster Object.FindAnyObjectByType'
Assets/Scripts/Editor/SystemValidator.cs(181,39): warning CS0618: 'Object.FindObjectOfType<T>()' is obsolete: 'Object.FindObjectOfType has been deprecated. Use Object.FindFirstObjectByType instead or if finding any instance is acceptable the faster Object.FindAnyObjectByType'
Assets/Scripts/Editor/SystemValidator.cs(223,30): warning CS0618: 'Object.FindObjectOfType<T>()' is obsolete: 'Object.FindObjectOfType has been deprecated. Use Object.FindFirstObjectByType instead or if finding any instance is acceptable the faster Object.FindAnyObjectByType'
Assets/Scripts/Editor/SystemValidator.cs(224,39): warning CS0618: 'Object.FindObjectOfType<T>()' is obsolete: 'Object.FindObjectOfType has been deprecated. Use Object.FindFirstObjectByType instead or if finding any instance is acceptable the faster Object.FindAnyObjectByType'
Assets/Scripts/Editor/SystemValidator.cs(285,39): warning CS0618: 'Object.FindObjectOfType<T>()' is obsolete: 'Object.FindObjectOfType has been deprecated. Use Object.FindFirstObjectByType instead or if finding any instance is acceptable the faster Object.FindAnyObjectByType'
[935/938    0s] ILPostProcess Library/Bee/artifacts/900b0aE.dag/post-processed/Assembly-CSharp-Editor.dll (+pdb)
Processing assembly Library/Bee/artifacts/900b0aE.dag/Assembly-CSharp-Editor.dll, with 126 defines and 325 references
processors: Unity.Jobs.CodeGen.JobsILPostProcessor, zzzUnity.Burst.CodeGen.BurstILPostProcessor
running Unity.Jobs.CodeGen.JobsILPostProcessor
running zzzUnity.Burst.CodeGen.BurstILPostProcessor
[936/938    0s] CopyFiles Library/ScriptAssemblies/Assembly-CSharp-Editor.pdb
[937/938    0s] CopyFiles Library/ScriptAssemblies/Assembly-CSharp-Editor.dll
*** Tundra build success (2.44 seconds), 6 items updated, 938 evaluated
Assets/Scripts/Editor/SceneValidationTool.cs(33,31): warning CS0618: 'ARSessionOrigin' is obsolete: 'ARSessionOrigin has been deprecated. Use XROrigin instead.'
Assets/Scripts/Editor/SystemValidator.cs(77,30): warning CS0618: 'Object.FindObjectOfType<T>()' is obsolete: 'Object.FindObjectOfType has been deprecated. Use Object.FindFirstObjectByType instead or if finding any instance is acceptable the faster Object.FindAnyObjectByType'
Assets/Scripts/Editor/SystemValidator.cs(113,39): warning CS0618: 'Object.FindObjectOfType<T>()' is obsolete: 'Object.FindObjectOfType has been deprecated. Use Object.FindFirstObjectByType instead or if finding any instance is acceptable the faster Object.FindAnyObjectByType'
Assets/Scripts/Editor/SceneValidationTool.cs(70,27): warning CS0618: 'Object.FindObjectOfType<T>()' is obsolete: 'Object.FindObjectOfType has been deprecated. Use Object.FindFirstObjectByType instead or if finding any instance is acceptable the faster Object.FindAnyObjectByType'
Assets/Scripts/Editor/SceneValidationTool.cs(91,22): warning CS0618: 'Object.FindObjectOfType<T>()' is obsolete: 'Object.FindObjectOfType has been deprecated. Use Object.FindFirstObjectByType instead or if finding any instance is acceptable the faster Object.FindAnyObjectByType'
Assets/Scripts/Editor/SceneValidationTool.cs(125,45): warning CS0618: 'ARSessionOrigin' is obsolete: 'ARSessionOrigin has been deprecated. Use XROrigin instead.'
Assets/Scripts/Editor/SceneValidationTool.cs(125,28): warning CS0618: 'Object.FindObjectOfType<T>()' is obsolete: 'Object.FindObjectOfType has been deprecated. Use Object.FindFirstObjectByType instead or if finding any instance is acceptable the faster Object.FindAnyObjectByType'
Assets/Scripts/Editor/SceneValidationTool.cs(146,17): warning CS0618: 'Object.FindObjectOfType<T>()' is obsolete: 'Object.FindObjectOfType has been deprecated. Use Object.FindFirstObjectByType instead or if finding any instance is acceptable the faster Object.FindAnyObjectByType'
Assets/Scripts/Editor/SceneValidationTool.cs(159,17): warning CS0618: 'Object.FindObjectOfType<T>()' is obsolete: 'Object.FindObjectOfType has been deprecated. Use Object.FindFirstObjectByType instead or if finding any instance is acceptable the faster Object.FindAnyObjectByType'
Assets/Scripts/Editor/SceneValidationTool.cs(175,45): warning CS0618: 'ARSessionOrigin' is obsolete: 'ARSessionOrigin has been deprecated. Use XROrigin instead.'
Assets/Scripts/Editor/SceneValidationTool.cs(175,28): warning CS0618: 'Object.FindObjectOfType<T>()' is obsolete: 'Object.FindObjectOfType has been deprecated. Use Object.FindFirstObjectByType instead or if finding any instance is acceptable the faster Object.FindAnyObjectByType'
Assets/Scripts/Editor/SystemValidator.cs(181,39): warning CS0618: 'Object.FindObjectOfType<T>()' is obsolete: 'Object.FindObjectOfType has been deprecated. Use Object.FindFirstObjectByType instead or if finding any instance is acceptable the faster Object.FindAnyObjectByType'
Assets/Scripts/Editor/SystemValidator.cs(223,30): warning CS0618: 'Object.FindObjectOfType<T>()' is obsolete: 'Object.FindObjectOfType has been deprecated. Use Object.FindFirstObjectByType instead or if finding any instance is acceptable the faster Object.FindAnyObjectByType'
Assets/Scripts/Editor/SystemValidator.cs(224,39): warning CS0618: 'Object.FindObjectOfType<T>()' is obsolete: 'Object.FindObjectOfType has been deprecated. Use Object.FindFirstObjectByType instead or if finding any instance is acceptable the faster Object.FindAnyObjectByType'
Assets/Scripts/Editor/SystemValidator.cs(285,39): warning CS0618: 'Object.FindObjectOfType<T>()' is obsolete: 'Object.FindObjectOfType has been deprecated. Use Object.FindFirstObjectByType instead or if finding any instance is acceptable the faster Object.FindAnyObjectByType'
AssetDatabase: script compilation time: 3.928461s
Total cache size 267412472
Total cache size after purge 267412472
Begin MonoManager ReloadAssembly
Symbol file LoadedFromMemory doesn't match image /Users/laurensart/Desktop/TENDOR-climbing/TENDOR-climbing/Library/PackageCache/com.unity.visualscripting@1.8.0/Editor/VisualScripting.Core/Dependencies/YamlDotNet/Unity.VisualScripting.YamlDotNet.dll
Symbol file LoadedFromMemory doesn't match image /Users/laurensart/Desktop/TENDOR-climbing/TENDOR-climbing/Library/PackageCache/com.unity.visualscripting@1.8.0/Editor/VisualScripting.Core/Dependencies/DotNetZip/Unity.VisualScripting.IonicZip.dll
- Loaded All Assemblies, in  0.673 seconds
Refreshing native plugins compatible for Editor in 1.62 ms, found 4 plugins.
Native extension for iOS target not found
Native extension for OSXStandalone target not found
Mono: successfully reloaded assembly
- Finished resetting the current domain, in  4.039 seconds
Domain Reload Profiling: 4712ms
	BeginReloadAssembly (339ms)
		ExecutionOrderSort (0ms)
		DisableScriptedObjects (7ms)
		BackupInstance (0ms)
		ReleaseScriptingObjects (0ms)
		CreateAndSetChildDomain (39ms)
	RebuildCommonClasses (31ms)
	RebuildNativeTypeToScriptingClass (12ms)
	initialDomainReloadingComplete (17ms)
	LoadAllAssembliesAndSetupDomain (274ms)
		LoadAssemblies (150ms)
		RebuildTransferFunctionScriptingTraits (0ms)
		AnalyzeDomain (165ms)
			TypeCache.Refresh (130ms)
				TypeCache.ScanAssembly (120ms)
			BuildScriptInfoCaches (24ms)
			ResolveRequiredComponents (9ms)
	FinalizeReload (4040ms)
		ReleaseScriptCaches (0ms)
		RebuildScriptCaches (0ms)
		SetupLoadedEditorAssemblies (3864ms)
			LogAssemblyErrors (0ms)
			InitializePlatformSupportModulesInManaged (17ms)
			SetLoadedEditorAssemblies (3ms)
			BeforeProcessingInitializeOnLoad (69ms)
			ProcessInitializeOnLoadAttributes (1737ms)
			ProcessInitializeOnLoadMethodAttributes (2036ms)
			AfterProcessingInitializeOnLoad (1ms)
			EditorAssembliesLoaded (0ms)
		ExecutionOrderSort2 (0ms)
		AwakeInstancesAfterBackupRestoration (6ms)
Refreshing native plugins compatible for Editor in 1.64 ms, found 4 plugins.
Preloading 0 native plugins for Editor in 0.00 ms.
Asset Pipeline Refresh (id=2c7b17821bbea4a07a5f3cd457178d2b): Total: 9.452 seconds - Initiated by InitialRefreshV2(ForceSynchronousImport)
	Summary:
		Imports: total=0 (actual=0, local cache=0, cache server=0)
		Asset DB Process Time: managed=0 ms, native=4525 ms
		Asset DB Callback time: managed=242 ms, native=5 ms
		Scripting: domain reloads=1, domain reload time=709 ms, compile time=3930 ms, other=37 ms
		Project Asset Count: scripts=1430, non-scripts=1612
		Asset File Changes: new=1, changed=1, moved=0, deleted=0
		Scan Filter Count: 1
	InvokeCustomDependenciesCallbacks: 0.000ms
	InvokePackagesCallback: 3.138ms
	ApplyChangesToAssetFolders: 0.208ms
	Scan: 232.288ms
	OnSourceAssetsModified: 0.440ms
	CategorizeAssetsWithTransientArtifact: 72.858ms
	ProcessAssetsWithTransientArtifactChanges: 54.112ms
	CategorizeAssets: 28.902ms
	ImportOutOfDateAssets: 4049.565ms (118.020ms without children)
		CompileScripts: 3929.886ms
		ReloadNativeAssets: 0.032ms
		UnloadImportedAssets: 0.836ms
		EnsureUptoDateAssetsAreRegisteredWithGuidPM: 0.549ms
		InitializingProgressBar: 0.000ms
		PostProcessAllAssetNotificationsAddChangedAssets: 0.000ms
		OnDemandSchedulerStart: 0.242ms
	PostProcessAllAssets: 242.384ms
	Hotreload: 4.637ms
	GatherAllCurrentPrimaryArtifactRevisions: 0.000ms
	UnloadStreamsBegin: 0.336ms
	PersistCurrentRevisions: 0.088ms
	UnloadStreamsEnd: 0.001ms
	GenerateScriptTypeHashes: 4.267ms
	Untracked: 4762.659ms

Application.AssetDatabase Initial Refresh End
Launching external process: /Applications/Unity/Hub/Editor/2023.2.20f1/Unity.app/Contents/Tools/UnityShaderCompiler
Launched and connected shader compiler UnityShaderCompiler after 0.06 seconds
Scanning for USB devices : 0.034ms
Initializing Unity extensions:
[Licensing::Client] Successfully resolved entitlements
New input system (experimental) initialized
[MODES] ModeService[none].Initialize
[MODES] ModeService[none].LoadModes
[MODES] Loading mode Default (0) for mode-current-id-TENDOR-climbing
2025-05-26 20:00:46.669 Unity[22278:1808356] NSEventModifierFlagFunction specified to -setKeyEquivalentModifierMask: for item <NSMenuItem: 0x2f766bbc0 SDF, ke='Command-F12'>, but is only supported for system-provided menu items; will not be used
Unloading 28 Unused Serialized files (Serialized files now loaded: 0)
Unloading 6383 unused Assets / (8.8 MB). Loaded Objects now: 6973.
Memory consumption went from 324.5 MB to 315.7 MB.
Total: 10.999458 ms (FindLiveObjects: 0.311667 ms CreateObjectMapping: 0.199250 ms MarkObjects: 5.554334 ms  DeleteObjects: 4.933166 ms)

2025-05-26 20:00:46.723 Unity[22278:1808356] NSEventModifierFlagFunction specified to -setKeyEquivalentModifierMask: for item <NSMenuItem: 0x2e9bc5100 SDF, ke='Command-F12'>, but is only supported for system-provided menu items; will not be used
=== FIXING AR REMOTE SCENE ===
UnityEngine.Debug:ExtractStackTraceNoAlloc (byte*,int,string)
UnityEngine.StackTraceUtility:ExtractStackTrace () (at /Users/bokken/build/output/unity/unity/Runtime/Export/Scripting/StackTrace.cs:37)
UnityEngine.DebugLogHandler:Internal_Log (UnityEngine.LogType,UnityEngine.LogOption,string,UnityEngine.Object)
UnityEngine.DebugLogHandler:LogFormat (UnityEngine.LogType,UnityEngine.Object,string,object[])
UnityEngine.Logger:Log (UnityEngine.LogType,object)
UnityEngine.Debug:Log (object)
BodyTracking.Editor.ARSceneFixer:FixARRemoteScene () (at Assets/Scripts/Editor/ARSceneFixer.cs:19)

(Filename: Assets/Scripts/Editor/ARSceneFixer.cs Line: 19)

--- Adding XR Origin ---
UnityEngine.Debug:ExtractStackTraceNoAlloc (byte*,int,string)
UnityEngine.StackTraceUtility:ExtractStackTrace () (at /Users/bokken/build/output/unity/unity/Runtime/Export/Scripting/StackTrace.cs:37)
UnityEngine.DebugLogHandler:Internal_Log (UnityEngine.LogType,UnityEngine.LogOption,string,UnityEngine.Object)
UnityEngine.DebugLogHandler:LogFormat (UnityEngine.LogType,UnityEngine.Object,string,object[])
UnityEngine.Logger:Log (UnityEngine.LogType,object)
UnityEngine.Debug:Log (object)
BodyTracking.Editor.ARSceneFixer:AddXROrigin () (at Assets/Scripts/Editor/ARSceneFixer.cs:43)
BodyTracking.Editor.ARSceneFixer:FixARRemoteScene () (at Assets/Scripts/Editor/ARSceneFixer.cs:22)

(Filename: Assets/Scripts/Editor/ARSceneFixer.cs Line: 43)

✅ Created XR Origin from prefab
UnityEngine.Debug:ExtractStackTraceNoAlloc (byte*,int,string)
UnityEngine.StackTraceUtility:ExtractStackTrace () (at /Users/bokken/build/output/unity/unity/Runtime/Export/Scripting/StackTrace.cs:37)
UnityEngine.DebugLogHandler:Internal_Log (UnityEngine.LogType,UnityEngine.LogOption,string,UnityEngine.Object)
UnityEngine.DebugLogHandler:LogFormat (UnityEngine.LogType,UnityEngine.Object,string,object[])
UnityEngine.Logger:Log (UnityEngine.LogType,object)
UnityEngine.Debug:Log (object)
BodyTracking.Editor.ARSceneFixer:AddXROrigin () (at Assets/Scripts/Editor/ARSceneFixer.cs:63)
BodyTracking.Editor.ARSceneFixer:FixARRemoteScene () (at Assets/Scripts/Editor/ARSceneFixer.cs:22)

(Filename: Assets/Scripts/Editor/ARSceneFixer.cs Line: 63)

--- Adding AR Components to XR Origin ---
UnityEngine.Debug:ExtractStackTraceNoAlloc (byte*,int,string)
UnityEngine.StackTraceUtility:ExtractStackTrace () (at /Users/bokken/build/output/unity/unity/Runtime/Export/Scripting/StackTrace.cs:37)
UnityEngine.DebugLogHandler:Internal_Log (UnityEngine.LogType,UnityEngine.LogOption,string,UnityEngine.Object)
UnityEngine.DebugLogHandler:LogFormat (UnityEngine.LogType,UnityEngine.Object,string,object[])
UnityEngine.Logger:Log (UnityEngine.LogType,object)
UnityEngine.Debug:Log (object)
BodyTracking.Editor.ARSceneFixer:AddARComponentsToXROrigin (Unity.XR.CoreUtils.XROrigin) (at Assets/Scripts/Editor/ARSceneFixer.cs:77)
BodyTracking.Editor.ARSceneFixer:AddXROrigin () (at Assets/Scripts/Editor/ARSceneFixer.cs:66)
BodyTracking.Editor.ARSceneFixer:FixARRemoteScene () (at Assets/Scripts/Editor/ARSceneFixer.cs:22)

(Filename: Assets/Scripts/Editor/ARSceneFixer.cs Line: 77)

✅ Added AR Human Body Manager
UnityEngine.Debug:ExtractStackTraceNoAlloc (byte*,int,string)
UnityEngine.StackTraceUtility:ExtractStackTrace () (at /Users/bokken/build/output/unity/unity/Runtime/Export/Scripting/StackTrace.cs:37)
UnityEngine.DebugLogHandler:Internal_Log (UnityEngine.LogType,UnityEngine.LogOption,string,UnityEngine.Object)
UnityEngine.DebugLogHandler:LogFormat (UnityEngine.LogType,UnityEngine.Object,string,object[])
UnityEngine.Logger:Log (UnityEngine.LogType,object)
UnityEngine.Debug:Log (object)
BodyTracking.Editor.ARSceneFixer:AddARComponentsToXROrigin (Unity.XR.CoreUtils.XROrigin) (at Assets/Scripts/Editor/ARSceneFixer.cs:85)
BodyTracking.Editor.ARSceneFixer:AddXROrigin () (at Assets/Scripts/Editor/ARSceneFixer.cs:66)
BodyTracking.Editor.ARSceneFixer:FixARRemoteScene () (at Assets/Scripts/Editor/ARSceneFixer.cs:22)

(Filename: Assets/Scripts/Editor/ARSceneFixer.cs Line: 85)

✅ Added AR Tracked Image Manager
UnityEngine.Debug:ExtractStackTraceNoAlloc (byte*,int,string)
UnityEngine.StackTraceUtility:ExtractStackTrace () (at /Users/bokken/build/output/unity/unity/Runtime/Export/Scripting/StackTrace.cs:37)
UnityEngine.DebugLogHandler:Internal_Log (UnityEngine.LogType,UnityEngine.LogOption,string,UnityEngine.Object)
UnityEngine.DebugLogHandler:LogFormat (UnityEngine.LogType,UnityEngine.Object,string,object[])
UnityEngine.Logger:Log (UnityEngine.LogType,object)
UnityEngine.Debug:Log (object)
BodyTracking.Editor.ARSceneFixer:AddARComponentsToXROrigin (Unity.XR.CoreUtils.XROrigin) (at Assets/Scripts/Editor/ARSceneFixer.cs:98)
BodyTracking.Editor.ARSceneFixer:AddXROrigin () (at Assets/Scripts/Editor/ARSceneFixer.cs:66)
BodyTracking.Editor.ARSceneFixer:FixARRemoteScene () (at Assets/Scripts/Editor/ARSceneFixer.cs:22)

(Filename: Assets/Scripts/Editor/ARSceneFixer.cs Line: 98)

--- Adding AR Session ---
UnityEngine.Debug:ExtractStackTraceNoAlloc (byte*,int,string)
UnityEngine.StackTraceUtility:ExtractStackTrace () (at /Users/bokken/build/output/unity/unity/Runtime/Export/Scripting/StackTrace.cs:37)
UnityEngine.DebugLogHandler:Internal_Log (UnityEngine.LogType,UnityEngine.LogOption,string,UnityEngine.Object)
UnityEngine.DebugLogHandler:LogFormat (UnityEngine.LogType,UnityEngine.Object,string,object[])
UnityEngine.Logger:Log (UnityEngine.LogType,object)
UnityEngine.Debug:Log (object)
BodyTracking.Editor.ARSceneFixer:AddARSession () (at Assets/Scripts/Editor/ARSceneFixer.cs:160)
BodyTracking.Editor.ARSceneFixer:FixARRemoteScene () (at Assets/Scripts/Editor/ARSceneFixer.cs:25)

(Filename: Assets/Scripts/Editor/ARSceneFixer.cs Line: 160)

✅ Created AR Session
UnityEngine.Debug:ExtractStackTraceNoAlloc (byte*,int,string)
UnityEngine.StackTraceUtility:ExtractStackTrace () (at /Users/bokken/build/output/unity/unity/Runtime/Export/Scripting/StackTrace.cs:37)
UnityEngine.DebugLogHandler:Internal_Log (UnityEngine.LogType,UnityEngine.LogOption,string,UnityEngine.Object)
UnityEngine.DebugLogHandler:LogFormat (UnityEngine.LogType,UnityEngine.Object,string,object[])
UnityEngine.Logger:Log (UnityEngine.LogType,object)
UnityEngine.Debug:Log (object)
BodyTracking.Editor.ARSceneFixer:AddARSession () (at Assets/Scripts/Editor/ARSceneFixer.cs:173)
BodyTracking.Editor.ARSceneFixer:FixARRemoteScene () (at Assets/Scripts/Editor/ARSceneFixer.cs:25)

(Filename: Assets/Scripts/Editor/ARSceneFixer.cs Line: 173)

--- Adding TENDOR Components ---
UnityEngine.Debug:ExtractStackTraceNoAlloc (byte*,int,string)
UnityEngine.StackTraceUtility:ExtractStackTrace () (at /Users/bokken/build/output/unity/unity/Runtime/Export/Scripting/StackTrace.cs:37)
UnityEngine.DebugLogHandler:Internal_Log (UnityEngine.LogType,UnityEngine.LogOption,string,UnityEngine.Object)
UnityEngine.DebugLogHandler:LogFormat (UnityEngine.LogType,UnityEngine.Object,string,object[])
UnityEngine.Logger:Log (UnityEngine.LogType,object)
UnityEngine.Debug:Log (object)
BodyTracking.Editor.ARSceneFixer:AddTENDORComponents () (at Assets/Scripts/Editor/ARSceneFixer.cs:178)
BodyTracking.Editor.ARSceneFixer:FixARRemoteScene () (at Assets/Scripts/Editor/ARSceneFixer.cs:28)

(Filename: Assets/Scripts/Editor/ARSceneFixer.cs Line: 178)

✅ Created BodyTrackingSystem GameObject
UnityEngine.Debug:ExtractStackTraceNoAlloc (byte*,int,string)
UnityEngine.StackTraceUtility:ExtractStackTrace () (at /Users/bokken/build/output/unity/unity/Runtime/Export/Scripting/StackTrace.cs:37)
UnityEngine.DebugLogHandler:Internal_Log (UnityEngine.LogType,UnityEngine.LogOption,string,UnityEngine.Object)
UnityEngine.DebugLogHandler:LogFormat (UnityEngine.LogType,UnityEngine.Object,string,object[])
UnityEngine.Logger:Log (UnityEngine.LogType,object)
UnityEngine.Debug:Log (object)
BodyTracking.Editor.ARSceneFixer:AddTENDORComponents () (at Assets/Scripts/Editor/ARSceneFixer.cs:185)
BodyTracking.Editor.ARSceneFixer:FixARRemoteScene () (at Assets/Scripts/Editor/ARSceneFixer.cs:28)

(Filename: Assets/Scripts/Editor/ARSceneFixer.cs Line: 185)

✅ Added BodyTrackingController
UnityEngine.Debug:ExtractStackTraceNoAlloc (byte*,int,string)
UnityEngine.StackTraceUtility:ExtractStackTrace () (at /Users/bokken/build/output/unity/unity/Runtime/Export/Scripting/StackTrace.cs:37)
UnityEngine.DebugLogHandler:Internal_Log (UnityEngine.LogType,UnityEngine.LogOption,string,UnityEngine.Object)
UnityEngine.DebugLogHandler:LogFormat (UnityEngine.LogType,UnityEngine.Object,string,object[])
UnityEngine.Logger:Log (UnityEngine.LogType,object)
UnityEngine.Debug:Log (object)
BodyTracking.Editor.ARSceneFixer:AddTENDORComponents () (at Assets/Scripts/Editor/ARSceneFixer.cs:193)
BodyTracking.Editor.ARSceneFixer:FixARRemoteScene () (at Assets/Scripts/Editor/ARSceneFixer.cs:28)

(Filename: Assets/Scripts/Editor/ARSceneFixer.cs Line: 193)

✅ Connected ARImageTargetManager to ARTrackedImageManager
UnityEngine.Debug:ExtractStackTraceNoAlloc (byte*,int,string)
UnityEngine.StackTraceUtility:ExtractStackTrace () (at /Users/bokken/build/output/unity/unity/Runtime/Export/Scripting/StackTrace.cs:37)
UnityEngine.DebugLogHandler:Internal_Log (UnityEngine.LogType,UnityEngine.LogOption,string,UnityEngine.Object)
UnityEngine.DebugLogHandler:LogFormat (UnityEngine.LogType,UnityEngine.Object,string,object[])
UnityEngine.Logger:Log (UnityEngine.LogType,object)
UnityEngine.Debug:Log (object)
BodyTracking.Editor.ARSceneFixer:AddTENDORComponents () (at Assets/Scripts/Editor/ARSceneFixer.cs:210)
BodyTracking.Editor.ARSceneFixer:FixARRemoteScene () (at Assets/Scripts/Editor/ARSceneFixer.cs:28)

(Filename: Assets/Scripts/Editor/ARSceneFixer.cs Line: 210)

✅ Added ARImageTargetManager
UnityEngine.Debug:ExtractStackTraceNoAlloc (byte*,int,string)
UnityEngine.StackTraceUtility:ExtractStackTrace () (at /Users/bokken/build/output/unity/unity/Runtime/Export/Scripting/StackTrace.cs:37)
UnityEngine.DebugLogHandler:Internal_Log (UnityEngine.LogType,UnityEngine.LogOption,string,UnityEngine.Object)
UnityEngine.DebugLogHandler:LogFormat (UnityEngine.LogType,UnityEngine.Object,string,object[])
UnityEngine.Logger:Log (UnityEngine.LogType,object)
UnityEngine.Debug:Log (object)
BodyTracking.Editor.ARSceneFixer:AddTENDORComponents () (at Assets/Scripts/Editor/ARSceneFixer.cs:214)
BodyTracking.Editor.ARSceneFixer:FixARRemoteScene () (at Assets/Scripts/Editor/ARSceneFixer.cs:28)

(Filename: Assets/Scripts/Editor/ARSceneFixer.cs Line: 214)

✅ Added BodyTrackingRecorder
UnityEngine.Debug:ExtractStackTraceNoAlloc (byte*,int,string)
UnityEngine.StackTraceUtility:ExtractStackTrace () (at /Users/bokken/build/output/unity/unity/Runtime/Export/Scripting/StackTrace.cs:37)
UnityEngine.DebugLogHandler:Internal_Log (UnityEngine.LogType,UnityEngine.LogOption,string,UnityEngine.Object)
UnityEngine.DebugLogHandler:LogFormat (UnityEngine.LogType,UnityEngine.Object,string,object[])
UnityEngine.Logger:Log (UnityEngine.LogType,object)
UnityEngine.Debug:Log (object)
BodyTracking.Editor.ARSceneFixer:AddTENDORComponents () (at Assets/Scripts/Editor/ARSceneFixer.cs:222)
BodyTracking.Editor.ARSceneFixer:FixARRemoteScene () (at Assets/Scripts/Editor/ARSceneFixer.cs:28)

(Filename: Assets/Scripts/Editor/ARSceneFixer.cs Line: 222)

✅ Added BodyTrackingPlayer
UnityEngine.Debug:ExtractStackTraceNoAlloc (byte*,int,string)
UnityEngine.StackTraceUtility:ExtractStackTrace () (at /Users/bokken/build/output/unity/unity/Runtime/Export/Scripting/StackTrace.cs:37)
UnityEngine.DebugLogHandler:Internal_Log (UnityEngine.LogType,UnityEngine.LogOption,string,UnityEngine.Object)
UnityEngine.DebugLogHandler:LogFormat (UnityEngine.LogType,UnityEngine.Object,string,object[])
UnityEngine.Logger:Log (UnityEngine.LogType,object)
UnityEngine.Debug:Log (object)
BodyTracking.Editor.ARSceneFixer:AddTENDORComponents () (at Assets/Scripts/Editor/ARSceneFixer.cs:229)
BodyTracking.Editor.ARSceneFixer:FixARRemoteScene () (at Assets/Scripts/Editor/ARSceneFixer.cs:28)

(Filename: Assets/Scripts/Editor/ARSceneFixer.cs Line: 229)

--- Connecting TENDOR References ---
UnityEngine.Debug:ExtractStackTraceNoAlloc (byte*,int,string)
UnityEngine.StackTraceUtility:ExtractStackTrace () (at /Users/bokken/build/output/unity/unity/Runtime/Export/Scripting/StackTrace.cs:37)
UnityEngine.DebugLogHandler:Internal_Log (UnityEngine.LogType,UnityEngine.LogOption,string,UnityEngine.Object)
UnityEngine.DebugLogHandler:LogFormat (UnityEngine.LogType,UnityEngine.Object,string,object[])
UnityEngine.Logger:Log (UnityEngine.LogType,object)
UnityEngine.Debug:Log (object)
BodyTracking.Editor.ARSceneFixer:ConnectTENDORReferences (BodyTracking.BodyTrackingController,BodyTracking.AR.ARImageTargetManager,BodyTracking.Recording.BodyTrackingRecorder,BodyTracking.Playback.BodyTrackingPlayer) (at Assets/Scripts/Editor/ARSceneFixer.cs:239)
BodyTracking.Editor.ARSceneFixer:AddTENDORComponents () (at Assets/Scripts/Editor/ARSceneFixer.cs:233)
BodyTracking.Editor.ARSceneFixer:FixARRemoteScene () (at Assets/Scripts/Editor/ARSceneFixer.cs:28)

(Filename: Assets/Scripts/Editor/ARSceneFixer.cs Line: 239)

--- Adding Quality Optimizer ---
UnityEngine.Debug:ExtractStackTraceNoAlloc (byte*,int,string)
UnityEngine.StackTraceUtility:ExtractStackTrace () (at /Users/bokken/build/output/unity/unity/Runtime/Export/Scripting/StackTrace.cs:37)
UnityEngine.DebugLogHandler:Internal_Log (UnityEngine.LogType,UnityEngine.LogOption,string,UnityEngine.Object)
UnityEngine.DebugLogHandler:LogFormat (UnityEngine.LogType,UnityEngine.Object,string,object[])
UnityEngine.Logger:Log (UnityEngine.LogType,object)
UnityEngine.Debug:Log (object)
BodyTracking.Editor.ARSceneFixer:AddQualityOptimizer () (at Assets/Scripts/Editor/ARSceneFixer.cs:274)
BodyTracking.Editor.ARSceneFixer:FixARRemoteScene () (at Assets/Scripts/Editor/ARSceneFixer.cs:31)

(Filename: Assets/Scripts/Editor/ARSceneFixer.cs Line: 274)

[QualityOptimizer] Applying quality optimizations...
UnityEngine.Debug:ExtractStackTraceNoAlloc (byte*,int,string)
UnityEngine.StackTraceUtility:ExtractStackTrace () (at /Users/bokken/build/output/unity/unity/Runtime/Export/Scripting/StackTrace.cs:37)
UnityEngine.DebugLogHandler:Internal_Log (UnityEngine.LogType,UnityEngine.LogOption,string,UnityEngine.Object)
UnityEngine.DebugLogHandler:LogFormat (UnityEngine.LogType,UnityEngine.Object,string,object[])
UnityEngine.Logger:Log (UnityEngine.LogType,object)
UnityEngine.Debug:Log (object)
BodyTracking.Utils.QualityOptimizer:ApplyOptimizations () (at Assets/Scripts/Utils/QualityOptimizer.cs:34)
BodyTracking.Editor.ARSceneFixer:AddQualityOptimizer () (at Assets/Scripts/Editor/ARSceneFixer.cs:287)
BodyTracking.Editor.ARSceneFixer:FixARRemoteScene () (at Assets/Scripts/Editor/ARSceneFixer.cs:31)

(Filename: Assets/Scripts/Utils/QualityOptimizer.cs Line: 34)

[QualityOptimizer] Applying AR Remote optimizations...
UnityEngine.Debug:ExtractStackTraceNoAlloc (byte*,int,string)
UnityEngine.StackTraceUtility:ExtractStackTrace () (at /Users/bokken/build/output/unity/unity/Runtime/Export/Scripting/StackTrace.cs:37)
UnityEngine.DebugLogHandler:Internal_Log (UnityEngine.LogType,UnityEngine.LogOption,string,UnityEngine.Object)
UnityEngine.DebugLogHandler:LogFormat (UnityEngine.LogType,UnityEngine.Object,string,object[])
UnityEngine.Logger:Log (UnityEngine.LogType,object)
UnityEngine.Debug:Log (object)
BodyTracking.Utils.QualityOptimizer:ApplyARRemoteOptimizations () (at Assets/Scripts/Utils/QualityOptimizer.cs:68)
BodyTracking.Utils.QualityOptimizer:ApplyOptimizations () (at Assets/Scripts/Utils/QualityOptimizer.cs:54)
BodyTracking.Editor.ARSceneFixer:AddQualityOptimizer () (at Assets/Scripts/Editor/ARSceneFixer.cs:287)
BodyTracking.Editor.ARSceneFixer:FixARRemoteScene () (at Assets/Scripts/Editor/ARSceneFixer.cs:31)

(Filename: Assets/Scripts/Utils/QualityOptimizer.cs Line: 68)

[QualityOptimizer] Applying device optimizations...
UnityEngine.Debug:ExtractStackTraceNoAlloc (byte*,int,string)
UnityEngine.StackTraceUtility:ExtractStackTrace () (at /Users/bokken/build/output/unity/unity/Runtime/Export/Scripting/StackTrace.cs:37)
UnityEngine.DebugLogHandler:Internal_Log (UnityEngine.LogType,UnityEngine.LogOption,string,UnityEngine.Object)
UnityEngine.DebugLogHandler:LogFormat (UnityEngine.LogType,UnityEngine.Object,string,object[])
UnityEngine.Logger:Log (UnityEngine.LogType,object)
UnityEngine.Debug:Log (object)
BodyTracking.Utils.QualityOptimizer:ApplyDeviceOptimizations () (at Assets/Scripts/Utils/QualityOptimizer.cs:85)
BodyTracking.Utils.QualityOptimizer:ApplyOptimizations () (at Assets/Scripts/Utils/QualityOptimizer.cs:60)
BodyTracking.Editor.ARSceneFixer:AddQualityOptimizer () (at Assets/Scripts/Editor/ARSceneFixer.cs:287)
BodyTracking.Editor.ARSceneFixer:FixARRemoteScene () (at Assets/Scripts/Editor/ARSceneFixer.cs:31)

(Filename: Assets/Scripts/Utils/QualityOptimizer.cs Line: 85)

[QualityOptimizer] Quality optimizations applied
UnityEngine.Debug:ExtractStackTraceNoAlloc (byte*,int,string)
UnityEngine.StackTraceUtility:ExtractStackTrace () (at /Users/bokken/build/output/unity/unity/Runtime/Export/Scripting/StackTrace.cs:37)
UnityEngine.DebugLogHandler:Internal_Log (UnityEngine.LogType,UnityEngine.LogOption,string,UnityEngine.Object)
UnityEngine.DebugLogHandler:LogFormat (UnityEngine.LogType,UnityEngine.Object,string,object[])
UnityEngine.Logger:Log (UnityEngine.LogType,object)
UnityEngine.Debug:Log (object)
BodyTracking.Utils.QualityOptimizer:ApplyOptimizations () (at Assets/Scripts/Utils/QualityOptimizer.cs:63)
BodyTracking.Editor.ARSceneFixer:AddQualityOptimizer () (at Assets/Scripts/Editor/ARSceneFixer.cs:287)
BodyTracking.Editor.ARSceneFixer:FixARRemoteScene () (at Assets/Scripts/Editor/ARSceneFixer.cs:31)

(Filename: Assets/Scripts/Utils/QualityOptimizer.cs Line: 63)

✅ Added Quality Optimizer and applied AR Remote optimizations
UnityEngine.Debug:ExtractStackTraceNoAlloc (byte*,int,string)
UnityEngine.StackTraceUtility:ExtractStackTrace () (at /Users/bokken/build/output/unity/unity/Runtime/Export/Scripting/StackTrace.cs:37)
UnityEngine.DebugLogHandler:Internal_Log (UnityEngine.LogType,UnityEngine.LogOption,string,UnityEngine.Object)
UnityEngine.DebugLogHandler:LogFormat (UnityEngine.LogType,UnityEngine.Object,string,object[])
UnityEngine.Logger:Log (UnityEngine.LogType,object)
UnityEngine.Debug:Log (object)
BodyTracking.Editor.ARSceneFixer:AddQualityOptimizer () (at Assets/Scripts/Editor/ARSceneFixer.cs:289)
BodyTracking.Editor.ARSceneFixer:FixARRemoteScene () (at Assets/Scripts/Editor/ARSceneFixer.cs:31)

(Filename: Assets/Scripts/Editor/ARSceneFixer.cs Line: 289)

=== AR REMOTE SCENE FIXING COMPLETE ===
UnityEngine.Debug:ExtractStackTraceNoAlloc (byte*,int,string)
UnityEngine.StackTraceUtility:ExtractStackTrace () (at /Users/bokken/build/output/unity/unity/Runtime/Export/Scripting/StackTrace.cs:37)
UnityEngine.DebugLogHandler:Internal_Log (UnityEngine.LogType,UnityEngine.LogOption,string,UnityEngine.Object)
UnityEngine.DebugLogHandler:LogFormat (UnityEngine.LogType,UnityEngine.Object,string,object[])
UnityEngine.Logger:Log (UnityEngine.LogType,object)
UnityEngine.Debug:Log (object)
BodyTracking.Editor.ARSceneFixer:FixARRemoteScene () (at Assets/Scripts/Editor/ARSceneFixer.cs:37)

(Filename: Assets/Scripts/Editor/ARSceneFixer.cs Line: 37)

Scene has been set up for AR Remote! Save the scene to persist changes.
UnityEngine.Debug:ExtractStackTraceNoAlloc (byte*,int,string)
UnityEngine.StackTraceUtility:ExtractStackTrace () (at /Users/bokken/build/output/unity/unity/Runtime/Export/Scripting/StackTrace.cs:37)
UnityEngine.DebugLogHandler:Internal_Log (UnityEngine.LogType,UnityEngine.LogOption,string,UnityEngine.Object)
UnityEngine.DebugLogHandler:LogFormat (UnityEngine.LogType,UnityEngine.Object,string,object[])
UnityEngine.Logger:Log (UnityEngine.LogType,object)
UnityEngine.Debug:Log (object)
BodyTracking.Editor.ARSceneFixer:FixARRemoteScene () (at Assets/Scripts/Editor/ARSceneFixer.cs:38)

(Filename: Assets/Scripts/Editor/ARSceneFixer.cs Line: 38)

Batchmode quit successfully invoked - shutting down!
Curl error 42: Callback aborted
Start importing ProjectSettings/QualitySettings.asset using Guid(00000000000000009000000000000000) (LibraryAssetImporter) -> (artifact id: '811d8f806bc9ea320da9a2ee3969e744') in 0.004654708 seconds
Refreshing native plugins compatible for Editor in 1.66 ms, found 4 plugins.
Preloading 0 native plugins for Editor in 0.00 ms.
Asset Pipeline Refresh (id=4c1b2dc1a2a8e4efcab812bbd0bf76d4): Total: 0.026 seconds - Initiated by StopAssetImportingV2(NoUpdateAssetOptions)
Thread 0x2f7b13000 may have been prematurely finalized
[Licensing::IpcConnector] License Notification channel disconnected successfully.
[Licensing::IpcConnector] License Client channel disconnected successfully.
Thread 0x178913000 may have been prematurely finalized
Thread 0x17899f000 may have been prematurely finalized
AcceleratorClientConnectionCallback - disconnected - :0
[40m[32minfo[39m[22m[49m: Microsoft.Hosting.Lifetime[0]
      Application is shutting down...
Cleanup mono
[40m[32minfo[39m[22m[49m: Unity.ILPP.Runner.PostProcessingAssemblyLoadContext[0]
      ALC ILPP context 1 is unloading
debugger-agent: Unable to listen on 47
[usbmuxd] Stop listen thread
[usbmuxd] Error: 
[usbmuxd] Listen thread exiting
[Performance] Application.InitializeProject                                                                                                                :        1 samples, Peak.  11.1 s (1.0x), Avg.  11.1 s, Total. 11.08 s (78.6%)
[Performance] Application.PackageManager.StartServer                                                                                                       :        1 samples, Peak.  1.56 ms (1.0x), Avg.  1.56 ms, Total. 1.564 ms (0.0%)
[Performance] Application.AcquireProjectLock                                                                                                               :        1 samples, Peak.   691 us (1.0x), Avg.   691 us, Total. 691.0 us (0.0%)
[Performance] Application.InitializeEngineNoGraphics                                                                                                       :        1 samples, Peak.  32.0 ms (1.0x), Avg.  32.0 ms, Total. 32.04 ms (0.2%)
[Performance] Application.PackageManager.Initialize                                                                                                        :        1 samples, Peak.   430 ms (1.0x), Avg.   430 ms, Total. 430.2 ms (3.1%)
[Performance] Connecting to Package Manager                                                                                                                :       44 samples, Peak.  56.6 us (24.1x), Avg.  2.35 us, Total. 103.5 us (0.0%)
[Performance] Application.EngineGraphics.Initialize                                                                                                        :        1 samples, Peak.  42.0 ms (1.0x), Avg.  42.0 ms, Total. 42.05 ms (0.3%)
[Performance] Application.GI.Initialize                                                                                                                    :        1 samples, Peak.   696 us (1.0x), Avg.   696 us, Total. 695.8 us (0.0%)
[Performance] Application.LoadAllDefaultResourcesFromEditor                                                                                                :        1 samples, Peak.  1.13 ms (1.0x), Avg.  1.13 ms, Total. 1.133 ms (0.0%)
[Performance] Application.LoadMonoAssemblies                                                                                                               :        1 samples, Peak.   548 ms (1.0x), Avg.   548 ms, Total. 548.1 ms (3.9%)
[Performance] RestoreManagedReferences                                                                                                                     :        2 samples, Peak.  42.1 ms (2.0x), Avg.  21.1 ms, Total. 42.11 ms (0.3%)
[Performance] AssemblyReloadEvents.afterAssemblyReload: UnityEditor.SceneTemplate.SceneTemplateService.AfterAssemblyReload                                 :        2 samples, Peak.  2.50 ms (1.7x), Avg.  1.45 ms, Total. 2.902 ms (0.0%)
[Performance] ProcessService.EditorAfterLoadAllAssemblies                                                                                                  :        2 samples, Peak.   283 us (1.3x), Avg.   223 us, Total. 446.2 us (0.0%)
[Performance] Application.ReadLicenseInfo                                                                                                                  :        1 samples, Peak.  24.0 ms (1.0x), Avg.  24.0 ms, Total. 24.00 ms (0.2%)
[Performance] Application.InitialRefresh                                                                                                                   :        1 samples, Peak.  9.45 s (1.0x), Avg.  9.45 s, Total. 9.453 s (67.1%)
[Performance] AssetDatabase.InitialRefresh                                                                                                                 :        1 samples, Peak.  9.45 s (1.0x), Avg.  9.45 s, Total. 9.452 s (67.1%)
[Performance] BuilderAssetModificationProcessor.OnWillCreateAsset                                                                                          :        1 samples, Peak.   554 us (1.0x), Avg.   554 us, Total. 553.5 us (0.0%)
[Performance] ShaderImporter.SourceAssetModified                                                                                                           :        2 samples, Peak.   458 ns (1.4x), Avg.   334 ns, Total. 667.0 ns (0.0%)
[Performance] ShaderIncludeImporter.SourceAssetModified                                                                                                    :        2 samples, Peak.   500 ns (1.1x), Avg.   438 ns, Total. 875.0 ns (0.0%)
[Performance] Compiling Scripts                                                                                                                            :        1 samples, Peak.  3.93 s (1.0x), Avg.  3.93 s, Total. 3.928 s (27.9%)
[Performance] AssemblyReloadEvents.beforeAssemblyReload: UnityEditor.SceneTemplate.SceneTemplateService.BeforeAssemblyReload                               :        1 samples, Peak.   556 us (1.0x), Avg.   556 us, Total. 555.7 us (0.0%)
[Performance] EditorResources.Load                                                                                                                         :       13 samples, Peak.  33.2 ms (12.8x), Avg.  2.59 ms, Total. 33.66 ms (0.2%)
[Performance] Package.AsyncRequest                                                                                                                         :       34 samples, Peak.   906 us (17.5x), Avg.  51.9 us, Total. 1.764 ms (0.0%)
[Performance] DidReloadScriptsTestListCache.ScriptReloaded                                                                                                 :        1 samples, Peak.   745 us (1.0x), Avg.   745 us, Total. 745.3 us (0.0%)
[Performance] DidReloadScriptsTestRunnerWindow.CompilationCallback                                                                                         :        1 samples, Peak.   736 us (1.0x), Avg.   736 us, Total. 735.9 us (0.0%)
[Performance] DidReloadScriptsPackageVersionUtility.OnReloadScripts                                                                                        :        1 samples, Peak.  51.3 us (1.0x), Avg.  51.3 us, Total. 51.33 us (0.0%)
[Performance] DidReloadScriptsLookDev.OnEditorReload                                                                                                       :        1 samples, Peak.   166 us (1.0x), Avg.   166 us, Total. 166.3 us (0.0%)
[Performance] DidReloadScriptsDebugWindow.OnEditorReload                                                                                                   :        1 samples, Peak.  3.75 ms (1.0x), Avg.  3.75 ms, Total. 3.748 ms (0.0%)
[Performance] DidReloadScriptsVolumeComponentEditor.OnEditorReload                                                                                         :        1 samples, Peak.  15.2 ms (1.0x), Avg.  15.2 ms, Total. 15.18 ms (0.1%)
[Performance] DidReloadScriptsAdvancedDropdownWindow.OnScriptReload                                                                                        :        2 samples, Peak.   237 us (1.1x), Avg.   226 us, Total. 451.4 us (0.0%)
[Performance] DidReloadScriptsEditorMenuExtensions.FindAndCloseAllContextMenus                                                                             :        1 samples, Peak.  2.32 ms (1.0x), Avg.  2.32 ms, Total. 2.317 ms (0.0%)
[Performance] AssemblyReloadEvents.afterAssemblyReload: UnityEditor.XR.Management.Metadata.XRPackageMetadataStore.AssemblyReloadEvents_afterAssemblyReload :        1 samples, Peak.  2.33 ms (1.0x), Avg.  2.33 ms, Total. 2.329 ms (0.0%)
[Performance] AssetDatabase.ImportAssets                                                                                                                   :        4 samples, Peak.  26.4 ms (4.0x), Avg.  6.61 ms, Total. 26.45 ms (0.2%)
[Performance] VersionControl.Task.Wait                                                                                                                     :        1 samples, Peak.  7.71 us (1.0x), Avg.  7.71 us, Total. 7.708 us (0.0%)
[Performance] AssetPostprocessor.OnPostprocessAllAssets                                                                                                    :        4 samples, Peak.   421 us (2.2x), Avg.   192 us, Total. 767.0 us (0.0%)
[Performance] SamplePostprocessor.OnPostprocessAllAssets                                                                                                   :        4 samples, Peak.  87.1 us (2.0x), Avg.  44.1 us, Total. 176.5 us (0.0%)
[Performance] TMPro_TexturePostProcessor.OnPostprocessAllAssets                                                                                            :        4 samples, Peak.   182 us (1.9x), Avg.  95.8 us, Total. 383.4 us (0.0%)
[Performance] WindowAssetPostprocessingWatcher_Internal.OnPostprocessAllAssets                                                                             :        4 samples, Peak.  1.31 ms (1.9x), Avg.   677 us, Total. 2.707 ms (0.0%)
[Performance] BuilderAssetPostprocessor.OnPostprocessAllAssets                                                                                             :        4 samples, Peak.  4.09 ms (2.0x), Avg.  2.04 ms, Total. 8.177 ms (0.1%)
[Performance] ArtifactBrowserPostProcessor.OnPostprocessAllAssets                                                                                          :        4 samples, Peak.   431 us (2.0x), Avg.   216 us, Total. 864.7 us (0.0%)
[Performance] AssetEvents.OnPostprocessAllAssets                                                                                                           :        8 samples, Peak.   127 us (3.0x), Avg.  42.4 us, Total. 339.3 us (0.0%)
[Performance] AudioContainerPostProcessor.OnPostprocessAllAssets                                                                                           :        4 samples, Peak.  60.6 us (2.0x), Avg.  30.4 us, Total. 121.5 us (0.0%)
[Performance] AudioMixerPostprocessor.OnPostprocessAllAssets                                                                                               :        4 samples, Peak.   232 us (2.0x), Avg.   116 us, Total. 465.4 us (0.0%)
[Performance] StyleCatalogPostProcessor.OnPostprocessAllAssets                                                                                             :        4 samples, Peak.  12.1 ms (2.0x), Avg.  6.08 ms, Total. 24.31 ms (0.2%)
[Performance] BuildCatalog                                                                                                                                 :        1 samples, Peak.  11.3 ms (1.0x), Avg.  11.3 ms, Total. 11.31 ms (0.1%)
[Performance] ModelImporterPostProcessor.OnPostprocessAllAssets                                                                                            :        4 samples, Peak.   804 us (2.0x), Avg.   409 us, Total. 1.635 ms (0.0%)
[Performance] AssetDatabaseProxy.OnPostprocessAllAssets                                                                                                    :        4 samples, Peak.   112 ms (2.0x), Avg.  56.1 ms, Total. 224.3 ms (1.6%)
[Performance] MaterialPostprocessor.OnPostprocessAllAssets                                                                                                 :        4 samples, Peak.   390 us (1.9x), Avg.   200 us, Total. 800.8 us (0.0%)
[Performance] RetainedModeAssetPostprocessor.OnPostprocessAllAssets                                                                                        :        4 samples, Peak.  1.63 ms (2.0x), Avg.   816 us, Total. 3.263 ms (0.0%)
[Performance] AssetChangedListener.OnPostprocessAllAssets                                                                                                  :        4 samples, Peak.   949 us (2.0x), Avg.   480 us, Total. 1.919 ms (0.0%)
[Performance] PostProcessor.OnPostprocessAllAssets                                                                                                         :        4 samples, Peak.   165 us (1.9x), Avg.  89.0 us, Total. 355.9 us (0.0%)
[Performance] ShaderGraphAssetPostProcessor.OnPostprocessAllAssets                                                                                         :        4 samples, Peak.  1.17 ms (1.9x), Avg.   604 us, Total. 2.416 ms (0.0%)
[Performance] SpeedTreePostProcessor.OnPostprocessAllAssets                                                                                                :        4 samples, Peak.   129 us (2.0x), Avg.  64.9 us, Total. 259.7 us (0.0%)
[Performance] TerrainToolbarOverlayPostProcessor.OnPostprocessAllAssets                                                                                    :        4 samples, Peak.   240 us (2.0x), Avg.   120 us, Total. 481.0 us (0.0%)
[Performance] TextAssetPostProcessor.OnPostprocessAllAssets                                                                                                :        4 samples, Peak.   238 us (2.0x), Avg.   120 us, Total. 480.2 us (0.0%)
[Performance] SpriteEditorTexturePostprocessor.OnPostprocessAllAssets                                                                                      :        4 samples, Peak.   427 us (1.9x), Avg.   220 us, Total. 880.3 us (0.0%)
[Performance] AssetCallbacks.OnPostprocessAllAssets                                                                                                        :        4 samples, Peak.  14.1 ms (2.0x), Avg.  7.06 ms, Total. 28.24 ms (0.2%)
[Performance] EnvironmentAssetPostprocessor.OnPostprocessAllAssets                                                                                         :        4 samples, Peak.   262 us (2.0x), Avg.   132 us, Total. 526.5 us (0.0%)
[Performance] InputActionAssetPostprocessor.OnPostprocessAllAssets                                                                                         :        4 samples, Peak.   220 us (2.0x), Avg.   112 us, Total. 449.5 us (0.0%)
[Performance] InputActionJsonNameModifierAssetProcessor.OnPostprocessAllAssets                                                                             :        4 samples, Peak.  38.6 us (1.8x), Avg.  21.1 us, Total. 84.21 us (0.0%)
[Performance] ProjectSettingsPostprocessor.OnPostprocessAllAssets                                                                                          :        4 samples, Peak.  71.0 us (1.9x), Avg.  37.3 us, Total. 149.3 us (0.0%)
[Performance] SyncVS.PostprocessSyncProject                                                                                                                :        2 samples, Peak.  82.3 ms (2.0x), Avg.  41.5 ms, Total. 82.98 ms (0.6%)
[Performance] EditorApplication.projectChanged: UnityEditor.Audio.MixerEffectDefinitionReloader.OnProjectChanged                                           :        1 samples, Peak.   272 us (1.0x), Avg.   272 us, Total. 272.5 us (0.0%)
[Performance] EditorApplication.projectChanged: UnityEngine.InputSystem.LowLevel.NativeInputRuntime.OnProjectChanged                                       :        1 samples, Peak.   131 us (1.0x), Avg.   131 us, Total. 130.6 us (0.0%)
[Performance] Application.ImportPackagesAndSetTemplateWhenCreatingProject                                                                                  :        1 samples, Peak.  12.8 ms (1.0x), Avg.  12.8 ms, Total. 12.78 ms (0.1%)
[Performance] Application.SyncCurrentColorSpace                                                                                                            :        1 samples, Peak.  93.5 ms (1.0x), Avg.  93.5 ms, Total. 93.50 ms (0.7%)
[Performance] Application.OnUsbDevicesChanged                                                                                                              :        1 samples, Peak.  72.7 us (1.0x), Avg.  72.7 us, Total. 72.67 us (0.0%)
[Performance] Application.AssetInstanceCacheUpdate                                                                                                         :        1 samples, Peak.   167 ns (1.0x), Avg.   167 ns, Total. 167.0 ns (0.0%)
[Performance] Application.UnityExtensions.Initialize                                                                                                       :        1 samples, Peak.  14.5 ms (1.0x), Avg.  14.5 ms, Total. 14.52 ms (0.1%)
[Performance] CodeEditorProjectSync.SyncEditorProject                                                                                                      :        1 samples, Peak.  89.2 ms (1.0x), Avg.  89.2 ms, Total. 89.15 ms (0.6%)
[Performance] Application.ExecuteStartups                                                                                                                  :        1 samples, Peak.  19.5 ms (1.0x), Avg.  19.5 ms, Total. 19.49 ms (0.1%)
[Performance] Menu.RegisterMenuInterface                                                                                                                   :       26 samples, Peak.  1.96 us (9.1x), Avg.   216 ns, Total. 5.624 us (0.0%)
[Performance] Gizmo.RebuildRenderers                                                                                                                       :        1 samples, Peak.  18.4 ms (1.0x), Avg.  18.4 ms, Total. 18.41 ms (0.1%)
[Performance] Gizmo.AddGizmoRenderers                                                                                                                      :      140 samples, Peak.   995 us (60.6x), Avg.  16.4 us, Total. 2.301 ms (0.0%)
[Performance] Application.editorInitializingProject                                                                                                        :        1 samples, Peak.  13.5 ms (1.0x), Avg.  13.5 ms, Total. 13.54 ms (0.1%)
[Performance] Application.InitializeMenu                                                                                                                   :        1 samples, Peak.  51.6 ms (1.0x), Avg.  51.6 ms, Total. 51.64 ms (0.4%)
[Performance] Menu.RebuildAll                                                                                                                              :        1 samples, Peak.  51.6 ms (1.0x), Avg.  51.6 ms, Total. 51.63 ms (0.4%)
[Performance] Menu.BuildRegisteredMenuInterfaces                                                                                                           :        1 samples, Peak.  46.5 ms (1.0x), Avg.  46.5 ms, Total. 46.53 ms (0.3%)
[Performance] Menu.FilterMenuItem                                                                                                                          :     1043 samples, Peak.  14.7 ms (1025.8x), Avg.  14.3 us, Total. 14.90 ms (0.1%)
[Performance] UpdateAllMenus                                                                                                                               :        1 samples, Peak.   372 us (1.0x), Avg.   372 us, Total. 371.6 us (0.0%)
[Performance] EditorSceneManager.sceneClosing: UnityEditor.SceneVisibilityManager.EditorSceneManagerOnSceneClosing                                         :        1 samples, Peak.   165 us (1.0x), Avg.   165 us, Total. 165.0 us (0.0%)
[Performance] GUIView.RepaintAll.PlayerLoopController                                                                                                      :        1 samples, Peak.   625 ns (1.0x), Avg.   625 ns, Total. 625.0 ns (0.0%)
[Performance] EditorSceneManager.newSceneCreated: UnityEditor.SceneTemplate.SceneTemplateService.OnNewSceneCreated                                         :        1 samples, Peak.   164 us (1.0x), Avg.   164 us, Total. 163.6 us (0.0%)
[Performance] EditorSceneManager.newSceneCreated: UnityEditor.SceneVisibilityManager.EditorSceneManagerOnNewSceneCreated                                   :        1 samples, Peak.   218 us (1.0x), Avg.   218 us, Total. 218.1 us (0.0%)
[Performance] EditorSceneManager.newSceneCreated: UnityEditor.SceneManagement.StageNavigationManager.OnNewSceneCreated                                     :        1 samples, Peak.  39.2 us (1.0x), Avg.  39.2 us, Total. 39.21 us (0.0%)
[Performance] Application.InvokeFinishedLoadingProject                                                                                                     :        1 samples, Peak.  17.4 ms (1.0x), Avg.  17.4 ms, Total. 17.44 ms (0.1%)
[Performance] ProcessService.OnProjectLoaded                                                                                                               :        1 samples, Peak.   110 us (1.0x), Avg.   110 us, Total. 110.5 us (0.0%)
[Performance] EditorApplication.quitting: Unity.Burst.Editor.BurstLoader.OnEditorApplicationQuitting                                                       :        1 samples, Peak.  18.1 us (1.0x), Avg.  18.1 us, Total. 18.08 us (0.0%)
[Performance] EditorApplication.quitting: callback in TMPro.EditorEventCallbacks                                                                           :        1 samples, Peak.  35.5 ms (1.0x), Avg.  35.5 ms, Total. 35.52 ms (0.3%)
[Performance] EditorApplication.quitting: callback in UnityEditor.TextCore.Text.EditorEventCallbacks                                                       :        1 samples, Peak.  12.3 ms (1.0x), Avg.  12.3 ms, Total. 12.31 ms (0.1%)
[Performance] Application.Shutdown.PauseProfilerSession                                                                                                    :        1 samples, Peak.  33.6 us (1.0x), Avg.  33.6 us, Total. 33.58 us (0.0%)
[Performance] Application.Shutdown.PauseAssetImportWorkers                                                                                                 :        1 samples, Peak.  98.3 us (1.0x), Avg.  98.3 us, Total. 98.33 us (0.0%)
[Performance] Application.Shutdown.SaveAssets                                                                                                              :        1 samples, Peak.  32.8 ms (1.0x), Avg.  32.8 ms, Total. 32.76 ms (0.2%)
[Performance] StateMacroSavedEvent.OnWillSaveAssets                                                                                                        :        1 samples, Peak.   124 us (1.0x), Avg.   124 us, Total. 124.0 us (0.0%)
[Performance] FlowMacroSavedEvent.OnWillSaveAssets                                                                                                         :        1 samples, Peak.  84.9 us (1.0x), Avg.  84.9 us, Total. 84.87 us (0.0%)
[Performance] BuilderAssetModificationProcessor.OnWillSaveAssets                                                                                           :        1 samples, Peak.   233 us (1.0x), Avg.   233 us, Total. 233.5 us (0.0%)
[Performance] TerrainModificationProcessor.OnWillSaveAssets                                                                                                :        1 samples, Peak.   466 us (1.0x), Avg.   466 us, Total. 465.7 us (0.0%)
[Performance] AudioContainerModificationProcessor.OnWillSaveAssets                                                                                         :        1 samples, Peak.  42.0 us (1.0x), Avg.  42.0 us, Total. 42.04 us (0.0%)
[Performance] PresetManagerPostProcessor.OnPreprocessAsset                                                                                                 :        1 samples, Peak.   648 us (1.0x), Avg.   648 us, Total. 648.1 us (0.0%)
[Performance] CancelSplashScreenOnAssetChange.OnPreprocessAsset                                                                                            :        1 samples, Peak.   108 us (1.0x), Avg.   108 us, Total. 108.3 us (0.0%)
[Performance] ShaderGraphAssetPostProcessor.OnPreprocessAsset                                                                                              :        1 samples, Peak.   109 us (1.0x), Avg.   109 us, Total. 108.6 us (0.0%)
[Performance] Application.Shutdown.CleanupRenderPipeline                                                                                                   :        1 samples, Peak.  1.17 us (1.0x), Avg.  1.17 us, Total. 1.166 us (0.0%)
[Performance] Application.Shutdown.StopPreloadManager                                                                                                      :        1 samples, Peak.  11.0 ms (1.0x), Avg.  11.0 ms, Total. 11.04 ms (0.1%)
[Performance] Application.Shutdown.DestroyWorld                                                                                                            :        1 samples, Peak.   401 us (1.0x), Avg.   401 us, Total. 400.8 us (0.0%)
[Performance] Application.Shutdown.CleanupAfterLoad                                                                                                        :        1 samples, Peak.   153 ms (1.0x), Avg.   153 ms, Total. 153.5 ms (1.1%)
[Performance] Application.Shutdown.Progress                                                                                                                :        1 samples, Peak.  5.12 us (1.0x), Avg.  5.12 us, Total. 5.125 us (0.0%)
[Performance] Application.Shutdown.GICleanupManagers                                                                                                       :        1 samples, Peak.   530 us (1.0x), Avg.   530 us, Total. 529.6 us (0.0%)
[Performance] Application.Shutdown.MenuCleanupClass                                                                                                        :        1 samples, Peak.   177 us (1.0x), Avg.   177 us, Total. 177.0 us (0.0%)
[Performance] Application.Shutdown.ADBSaveStateBeforeShutdown                                                                                              :        1 samples, Peak.  7.58 us (1.0x), Avg.  7.58 us, Total. 7.583 us (0.0%)
[Performance] Application.Shutdown.RemoteShutdown                                                                                                          :        1 samples, Peak.   834 ns (1.0x), Avg.   834 ns, Total. 834.0 ns (0.0%)
[Performance] Application.Shutdown.CleanupVCProvider                                                                                                       :        1 samples, Peak.  5.67 us (1.0x), Avg.  5.67 us, Total. 5.667 us (0.0%)
[Performance] Application.Shutdown.InputShutdown                                                                                                           :        1 samples, Peak.   124 us (1.0x), Avg.   124 us, Total. 123.8 us (0.0%)
[Performance] Application.Shutdown.GizmoManagerDestroy                                                                                                     :        1 samples, Peak.   306 us (1.0x), Avg.   306 us, Total. 306.3 us (0.0%)
[Performance] Application.Shutdown.ProfilerSession                                                                                                         :        1 samples, Peak.  91.1 us (1.0x), Avg.  91.1 us, Total. 91.13 us (0.0%)
[Performance] Application.Shutdown.ReleaseGfxWindowOnAllGUIViews                                                                                           :        1 samples, Peak.  3.00 us (1.0x), Avg.  3.00 us, Total. 3.000 us (0.0%)
[Performance] Application.Shutdown.CleanupEngine                                                                                                           :        1 samples, Peak.  93.2 ms (1.0x), Avg.  93.2 ms, Total. 93.15 ms (0.7%)
[Performance] Application.Shutdown.CleanupAssetDatabase                                                                                                    :        1 samples, Peak.  8.18 ms (1.0x), Avg.  8.18 ms, Total. 8.182 ms (0.1%)
[Performance] Application.Shutdown.ScriptCompilationCleanUp                                                                                                :        1 samples, Peak.  14.3 us (1.0x), Avg.  14.3 us, Total. 14.33 us (0.0%)
[Performance] Application.Shutdown.DestroyJobSystem                                                                                                        :        1 samples, Peak.   140 us (1.0x), Avg.   140 us, Total. 140.4 us (0.0%)
[Performance] Application.Shutdown.CleanupPersistentManager                                                                                                :        1 samples, Peak.  1.67 ms (1.0x), Avg.  1.67 ms, Total. 1.671 ms (0.0%)
[Performance] Application.Shutdown.CleanupAsyncReadManager                                                                                                 :        1 samples, Peak.   224 us (1.0x), Avg.   224 us, Total. 224.0 us (0.0%)
[Performance] Application.Shutdown.CleanupMono                                                                                                             :        1 samples, Peak.   139 ms (1.0x), Avg.   139 ms, Total. 139.4 ms (1.0%)
[Performance] Application.Shutdown.CleanupStdConverters                                                                                                    :        1 samples, Peak.  7.79 us (1.0x), Avg.  7.79 us, Total. 7.791 us (0.0%)
[Performance] Application.Shutdown.UnloadAllPlatformSupportModuleNativeDlls                                                                                :        1 samples, Peak.   458 ns (1.0x), Avg.   458 ns, Total. 458.0 ns (0.0%)
[Performance] Application.Shutdown.UnloadAllPlatformSupportNativeLibraries                                                                                 :        1 samples, Peak.  72.9 us (1.0x), Avg.  72.9 us, Total. 72.88 us (0.0%)
[Performance] Application.Shutdown.CleanupAutoDocumentation                                                                                                :        1 samples, Peak.   221 us (1.0x), Avg.   221 us, Total. 221.2 us (0.0%)
[Performance] Application.Shutdown.ShaderNameManagerDestroy                                                                                                :        1 samples, Peak.  29.1 us (1.0x), Avg.  29.1 us, Total. 29.13 us (0.0%)
[Performance] Application.Shutdown.CleanupCacheServer                                                                                                      :        1 samples, Peak.   250 ns (1.0x), Avg.   250 ns, Total. 250.0 ns (0.0%)
[Performance] Application.Shutdown.Virtualization_Shutdown                                                                                                 :        1 samples, Peak.   333 ns (1.0x), Avg.   333 ns, Total. 333.0 ns (0.0%)
[Performance] Application.Shutdown.DevConnections                                                                                                          :        1 samples, Peak.  56.3 us (1.0x), Avg.  56.3 us, Total. 56.25 us (0.0%)
Exiting batchmode successfully now!
[Package Manager] Server process was shutdown
