Unity Editor version:    2023.2.20f1 (0e25a174756c)
Branch:                  2023.2/staging
Build type:              Release
Batch mode:              YES
macOS version:           Version 14.3.1 (Build 23D60)
Darwin version:          23.3.0
Architecture:            arm64
Running under Rosetta:   NO
Available memory:        32768 MB
[Licensing::Module] Trying to connect to existing licensing client channel...
[Licensing::IpcConnector] Successfully connected to the License Client on channel: "LicenseClient-laurensart" at "2025-05-26T12:50:07.523729Z"
[Licensing::Client] Error: Code 10 while verifying Licensing Client signature (process Id: 1735, path: "/Applications/Unity Hub.app/Contents/Frameworks/UnityLicensingClient_V1.app/Contents/MacOS/Unity.Licensing.Client")
[Licensing::Module] Error: LicensingClient has failed validation; ignoring
[Licensing::Client] Handshaking with LicensingClient:
  Version:                 1.17.0+aa6cfba
  Session Id:              7847da3cd44b4109a7c38a02bd1f5c88
  Correlation Id:          962b4cc1dd2994be94eea0e3b141aedd
  External correlation Id: 2961110553731684936
  Machine Id:              i+EsiyelR1eysCG4hAJ1rEiNAbA=
[Licensing::Module] Successfully connected to LicensingClient on channel: "LicenseClient-laurensart" (connect: 0.00s, validation: 0.01s, handshake: 0.26s)
[Licensing::IpcConnector] Successfully connected to the License Notification on channel: "LicenseClient-laurensart-notifications" at "2025-05-26T12:50:07.791377Z"
[Licensing::Module] Error: Access token is unavailable; failed to update
[Licensing::Client] Successfully updated license
[Licensing::Client] Successfully resolved entitlements
[Licensing::Module] Serial number assigned to: "F4-BG5Z-DKDZ-KDBP-6XP9-XXXX"
Pro License: NO
Launching external process: /Applications/Unity/Hub/Editor/2023.2.20f1/Unity.app/Contents/Resources/PackageManager/Server/UnityPackageManager

COMMAND LINE ARGUMENTS:
/Applications/Unity/Hub/Editor/2023.2.20f1/Unity.app/Contents/MacOS/Unity
-projectPath
.
-batchmode
-quit
-logFile
compile_final.log
Successfully changed project path to: /Users/laurensart/Desktop/TENDOR-climbing/TENDOR-climbing
/Users/laurensart/Desktop/TENDOR-climbing/TENDOR-climbing
[UnityMemory] Configuration Parameters - Can be set up in boot.config
    "memorysetup-bucket-allocator-granularity=16"
    "memorysetup-bucket-allocator-bucket-count=8"
    "memorysetup-bucket-allocator-block-size=33554432"
    "memorysetup-bucket-allocator-block-count=8"
    "memorysetup-main-allocator-block-size=16777216"
    "memorysetup-thread-allocator-block-size=16777216"
    "memorysetup-gfx-main-allocator-block-size=16777216"
    "memorysetup-gfx-thread-allocator-block-size=16777216"
    "memorysetup-cache-allocator-block-size=4194304"
    "memorysetup-typetree-allocator-block-size=2097152"
    "memorysetup-profiler-bucket-allocator-granularity=16"
    "memorysetup-profiler-bucket-allocator-bucket-count=8"
    "memorysetup-profiler-bucket-allocator-block-size=33554432"
    "memorysetup-profiler-bucket-allocator-block-count=8"
    "memorysetup-profiler-allocator-block-size=16777216"
    "memorysetup-profiler-editor-allocator-block-size=1048576"
    "memorysetup-temp-allocator-size-main=16777216"
    "memorysetup-job-temp-allocator-block-size=2097152"
    "memorysetup-job-temp-allocator-block-size-background=1048576"
    "memorysetup-job-temp-allocator-reduction-small-platforms=262144"
    "memorysetup-allocator-temp-initial-block-size-main=262144"
    "memorysetup-allocator-temp-initial-block-size-worker=262144"
    "memorysetup-temp-allocator-size-background-worker=32768"
    "memorysetup-temp-allocator-size-job-worker=262144"
    "memorysetup-temp-allocator-size-preload-manager=33554432"
    "memorysetup-temp-allocator-size-nav-mesh-worker=65536"
    "memorysetup-temp-allocator-size-audio-worker=65536"
    "memorysetup-temp-allocator-size-cloud-worker=32768"
    "memorysetup-temp-allocator-size-gi-baking-worker=262144"
    "memorysetup-temp-allocator-size-gi-baking-worker=262144"
    "memorysetup-temp-allocator-size-gi-baking-worker=262144"
    "memorysetup-temp-allocator-size-gi-baking-worker=262144"
    "memorysetup-temp-allocator-size-gfx=262144"
Player connection [8084331584] Host "[IP] 192.168.1.39 [Port] 55504 [Flags] 2 [Guid] 908222727 [EditorId] 908222727 [Version] 1048832 [Id] OSXEditor(0,Arts-MacBook.local) [Debug] 1 [PackageName] OSXEditor [ProjectName] Editor" joined multi-casting on [225.0.0.222:54997]...
Player connection [8084331584] Host "[IP] 192.168.1.39 [Port] 55504 [Flags] 2 [Guid] 908222727 [EditorId] 908222727 [Version] 1048832 [Id] OSXEditor(0,Arts-MacBook.local) [Debug] 1 [PackageName] OSXEditor [ProjectName] Editor" joined alternative multi-casting on [225.0.0.222:34997]...
[Physics::Module] Initialized MultithreadedJobDispatcher with 9 workers.
[Package Manager] Connected to IPC stream "Upm-21637" after 0.4 seconds.
Library Redirect Path: Library/
[Licensing::Client] Successfully resolved entitlements
[Package Manager] Restoring resolved packages state from cache
[Licensing::Client] Successfully resolved entitlement details
[Package Manager] Registered 59 packages:
  Packages from [https://packages.unity.com]:
    com.unity.ide.visualstudio@2.0.22 (location: /Users/laurensart/Desktop/TENDOR-climbing/TENDOR-climbing/Library/PackageCache/com.unity.ide.visualstudio@2.0.22)
    com.unity.inputsystem@1.11.2 (location: /Users/laurensart/Desktop/TENDOR-climbing/TENDOR-climbing/Library/PackageCache/com.unity.inputsystem@1.11.2)
    com.unity.mathematics@1.3.2 (location: /Users/laurensart/Desktop/TENDOR-climbing/TENDOR-climbing/Library/PackageCache/com.unity.mathematics@1.3.2)
    com.unity.timeline@1.8.7 (location: /Users/laurensart/Desktop/TENDOR-climbing/TENDOR-climbing/Library/PackageCache/com.unity.timeline@1.8.7)
    com.unity.visualscripting@1.8.0 (location: /Users/laurensart/Desktop/TENDOR-climbing/TENDOR-climbing/Library/PackageCache/com.unity.visualscripting@1.8.0)
    com.unity.xr.arkit@5.1.6 (location: /Users/laurensart/Desktop/TENDOR-climbing/TENDOR-climbing/Library/PackageCache/com.unity.xr.arkit@5.1.6)
    com.unity.xr.interaction.toolkit@3.0.7 (location: /Users/laurensart/Desktop/TENDOR-climbing/TENDOR-climbing/Library/PackageCache/com.unity.xr.interaction.toolkit@3.0.7)
    com.unity.xr.legacyinputhelpers@2.1.11 (location: /Users/laurensart/Desktop/TENDOR-climbing/TENDOR-climbing/Library/PackageCache/com.unity.xr.legacyinputhelpers@2.1.11)
    com.unity.xr.management@4.5.0 (location: /Users/laurensart/Desktop/TENDOR-climbing/TENDOR-climbing/Library/PackageCache/com.unity.xr.management@4.5.0)
    com.unity.xr.core-utils@2.3.0 (location: /Users/laurensart/Desktop/TENDOR-climbing/TENDOR-climbing/Library/PackageCache/com.unity.xr.core-utils@2.3.0)
    com.unity.xr.arfoundation@5.1.6 (location: /Users/laurensart/Desktop/TENDOR-climbing/TENDOR-climbing/Library/PackageCache/com.unity.xr.arfoundation@5.1.6)
    com.unity.editorcoroutines@1.0.0 (location: /Users/laurensart/Desktop/TENDOR-climbing/TENDOR-climbing/Library/PackageCache/com.unity.editorcoroutines@1.0.0)
    com.unity.searcher@4.9.2 (location: /Users/laurensart/Desktop/TENDOR-climbing/TENDOR-climbing/Library/PackageCache/com.unity.searcher@4.9.2)
    com.unity.test-framework@1.3.9 (location: /Users/laurensart/Desktop/TENDOR-climbing/TENDOR-climbing/Library/PackageCache/com.unity.test-framework@1.3.9)
    com.unity.ext.nunit@2.0.5 (location: /Users/laurensart/Desktop/TENDOR-climbing/TENDOR-climbing/Library/PackageCache/com.unity.ext.nunit@2.0.5)
    com.unity.collections@1.4.0 (location: /Users/laurensart/Desktop/TENDOR-climbing/TENDOR-climbing/Library/PackageCache/com.unity.collections@1.4.0)
    com.unity.burst@1.8.13 (location: /Users/laurensart/Desktop/TENDOR-climbing/TENDOR-climbing/Library/PackageCache/com.unity.burst@1.8.13)
    com.unity.nuget.mono-cecil@1.11.4 (location: /Users/laurensart/Desktop/TENDOR-climbing/TENDOR-climbing/Library/PackageCache/com.unity.nuget.mono-cecil@1.11.4)
  Built-in packages:
    com.unity.2d.sprite@1.0.0 (location: /Users/laurensart/Desktop/TENDOR-climbing/TENDOR-climbing/Library/PackageCache/com.unity.2d.sprite@1.0.0)
    com.unity.shadergraph@16.0.6 (location: /Users/laurensart/Desktop/TENDOR-climbing/TENDOR-climbing/Library/PackageCache/com.unity.shadergraph@16.0.6)
    com.unity.ugui@2.0.0 (location: /Users/laurensart/Desktop/TENDOR-climbing/TENDOR-climbing/Library/PackageCache/com.unity.ugui@2.0.0)
    com.unity.modules.accessibility@1.0.0 (location: /Users/laurensart/Desktop/TENDOR-climbing/TENDOR-climbing/Library/PackageCache/com.unity.modules.accessibility@1.0.0)
    com.unity.modules.ai@1.0.0 (location: /Users/laurensart/Desktop/TENDOR-climbing/TENDOR-climbing/Library/PackageCache/com.unity.modules.ai@1.0.0)
    com.unity.modules.androidjni@1.0.0 (location: /Users/laurensart/Desktop/TENDOR-climbing/TENDOR-climbing/Library/PackageCache/com.unity.modules.androidjni@1.0.0)
    com.unity.modules.animation@1.0.0 (location: /Users/laurensart/Desktop/TENDOR-climbing/TENDOR-climbing/Library/PackageCache/com.unity.modules.animation@1.0.0)
    com.unity.modules.assetbundle@1.0.0 (location: /Users/laurensart/Desktop/TENDOR-climbing/TENDOR-climbing/Library/PackageCache/com.unity.modules.assetbundle@1.0.0)
    com.unity.modules.audio@1.0.0 (location: /Users/laurensart/Desktop/TENDOR-climbing/TENDOR-climbing/Library/PackageCache/com.unity.modules.audio@1.0.0)
    com.unity.modules.cloth@1.0.0 (location: /Users/laurensart/Desktop/TENDOR-climbing/TENDOR-climbing/Library/PackageCache/com.unity.modules.cloth@1.0.0)
    com.unity.modules.director@1.0.0 (location: /Users/laurensart/Desktop/TENDOR-climbing/TENDOR-climbing/Library/PackageCache/com.unity.modules.director@1.0.0)
    com.unity.modules.imageconversion@1.0.0 (location: /Users/laurensart/Desktop/TENDOR-climbing/TENDOR-climbing/Library/PackageCache/com.unity.modules.imageconversion@1.0.0)
    com.unity.modules.imgui@1.0.0 (location: /Users/laurensart/Desktop/TENDOR-climbing/TENDOR-climbing/Library/PackageCache/com.unity.modules.imgui@1.0.0)
    com.unity.modules.jsonserialize@1.0.0 (location: /Users/laurensart/Desktop/TENDOR-climbing/TENDOR-climbing/Library/PackageCache/com.unity.modules.jsonserialize@1.0.0)
    com.unity.modules.particlesystem@1.0.0 (location: /Users/laurensart/Desktop/TENDOR-climbing/TENDOR-climbing/Library/PackageCache/com.unity.modules.particlesystem@1.0.0)
    com.unity.modules.physics@1.0.0 (location: /Users/laurensart/Desktop/TENDOR-climbing/TENDOR-climbing/Library/PackageCache/com.unity.modules.physics@1.0.0)
    com.unity.modules.physics2d@1.0.0 (location: /Users/laurensart/Desktop/TENDOR-climbing/TENDOR-climbing/Library/PackageCache/com.unity.modules.physics2d@1.0.0)
    com.unity.modules.screencapture@1.0.0 (location: /Users/laurensart/Desktop/TENDOR-climbing/TENDOR-climbing/Library/PackageCache/com.unity.modules.screencapture@1.0.0)
    com.unity.modules.terrain@1.0.0 (location: /Users/laurensart/Desktop/TENDOR-climbing/TENDOR-climbing/Library/PackageCache/com.unity.modules.terrain@1.0.0)
    com.unity.modules.terrainphysics@1.0.0 (location: /Users/laurensart/Desktop/TENDOR-climbing/TENDOR-climbing/Library/PackageCache/com.unity.modules.terrainphysics@1.0.0)
    com.unity.modules.tilemap@1.0.0 (location: /Users/laurensart/Desktop/TENDOR-climbing/TENDOR-climbing/Library/PackageCache/com.unity.modules.tilemap@1.0.0)
    com.unity.modules.ui@1.0.0 (location: /Users/laurensart/Desktop/TENDOR-climbing/TENDOR-climbing/Library/PackageCache/com.unity.modules.ui@1.0.0)
    com.unity.modules.uielements@1.0.0 (location: /Users/laurensart/Desktop/TENDOR-climbing/TENDOR-climbing/Library/PackageCache/com.unity.modules.uielements@1.0.0)
    com.unity.modules.umbra@1.0.0 (location: /Users/laurensart/Desktop/TENDOR-climbing/TENDOR-climbing/Library/PackageCache/com.unity.modules.umbra@1.0.0)
    com.unity.modules.unityanalytics@1.0.0 (location: /Users/laurensart/Desktop/TENDOR-climbing/TENDOR-climbing/Library/PackageCache/com.unity.modules.unityanalytics@1.0.0)
    com.unity.modules.unitywebrequest@1.0.0 (location: /Users/laurensart/Desktop/TENDOR-climbing/TENDOR-climbing/Library/PackageCache/com.unity.modules.unitywebrequest@1.0.0)
    com.unity.modules.unitywebrequestassetbundle@1.0.0 (location: /Users/laurensart/Desktop/TENDOR-climbing/TENDOR-climbing/Library/PackageCache/com.unity.modules.unitywebrequestassetbundle@1.0.0)
    com.unity.modules.unitywebrequestaudio@1.0.0 (location: /Users/laurensart/Desktop/TENDOR-climbing/TENDOR-climbing/Library/PackageCache/com.unity.modules.unitywebrequestaudio@1.0.0)
    com.unity.modules.unitywebrequesttexture@1.0.0 (location: /Users/laurensart/Desktop/TENDOR-climbing/TENDOR-climbing/Library/PackageCache/com.unity.modules.unitywebrequesttexture@1.0.0)
    com.unity.modules.unitywebrequestwww@1.0.0 (location: /Users/laurensart/Desktop/TENDOR-climbing/TENDOR-climbing/Library/PackageCache/com.unity.modules.unitywebrequestwww@1.0.0)
    com.unity.modules.vehicles@1.0.0 (location: /Users/laurensart/Desktop/TENDOR-climbing/TENDOR-climbing/Library/PackageCache/com.unity.modules.vehicles@1.0.0)
    com.unity.modules.video@1.0.0 (location: /Users/laurensart/Desktop/TENDOR-climbing/TENDOR-climbing/Library/PackageCache/com.unity.modules.video@1.0.0)
    com.unity.modules.vr@1.0.0 (location: /Users/laurensart/Desktop/TENDOR-climbing/TENDOR-climbing/Library/PackageCache/com.unity.modules.vr@1.0.0)
    com.unity.modules.wind@1.0.0 (location: /Users/laurensart/Desktop/TENDOR-climbing/TENDOR-climbing/Library/PackageCache/com.unity.modules.wind@1.0.0)
    com.unity.modules.xr@1.0.0 (location: /Users/laurensart/Desktop/TENDOR-climbing/TENDOR-climbing/Library/PackageCache/com.unity.modules.xr@1.0.0)
    com.unity.modules.subsystems@1.0.0 (location: /Users/laurensart/Desktop/TENDOR-climbing/TENDOR-climbing/Library/PackageCache/com.unity.modules.subsystems@1.0.0)
    com.unity.modules.hierarchycore@1.0.0 (location: /Users/laurensart/Desktop/TENDOR-climbing/TENDOR-climbing/Library/PackageCache/com.unity.modules.hierarchycore@1.0.0)
    com.unity.render-pipelines.core@16.0.6 (location: /Users/laurensart/Desktop/TENDOR-climbing/TENDOR-climbing/Library/PackageCache/com.unity.render-pipelines.core@16.0.6)
    com.unity.rendering.light-transport@1.0.2 (location: /Users/laurensart/Desktop/TENDOR-climbing/TENDOR-climbing/Library/PackageCache/com.unity.rendering.light-transport@1.0.2)
  Git packages:
    com.boxqkrtm.ide.cursor@https://github.com/boxqkrtm/com.unity.ide.cursor.git (location: /Users/laurensart/Desktop/TENDOR-climbing/TENDOR-climbing/Library/PackageCache/com.boxqkrtm.ide.cursor@38fecf55e4)
  Local Tarball packages:
    com.kyrylokuzyk.arfoundationremote@file:/Users/laurensart/Desktop/TENDOR-climbing/TENDOR-climbing/Assets/Plugins/ARFoundationRemoteInstaller/com.kyrylokuzyk.arfoundationremote.tgz (location: /Users/laurensart/Desktop/TENDOR-climbing/TENDOR-climbing/Library/PackageCache/com.kyrylokuzyk.arfoundationremote@b261627c706b)
[Subsystems] Looking for new subsystems at path /Users/laurensart/Desktop/TENDOR-climbing/TENDOR-climbing/Library/PackageCache/com.kyrylokuzyk.arfoundationremote@b261627c706b
[Subsystems] Novel subsystem found at Library/PackageCache/com.kyrylokuzyk.arfoundationremote@b261627c706b/Editor/UnitySubsystemsManifest.json
[Subsystems] Discovering subsystems at path /Applications/Unity/Hub/Editor/2023.2.20f1/Unity.app/Contents/Resources/UnitySubsystems
[Subsystems] Discovering subsystems at path /Users/laurensart/Desktop/TENDOR-climbing/TENDOR-climbing/Assets
[Subsystems] Discovering subsystems at path /Users/laurensart/Desktop/TENDOR-climbing/TENDOR-climbing/Library/PackageCache/com.kyrylokuzyk.arfoundationremote@b261627c706b
[Subsystems] No descriptors matched for  examples in Library/PackageCache/com.kyrylokuzyk.arfoundationremote@b261627c706b/Editor/UnitySubsystemsManifest.json.
[Subsystems] 1 'inputs' descriptors matched in Library/PackageCache/com.kyrylokuzyk.arfoundationremote@b261627c706b/Editor/UnitySubsystemsManifest.json
[Subsystems] No descriptors matched for  displays in Library/PackageCache/com.kyrylokuzyk.arfoundationremote@b261627c706b/Editor/UnitySubsystemsManifest.json.
[Subsystems] 1 'meshings' descriptors matched in Library/PackageCache/com.kyrylokuzyk.arfoundationremote@b261627c706b/Editor/UnitySubsystemsManifest.json
[Subsystems] Discovering subsystems at path /Users/laurensart/Desktop/TENDOR-climbing/TENDOR-climbing/Library/PackageCache/com.unity.xr.arfoundation@5.1.6
[Subsystems] No descriptors matched for  examples in Library/PackageCache/com.unity.xr.arfoundation@5.1.6/Runtime/UnitySubsystemsManifest.json.
[Subsystems] 1 'inputs' descriptors matched in Library/PackageCache/com.unity.xr.arfoundation@5.1.6/Runtime/UnitySubsystemsManifest.json
[Subsystems] No descriptors matched for  displays in Library/PackageCache/com.unity.xr.arfoundation@5.1.6/Runtime/UnitySubsystemsManifest.json.
[Subsystems] 1 'meshings' descriptors matched in Library/PackageCache/com.unity.xr.arfoundation@5.1.6/Runtime/UnitySubsystemsManifest.json
Package Manager log level set to [2]
[Package Manager] Done registering packages in 0.14 seconds
[Licensing::Client] Successfully resolved entitlements
Refreshing native plugins compatible for Editor in 1.79 ms, found 4 plugins.
Preloading 0 native plugins for Editor in 0.00 ms.
Initialize engine version: 2023.2.20f1 (0e25a174756c)
[Subsystems] Discovering subsystems at path /Applications/Unity/Hub/Editor/2023.2.20f1/Unity.app/Contents/Resources/UnitySubsystems
[Subsystems] Discovering subsystems at path /Users/laurensart/Desktop/TENDOR-climbing/TENDOR-climbing/Assets
[Subsystems] Discovering subsystems at path /Users/laurensart/Desktop/TENDOR-climbing/TENDOR-climbing/Library/PackageCache/com.kyrylokuzyk.arfoundationremote@b261627c706b
[Subsystems] No descriptors matched for  examples in Library/PackageCache/com.kyrylokuzyk.arfoundationremote@b261627c706b/Editor/UnitySubsystemsManifest.json.
[Subsystems] 1 'inputs' descriptors matched in Library/PackageCache/com.kyrylokuzyk.arfoundationremote@b261627c706b/Editor/UnitySubsystemsManifest.json
[Subsystems] No descriptors matched for  displays in Library/PackageCache/com.kyrylokuzyk.arfoundationremote@b261627c706b/Editor/UnitySubsystemsManifest.json.
[Subsystems] 1 'meshings' descriptors matched in Library/PackageCache/com.kyrylokuzyk.arfoundationremote@b261627c706b/Editor/UnitySubsystemsManifest.json
[Subsystems] Discovering subsystems at path /Users/laurensart/Desktop/TENDOR-climbing/TENDOR-climbing/Library/PackageCache/com.unity.xr.arfoundation@5.1.6
[Subsystems] No descriptors matched for  examples in Library/PackageCache/com.unity.xr.arfoundation@5.1.6/Runtime/UnitySubsystemsManifest.json.
[Subsystems] 1 'inputs' descriptors matched in Library/PackageCache/com.unity.xr.arfoundation@5.1.6/Runtime/UnitySubsystemsManifest.json
[Subsystems] No descriptors matched for  displays in Library/PackageCache/com.unity.xr.arfoundation@5.1.6/Runtime/UnitySubsystemsManifest.json.
[Subsystems] 1 'meshings' descriptors matched in Library/PackageCache/com.unity.xr.arfoundation@5.1.6/Runtime/UnitySubsystemsManifest.json
GfxDevice: creating device client; kGfxThreadingModeNonThreaded
 preferred device: Apple M1 Max (high power)
Metal devices available: 1
0: Apple M1 Max (high power)
Using device Apple M1 Max (high power)
Initializing Metal device caps: Apple M1 Max
[Licensing::Client] Successfully resolved entitlements
Initialize mono
Mono path[0] = '/Applications/Unity/Hub/Editor/2023.2.20f1/Unity.app/Contents/Managed'
Mono path[1] = '/Applications/Unity/Hub/Editor/2023.2.20f1/Unity.app/Contents/MonoBleedingEdge/lib/mono/unityjit-macos'
Mono config path = '/Applications/Unity/Hub/Editor/2023.2.20f1/Unity.app/Contents/MonoBleedingEdge/etc'
Using monoOptions --debugger-agent=transport=dt_socket,embedding=1,server=y,suspend=n,address=127.0.0.1:56637
Using cacheserver namespaces - metadata:defaultmetadata, artifacts:defaultartifacts
Using cacheserver namespaces - metadata:defaultmetadata, artifacts:defaultartifacts
ImportWorker Server TCP listen port: 0
AcceleratorClientConnectionCallback - disconnected - :0
Begin MonoManager ReloadAssembly
Registering precompiled unity dll's ...
Register platform support module: /Applications/Unity/Hub/Editor/2023.2.20f1/Unity.app/Contents/PlaybackEngines/MacStandaloneSupport/UnityEditor.OSXStandalone.Extensions.dll
Register platform support module: /Applications/Unity/Hub/Editor/2023.2.20f1/PlaybackEngines/iOSSupport/UnityEditor.iOS.Extensions.dll
Registered in 0.001046 seconds.
- Loaded All Assemblies, in  0.256 seconds
[usbmuxd] Start listen thread
[usbmuxd] Listen thread started
[usbmuxd] Send listen message
Native extension for iOS target not found
Native extension for OSXStandalone target not found
Mono: successfully reloaded assembly
- Finished resetting the current domain, in  0.289 seconds
Domain Reload Profiling: 546ms
	BeginReloadAssembly (52ms)
		ExecutionOrderSort (0ms)
		DisableScriptedObjects (0ms)
		BackupInstance (0ms)
		ReleaseScriptingObjects (0ms)
		CreateAndSetChildDomain (0ms)
	RebuildCommonClasses (30ms)
	RebuildNativeTypeToScriptingClass (11ms)
	initialDomainReloadingComplete (33ms)
	LoadAllAssembliesAndSetupDomain (129ms)
		LoadAssemblies (52ms)
		RebuildTransferFunctionScriptingTraits (0ms)
		AnalyzeDomain (128ms)
			TypeCache.Refresh (127ms)
				TypeCache.ScanAssembly (117ms)
			BuildScriptInfoCaches (0ms)
			ResolveRequiredComponents (0ms)
	FinalizeReload (290ms)
		ReleaseScriptCaches (0ms)
		RebuildScriptCaches (0ms)
		SetupLoadedEditorAssemblies (250ms)
			LogAssemblyErrors (0ms)
			InitializePlatformSupportModulesInManaged (84ms)
			SetLoadedEditorAssemblies (3ms)
			BeforeProcessingInitializeOnLoad (2ms)
			ProcessInitializeOnLoadAttributes (116ms)
			ProcessInitializeOnLoadMethodAttributes (44ms)
			AfterProcessingInitializeOnLoad (0ms)
			EditorAssembliesLoaded (0ms)
		ExecutionOrderSort2 (0ms)
		AwakeInstancesAfterBackupRestoration (0ms)
[Licensing::Client] Successfully resolved entitlements
[Licensing::Client] Successfully resolved entitlements
Application.AssetDatabase Initial Refresh Start
[ScriptCompilation] Requested script compilation because: Assetdatabase observed changes in script compilation related files
[40m[32minfo[39m[22m[49m: Microsoft.Hosting.Lifetime[14]
      Now listening on: http://unix:/tmp/ilpp.sock-a5c9e433fe8d22462ff3efcddd8f8c80
[40m[32minfo[39m[22m[49m: Microsoft.Hosting.Lifetime[0]
      Application started. Press Ctrl+C to shut down.
[40m[32minfo[39m[22m[49m: Microsoft.Hosting.Lifetime[0]
      Hosting environment: Production
[40m[32minfo[39m[22m[49m: Microsoft.Hosting.Lifetime[0]
      Content root path: /Users/laurensart/Desktop/TENDOR-climbing/TENDOR-climbing/
[40m[32minfo[39m[22m[49m: Microsoft.AspNetCore.Hosting.Diagnostics[1]
      Request starting HTTP/2 POST http://ilpp/UnityILPP.PostProcessing/Ping application/grpc -
[40m[32minfo[39m[22m[49m: Microsoft.AspNetCore.Routing.EndpointMiddleware[0]
      Executing endpoint 'gRPC - /UnityILPP.PostProcessing/Ping'
[40m[32minfo[39m[22m[49m: Microsoft.AspNetCore.Routing.EndpointMiddleware[1]
      Executed endpoint 'gRPC - /UnityILPP.PostProcessing/Ping'
[40m[32minfo[39m[22m[49m: Microsoft.AspNetCore.Hosting.Diagnostics[2]
      Request finished HTTP/2 POST http://ilpp/UnityILPP.PostProcessing/Ping application/grpc - - 200 - application/grpc 31.1671ms
Starting: /Applications/Unity/Hub/Editor/2023.2.20f1/Unity.app/Contents/bee_backend --dont-print-to-structured-log --ipc --defer-dag-verification --dagfile="Library/Bee/900b0aE.dag" --continue-on-failure --profile="Library/Bee/backend1.traceevents" ScriptAssemblies
WorkingDir: /Users/laurensart/Desktop/TENDOR-climbing/TENDOR-climbing
DisplayProgressbar: Compiling Scripts
[40m[32minfo[39m[22m[49m: Microsoft.AspNetCore.Hosting.Diagnostics[1]
      Request starting HTTP/2 POST http://ilpp/UnityILPP.PostProcessing/ConfigurePostProcessors application/grpc -
[40m[32minfo[39m[22m[49m: Microsoft.AspNetCore.Routing.EndpointMiddleware[0]
      Executing endpoint 'gRPC - /UnityILPP.PostProcessing/ConfigurePostProcessors'
[40m[1m[33mwarn[39m[22m[49m: Unity.ILPP.Runner.PostProcessingAssemblyLoadContext[0]
      Assembly unityeditor.ios.extensions.xcode has duplicate hint path. Ignoring "/Applications/Unity/Hub/Editor/2023.2.20f1/Unity.app/Contents/PlaybackEngines/MacStandaloneSupport/UnityEditor.iOS.Extensions.Xcode.dll" in favor of "/Applications/Unity/Hub/Editor/2023.2.20f1/PlaybackEngines/iOSSupport/UnityEditor.iOS.Extensions.Xcode.dll"
[40m[1m[33mwarn[39m[22m[49m: Unity.ILPP.Runner.PostProcessingAssemblyLoadContext[0]
      Assembly system.runtime.interopservices.windowsruntime has duplicate hint path. Ignoring "/Applications/Unity/Hub/Editor/2023.2.20f1/Unity.app/Contents/UnityReferenceAssemblies/unity-4.8-api/Facades/System.Runtime.InteropServices.WindowsRuntime.dll" in favor of "/Applications/Unity/Hub/Editor/2023.2.20f1/Unity.app/Contents/NetStandard/Extensions/2.0.0/System.Runtime.InteropServices.WindowsRuntime.dll"
[40m[1m[33mwarn[39m[22m[49m: Unity.ILPP.Runner.PostProcessingAssemblyLoadContext[0]
      Assembly system.componentmodel.composition has duplicate hint path. Ignoring "/Applications/Unity/Hub/Editor/2023.2.20f1/Unity.app/Contents/UnityReferenceAssemblies/unity-4.8-api/System.ComponentModel.Composition.dll" in favor of "/Applications/Unity/Hub/Editor/2023.2.20f1/Unity.app/Contents/NetStandard/compat/2.1.0/shims/netfx/System.ComponentModel.Composition.dll"
[40m[32minfo[39m[22m[49m: Unity.ILPP.Runner.PostProcessingAssemblyLoadContext[0]
      Resolved Unity.Burst.Cecil, Version=0.11.4.0, Culture=neutral, PublicKeyToken=50cebf1cceb9d05e with Library/PackageCache/com.unity.burst@1.8.13/Unity.Burst.CodeGen/Unity.Burst.Cecil.dll
[40m[32minfo[39m[22m[49m: Unity.ILPP.Runner.PostProcessingAssemblyLoadContext[0]
      Resolved Mono.Cecil, Version=0.11.4.0, Culture=neutral, PublicKeyToken=50cebf1cceb9d05e with Library/PackageCache/com.unity.nuget.mono-cecil@1.11.4/Mono.Cecil.dll
[40m[32minfo[39m[22m[49m: Microsoft.AspNetCore.Routing.EndpointMiddleware[1]
      Executed endpoint 'gRPC - /UnityILPP.PostProcessing/ConfigurePostProcessors'
[40m[32minfo[39m[22m[49m: Microsoft.AspNetCore.Hosting.Diagnostics[2]
      Request finished HTTP/2 POST http://ilpp/UnityILPP.PostProcessing/ConfigurePostProcessors application/grpc - - 200 - application/grpc 17.5189ms
[40m[32minfo[39m[22m[49m: Microsoft.AspNetCore.Hosting.Diagnostics[1]
      Request starting HTTP/2 POST http://ilpp/UnityILPP.PostProcessing/PostProcessAssembly application/grpc -
[40m[32minfo[39m[22m[49m: Microsoft.AspNetCore.Routing.EndpointMiddleware[0]
      Executing endpoint 'gRPC - /UnityILPP.PostProcessing/PostProcessAssembly'
[40m[32minfo[39m[22m[49m: Unity.ILPP.Runner.PostProcessingPipeline[0]
      Processing assembly Library/Bee/artifacts/900b0aE.dag/Assembly-CSharp-Editor.dll, with 126 defines and 325 references
[40m[32minfo[39m[22m[49m: Unity.ILPP.Runner.PostProcessingPipeline[0]
      processors: Unity.Jobs.CodeGen.JobsILPostProcessor, zzzUnity.Burst.CodeGen.BurstILPostProcessor
[40m[32minfo[39m[22m[49m: Unity.ILPP.Runner.PostProcessingPipeline[0]
      running Unity.Jobs.CodeGen.JobsILPostProcessor
[40m[32minfo[39m[22m[49m: Unity.ILPP.Runner.PostProcessingAssemblyLoadContext[0]
      Resolved Unity.Collections, Version=0.0.0.0, Culture=neutral, PublicKeyToken=null with Library/Bee/artifacts/900b0aE.dag/Unity.Collections.dll
[40m[32minfo[39m[22m[49m: Unity.ILPP.Runner.PostProcessingAssemblyLoadContext[0]
      Resolved UnityEditor.CoreModule, Version=0.0.0.0, Culture=neutral, PublicKeyToken=null with /Applications/Unity/Hub/Editor/2023.2.20f1/Unity.app/Contents/Managed/UnityEngine/UnityEditor.CoreModule.dll
[40m[32minfo[39m[22m[49m: Unity.ILPP.Runner.PostProcessingAssemblyLoadContext[0]
      Resolved UnityEngine.CoreModule, Version=0.0.0.0, Culture=neutral, PublicKeyToken=null with /Applications/Unity/Hub/Editor/2023.2.20f1/Unity.app/Contents/Managed/UnityEngine/UnityEngine.CoreModule.dll
[40m[32minfo[39m[22m[49m: Unity.ILPP.Runner.PostProcessingPipeline[0]
      running zzzUnity.Burst.CodeGen.BurstILPostProcessor
[40m[32minfo[39m[22m[49m: Unity.ILPP.Runner.PostProcessingAssemblyLoadContext[0]
      Resolved Unity.Burst.Cecil.Rocks, Version=0.11.4.0, Culture=neutral, PublicKeyToken=50cebf1cceb9d05e with Library/PackageCache/com.unity.burst@1.8.13/Unity.Burst.CodeGen/Unity.Burst.Cecil.Rocks.dll
[40m[32minfo[39m[22m[49m: Microsoft.AspNetCore.Routing.EndpointMiddleware[1]
      Executed endpoint 'gRPC - /UnityILPP.PostProcessing/PostProcessAssembly'
[40m[32minfo[39m[22m[49m: Microsoft.AspNetCore.Hosting.Diagnostics[2]
      Request finished HTTP/2 POST http://ilpp/UnityILPP.PostProcessing/PostProcessAssembly application/grpc - - 200 - application/grpc 271.4180ms
ExitCode: 0 Duration: 2s200ms
[702/938    0s] ILPP-Configuration Library/ilpp-configuration.nevergeneratedoutput
[934/938    1s] Csc Library/Bee/artifacts/900b0aE.dag/Assembly-CSharp-Editor.dll (+2 others)
Assets/Scripts/Editor/SceneValidationTool.cs(33,31): warning CS0618: 'ARSessionOrigin' is obsolete: 'ARSessionOrigin has been deprecated. Use XROrigin instead.'
Assets/Scripts/Editor/SystemValidator.cs(77,30): warning CS0618: 'Object.FindObjectOfType<T>()' is obsolete: 'Object.FindObjectOfType has been deprecated. Use Object.FindFirstObjectByType instead or if finding any instance is acceptable the faster Object.FindAnyObjectByType'
Assets/Scripts/Editor/SystemValidator.cs(113,39): warning CS0618: 'Object.FindObjectOfType<T>()' is obsolete: 'Object.FindObjectOfType has been deprecated. Use Object.FindFirstObjectByType instead or if finding any instance is acceptable the faster Object.FindAnyObjectByType'
Assets/Scripts/Editor/SceneValidationTool.cs(70,27): warning CS0618: 'Object.FindObjectOfType<T>()' is obsolete: 'Object.FindObjectOfType has been deprecated. Use Object.FindFirstObjectByType instead or if finding any instance is acceptable the faster Object.FindAnyObjectByType'
Assets/Scripts/Editor/SceneValidationTool.cs(91,22): warning CS0618: 'Object.FindObjectOfType<T>()' is obsolete: 'Object.FindObjectOfType has been deprecated. Use Object.FindFirstObjectByType instead or if finding any instance is acceptable the faster Object.FindAnyObjectByType'
Assets/Scripts/Editor/SceneValidationTool.cs(125,45): warning CS0618: 'ARSessionOrigin' is obsolete: 'ARSessionOrigin has been deprecated. Use XROrigin instead.'
Assets/Scripts/Editor/SceneValidationTool.cs(125,28): warning CS0618: 'Object.FindObjectOfType<T>()' is obsolete: 'Object.FindObjectOfType has been deprecated. Use Object.FindFirstObjectByType instead or if finding any instance is acceptable the faster Object.FindAnyObjectByType'
Assets/Scripts/Editor/SceneValidationTool.cs(146,17): warning CS0618: 'Object.FindObjectOfType<T>()' is obsolete: 'Object.FindObjectOfType has been deprecated. Use Object.FindFirstObjectByType instead or if finding any instance is acceptable the faster Object.FindAnyObjectByType'
Assets/Scripts/Editor/SceneValidationTool.cs(159,17): warning CS0618: 'Object.FindObjectOfType<T>()' is obsolete: 'Object.FindObjectOfType has been deprecated. Use Object.FindFirstObjectByType instead or if finding any instance is acceptable the faster Object.FindAnyObjectByType'
Assets/Scripts/Editor/SceneValidationTool.cs(175,45): warning CS0618: 'ARSessionOrigin' is obsolete: 'ARSessionOrigin has been deprecated. Use XROrigin instead.'
Assets/Scripts/Editor/SceneValidationTool.cs(175,28): warning CS0618: 'Object.FindObjectOfType<T>()' is obsolete: 'Object.FindObjectOfType has been deprecated. Use Object.FindFirstObjectByType instead or if finding any instance is acceptable the faster Object.FindAnyObjectByType'
Assets/Scripts/Editor/SystemValidator.cs(181,39): warning CS0618: 'Object.FindObjectOfType<T>()' is obsolete: 'Object.FindObjectOfType has been deprecated. Use Object.FindFirstObjectByType instead or if finding any instance is acceptable the faster Object.FindAnyObjectByType'
Assets/Scripts/Editor/SystemValidator.cs(223,30): warning CS0618: 'Object.FindObjectOfType<T>()' is obsolete: 'Object.FindObjectOfType has been deprecated. Use Object.FindFirstObjectByType instead or if finding any instance is acceptable the faster Object.FindAnyObjectByType'
Assets/Scripts/Editor/SystemValidator.cs(224,39): warning CS0618: 'Object.FindObjectOfType<T>()' is obsolete: 'Object.FindObjectOfType has been deprecated. Use Object.FindFirstObjectByType instead or if finding any instance is acceptable the faster Object.FindAnyObjectByType'
Assets/Scripts/Editor/SystemValidator.cs(285,39): warning CS0618: 'Object.FindObjectOfType<T>()' is obsolete: 'Object.FindObjectOfType has been deprecated. Use Object.FindFirstObjectByType instead or if finding any instance is acceptable the faster Object.FindAnyObjectByType'
[935/938    0s] ILPostProcess Library/Bee/artifacts/900b0aE.dag/post-processed/Assembly-CSharp-Editor.dll (+pdb)
Processing assembly Library/Bee/artifacts/900b0aE.dag/Assembly-CSharp-Editor.dll, with 126 defines and 325 references
processors: Unity.Jobs.CodeGen.JobsILPostProcessor, zzzUnity.Burst.CodeGen.BurstILPostProcessor
running Unity.Jobs.CodeGen.JobsILPostProcessor
running zzzUnity.Burst.CodeGen.BurstILPostProcessor
[936/938    0s] CopyFiles Library/ScriptAssemblies/Assembly-CSharp-Editor.dll
[937/938    0s] CopyFiles Library/ScriptAssemblies/Assembly-CSharp-Editor.pdb
*** Tundra build success (2.18 seconds), 5 items updated, 938 evaluated
Assets/Scripts/Editor/SceneValidationTool.cs(33,31): warning CS0618: 'ARSessionOrigin' is obsolete: 'ARSessionOrigin has been deprecated. Use XROrigin instead.'
Assets/Scripts/Editor/SystemValidator.cs(77,30): warning CS0618: 'Object.FindObjectOfType<T>()' is obsolete: 'Object.FindObjectOfType has been deprecated. Use Object.FindFirstObjectByType instead or if finding any instance is acceptable the faster Object.FindAnyObjectByType'
Assets/Scripts/Editor/SystemValidator.cs(113,39): warning CS0618: 'Object.FindObjectOfType<T>()' is obsolete: 'Object.FindObjectOfType has been deprecated. Use Object.FindFirstObjectByType instead or if finding any instance is acceptable the faster Object.FindAnyObjectByType'
Assets/Scripts/Editor/SceneValidationTool.cs(70,27): warning CS0618: 'Object.FindObjectOfType<T>()' is obsolete: 'Object.FindObjectOfType has been deprecated. Use Object.FindFirstObjectByType instead or if finding any instance is acceptable the faster Object.FindAnyObjectByType'
Assets/Scripts/Editor/SceneValidationTool.cs(91,22): warning CS0618: 'Object.FindObjectOfType<T>()' is obsolete: 'Object.FindObjectOfType has been deprecated. Use Object.FindFirstObjectByType instead or if finding any instance is acceptable the faster Object.FindAnyObjectByType'
Assets/Scripts/Editor/SceneValidationTool.cs(125,45): warning CS0618: 'ARSessionOrigin' is obsolete: 'ARSessionOrigin has been deprecated. Use XROrigin instead.'
Assets/Scripts/Editor/SceneValidationTool.cs(125,28): warning CS0618: 'Object.FindObjectOfType<T>()' is obsolete: 'Object.FindObjectOfType has been deprecated. Use Object.FindFirstObjectByType instead or if finding any instance is acceptable the faster Object.FindAnyObjectByType'
Assets/Scripts/Editor/SceneValidationTool.cs(146,17): warning CS0618: 'Object.FindObjectOfType<T>()' is obsolete: 'Object.FindObjectOfType has been deprecated. Use Object.FindFirstObjectByType instead or if finding any instance is acceptable the faster Object.FindAnyObjectByType'
Assets/Scripts/Editor/SceneValidationTool.cs(159,17): warning CS0618: 'Object.FindObjectOfType<T>()' is obsolete: 'Object.FindObjectOfType has been deprecated. Use Object.FindFirstObjectByType instead or if finding any instance is acceptable the faster Object.FindAnyObjectByType'
Assets/Scripts/Editor/SceneValidationTool.cs(175,45): warning CS0618: 'ARSessionOrigin' is obsolete: 'ARSessionOrigin has been deprecated. Use XROrigin instead.'
Assets/Scripts/Editor/SceneValidationTool.cs(175,28): warning CS0618: 'Object.FindObjectOfType<T>()' is obsolete: 'Object.FindObjectOfType has been deprecated. Use Object.FindFirstObjectByType instead or if finding any instance is acceptable the faster Object.FindAnyObjectByType'
Assets/Scripts/Editor/SystemValidator.cs(181,39): warning CS0618: 'Object.FindObjectOfType<T>()' is obsolete: 'Object.FindObjectOfType has been deprecated. Use Object.FindFirstObjectByType instead or if finding any instance is acceptable the faster Object.FindAnyObjectByType'
Assets/Scripts/Editor/SystemValidator.cs(223,30): warning CS0618: 'Object.FindObjectOfType<T>()' is obsolete: 'Object.FindObjectOfType has been deprecated. Use Object.FindFirstObjectByType instead or if finding any instance is acceptable the faster Object.FindAnyObjectByType'
Assets/Scripts/Editor/SystemValidator.cs(224,39): warning CS0618: 'Object.FindObjectOfType<T>()' is obsolete: 'Object.FindObjectOfType has been deprecated. Use Object.FindFirstObjectByType instead or if finding any instance is acceptable the faster Object.FindAnyObjectByType'
Assets/Scripts/Editor/SystemValidator.cs(285,39): warning CS0618: 'Object.FindObjectOfType<T>()' is obsolete: 'Object.FindObjectOfType has been deprecated. Use Object.FindFirstObjectByType instead or if finding any instance is acceptable the faster Object.FindAnyObjectByType'
AssetDatabase: script compilation time: 2.633425s
Total cache size 267412472
Total cache size after purge 267412472
Begin MonoManager ReloadAssembly
Symbol file LoadedFromMemory doesn't match image /Users/laurensart/Desktop/TENDOR-climbing/TENDOR-climbing/Library/PackageCache/com.unity.visualscripting@1.8.0/Editor/VisualScripting.Core/Dependencies/YamlDotNet/Unity.VisualScripting.YamlDotNet.dll
Symbol file LoadedFromMemory doesn't match image /Users/laurensart/Desktop/TENDOR-climbing/TENDOR-climbing/Library/PackageCache/com.unity.visualscripting@1.8.0/Editor/VisualScripting.Core/Dependencies/DotNetZip/Unity.VisualScripting.IonicZip.dll
- Loaded All Assemblies, in  0.669 seconds
Refreshing native plugins compatible for Editor in 1.74 ms, found 4 plugins.
Native extension for iOS target not found
Native extension for OSXStandalone target not found
Mono: successfully reloaded assembly
- Finished resetting the current domain, in  4.046 seconds
Domain Reload Profiling: 4715ms
	BeginReloadAssembly (337ms)
		ExecutionOrderSort (0ms)
		DisableScriptedObjects (7ms)
		BackupInstance (0ms)
		ReleaseScriptingObjects (0ms)
		CreateAndSetChildDomain (39ms)
	RebuildCommonClasses (30ms)
	RebuildNativeTypeToScriptingClass (11ms)
	initialDomainReloadingComplete (17ms)
	LoadAllAssembliesAndSetupDomain (273ms)
		LoadAssemblies (151ms)
		RebuildTransferFunctionScriptingTraits (0ms)
		AnalyzeDomain (162ms)
			TypeCache.Refresh (127ms)
				TypeCache.ScanAssembly (117ms)
			BuildScriptInfoCaches (24ms)
			ResolveRequiredComponents (9ms)
	FinalizeReload (4046ms)
		ReleaseScriptCaches (0ms)
		RebuildScriptCaches (0ms)
		SetupLoadedEditorAssemblies (3871ms)
			LogAssemblyErrors (0ms)
			InitializePlatformSupportModulesInManaged (17ms)
			SetLoadedEditorAssemblies (3ms)
			BeforeProcessingInitializeOnLoad (69ms)
			ProcessInitializeOnLoadAttributes (1971ms)
			ProcessInitializeOnLoadMethodAttributes (1810ms)
			AfterProcessingInitializeOnLoad (1ms)
			EditorAssembliesLoaded (0ms)
		ExecutionOrderSort2 (0ms)
		AwakeInstancesAfterBackupRestoration (6ms)
Refreshing native plugins compatible for Editor in 1.63 ms, found 4 plugins.
Preloading 0 native plugins for Editor in 0.00 ms.
Asset Pipeline Refresh (id=01a105cb1ef774993b7e0a6ac6ce2054): Total: 8.073 seconds - Initiated by InitialRefreshV2(ForceSynchronousImport)
	Summary:
		Imports: total=0 (actual=0, local cache=0, cache server=0)
		Asset DB Process Time: managed=0 ms, native=4515 ms
		Asset DB Callback time: managed=166 ms, native=6 ms
		Scripting: domain reloads=1, domain reload time=709 ms, compile time=2635 ms, other=40 ms
		Project Asset Count: scripts=1430, non-scripts=1612
		Asset File Changes: new=0, changed=1, moved=0, deleted=0
		Scan Filter Count: 1
	InvokeCustomDependenciesCallbacks: 0.000ms
	InvokePackagesCallback: 3.085ms
	ApplyChangesToAssetFolders: 0.204ms
	Scan: 213.006ms
	OnSourceAssetsModified: 0.684ms
	CategorizeAssetsWithTransientArtifact: 71.821ms
	ProcessAssetsWithTransientArtifactChanges: 55.784ms
	CategorizeAssets: 28.595ms
	ImportOutOfDateAssets: 4055.748ms (1419.314ms without children)
		CompileScripts: 2634.808ms
		ReloadNativeAssets: 0.028ms
		UnloadImportedAssets: 0.817ms
		EnsureUptoDateAssetsAreRegisteredWithGuidPM: 0.540ms
		InitializingProgressBar: 0.000ms
		PostProcessAllAssetNotificationsAddChangedAssets: 0.000ms
		OnDemandSchedulerStart: 0.241ms
	PostProcessAllAssets: 167.360ms
	Hotreload: 4.235ms
	GatherAllCurrentPrimaryArtifactRevisions: 0.000ms
	UnloadStreamsBegin: 0.360ms
	PersistCurrentRevisions: 0.088ms
	UnloadStreamsEnd: 0.000ms
	GenerateScriptTypeHashes: 4.326ms
	Untracked: 3472.153ms

Application.AssetDatabase Initial Refresh End
Launching external process: /Applications/Unity/Hub/Editor/2023.2.20f1/Unity.app/Contents/Tools/UnityShaderCompiler
Launched and connected shader compiler UnityShaderCompiler after 0.06 seconds
Scanning for USB devices : 0.048ms
Initializing Unity extensions:
[Licensing::Client] Successfully resolved entitlements
New input system (experimental) initialized
[MODES] ModeService[none].Initialize
[MODES] ModeService[none].LoadModes
[MODES] Loading mode Default (0) for mode-current-id-TENDOR-climbing
2025-05-26 19:50:20.303 Unity[21637:1798625] NSEventModifierFlagFunction specified to -setKeyEquivalentModifierMask: for item <NSMenuItem: 0x1275e9210 SDF, ke='Command-F12'>, but is only supported for system-provided menu items; will not be used
Unloading 28 Unused Serialized files (Serialized files now loaded: 0)
Unloading 6381 unused Assets / (7.8 MB). Loaded Objects now: 6971.
Memory consumption went from 252.7 MB to 244.9 MB.
Total: 9.486042 ms (FindLiveObjects: 0.337875 ms CreateObjectMapping: 0.205417 ms MarkObjects: 5.467458 ms  DeleteObjects: 3.474500 ms)

2025-05-26 19:50:20.355 Unity[21637:1798625] NSEventModifierFlagFunction specified to -setKeyEquivalentModifierMask: for item <NSMenuItem: 0x2efac3ce0 SDF, ke='Command-F12'>, but is only supported for system-provided menu items; will not be used
Batchmode quit successfully invoked - shutting down!
Curl error 42: Callback aborted
Thread 0x2f3c47000 may have been prematurely finalized
[Licensing::IpcConnector] License Notification channel disconnected successfully.
[Licensing::IpcConnector] License Client channel disconnected successfully.
Thread 0x17c013000 may have been prematurely finalized
Thread 0x17c09f000 may have been prematurely finalized
Thread 0x17c3e7000 may have been prematurely finalized
AcceleratorClientConnectionCallback - disconnected - :0
[40m[32minfo[39m[22m[49m: Microsoft.Hosting.Lifetime[0]
      Application is shutting down...
Cleanup mono
[40m[32minfo[39m[22m[49m: Unity.ILPP.Runner.PostProcessingAssemblyLoadContext[0]
      ALC ILPP context 1 is unloading
debugger-agent: Unable to listen on 47
[usbmuxd] Stop listen thread
[usbmuxd] Error: 
[usbmuxd] Listen thread exiting
[Performance] Application.InitializeProject                                                                                                                :        1 samples, Peak.  9.86 s (1.0x), Avg.  9.86 s, Total. 9.862 s (74.4%)
[Performance] Application.PackageManager.StartServer                                                                                                       :        1 samples, Peak.  1.55 ms (1.0x), Avg.  1.55 ms, Total. 1.547 ms (0.0%)
[Performance] Application.AcquireProjectLock                                                                                                               :        1 samples, Peak.   958 us (1.0x), Avg.   958 us, Total. 958.0 us (0.0%)
[Performance] Application.InitializeEngineNoGraphics                                                                                                       :        1 samples, Peak.  32.1 ms (1.0x), Avg.  32.1 ms, Total. 32.10 ms (0.2%)
[Performance] Application.PackageManager.Initialize                                                                                                        :        1 samples, Peak.   430 ms (1.0x), Avg.   430 ms, Total. 430.2 ms (3.2%)
[Performance] Connecting to Package Manager                                                                                                                :       44 samples, Peak.  73.2 us (29.0x), Avg.  2.53 us, Total. 111.2 us (0.0%)
[Performance] Application.EngineGraphics.Initialize                                                                                                        :        1 samples, Peak.  42.5 ms (1.0x), Avg.  42.5 ms, Total. 42.46 ms (0.3%)
[Performance] Application.GI.Initialize                                                                                                                    :        1 samples, Peak.   568 us (1.0x), Avg.   568 us, Total. 568.2 us (0.0%)
[Performance] Application.LoadAllDefaultResourcesFromEditor                                                                                                :        1 samples, Peak.  1.11 ms (1.0x), Avg.  1.11 ms, Total. 1.107 ms (0.0%)
[Performance] Application.LoadMonoAssemblies                                                                                                               :        1 samples, Peak.   549 ms (1.0x), Avg.   549 ms, Total. 548.8 ms (4.1%)
[Performance] RestoreManagedReferences                                                                                                                     :        2 samples, Peak.  42.8 ms (2.0x), Avg.  21.4 ms, Total. 42.78 ms (0.3%)
[Performance] AssemblyReloadEvents.afterAssemblyReload: UnityEditor.SceneTemplate.SceneTemplateService.AfterAssemblyReload                                 :        2 samples, Peak.  2.74 ms (1.6x), Avg.  1.72 ms, Total. 3.438 ms (0.0%)
[Performance] ProcessService.EditorAfterLoadAllAssemblies                                                                                                  :        2 samples, Peak.   279 us (1.2x), Avg.   234 us, Total. 467.5 us (0.0%)
[Performance] Application.ReadLicenseInfo                                                                                                                  :        1 samples, Peak.  24.6 ms (1.0x), Avg.  24.6 ms, Total. 24.63 ms (0.2%)
[Performance] Application.InitialRefresh                                                                                                                   :        1 samples, Peak.  8.08 s (1.0x), Avg.  8.08 s, Total. 8.075 s (60.9%)
[Performance] AssetDatabase.InitialRefresh                                                                                                                 :        1 samples, Peak.  8.07 s (1.0x), Avg.  8.07 s, Total. 8.073 s (60.9%)
[Performance] ShaderImporter.SourceAssetModified                                                                                                           :        1 samples, Peak.   292 ns (1.0x), Avg.   292 ns, Total. 292.0 ns (0.0%)
[Performance] ShaderIncludeImporter.SourceAssetModified                                                                                                    :        1 samples, Peak.   458 ns (1.0x), Avg.   458 ns, Total. 458.0 ns (0.0%)
[Performance] Compiling Scripts                                                                                                                            :        1 samples, Peak.  2.63 s (1.0x), Avg.  2.63 s, Total. 2.633 s (19.9%)
[Performance] AssemblyReloadEvents.beforeAssemblyReload: UnityEditor.SceneTemplate.SceneTemplateService.BeforeAssemblyReload                               :        1 samples, Peak.   542 us (1.0x), Avg.   542 us, Total. 541.8 us (0.0%)
[Performance] EditorResources.Load                                                                                                                         :       13 samples, Peak.  32.8 ms (12.8x), Avg.  2.56 ms, Total. 33.23 ms (0.3%)
[Performance] Package.AsyncRequest                                                                                                                         :       32 samples, Peak.  1.14 ms (18.5x), Avg.  61.8 us, Total. 1.976 ms (0.0%)
[Performance] DidReloadScriptsTestListCache.ScriptReloaded                                                                                                 :        1 samples, Peak.   684 us (1.0x), Avg.   684 us, Total. 684.2 us (0.0%)
[Performance] DidReloadScriptsTestRunnerWindow.CompilationCallback                                                                                         :        1 samples, Peak.   660 us (1.0x), Avg.   660 us, Total. 660.0 us (0.0%)
[Performance] DidReloadScriptsPackageVersionUtility.OnReloadScripts                                                                                        :        1 samples, Peak.  51.4 us (1.0x), Avg.  51.4 us, Total. 51.42 us (0.0%)
[Performance] DidReloadScriptsLookDev.OnEditorReload                                                                                                       :        1 samples, Peak.   146 us (1.0x), Avg.   146 us, Total. 146.0 us (0.0%)
[Performance] DidReloadScriptsDebugWindow.OnEditorReload                                                                                                   :        1 samples, Peak.  3.67 ms (1.0x), Avg.  3.67 ms, Total. 3.670 ms (0.0%)
[Performance] DidReloadScriptsVolumeComponentEditor.OnEditorReload                                                                                         :        1 samples, Peak.  14.9 ms (1.0x), Avg.  14.9 ms, Total. 14.88 ms (0.1%)
[Performance] DidReloadScriptsAdvancedDropdownWindow.OnScriptReload                                                                                        :        2 samples, Peak.   284 us (1.3x), Avg.   221 us, Total. 441.2 us (0.0%)
[Performance] DidReloadScriptsEditorMenuExtensions.FindAndCloseAllContextMenus                                                                             :        1 samples, Peak.  2.34 ms (1.0x), Avg.  2.34 ms, Total. 2.342 ms (0.0%)
[Performance] AssemblyReloadEvents.afterAssemblyReload: UnityEditor.XR.Management.Metadata.XRPackageMetadataStore.AssemblyReloadEvents_afterAssemblyReload :        1 samples, Peak.  2.32 ms (1.0x), Avg.  2.32 ms, Total. 2.316 ms (0.0%)
[Performance] AssetDatabase.ImportAssets                                                                                                                   :        3 samples, Peak.   500 ns (1.6x), Avg.   306 ns, Total. 917.0 ns (0.0%)
[Performance] VersionControl.Task.Wait                                                                                                                     :        1 samples, Peak.  6.88 us (1.0x), Avg.  6.88 us, Total. 6.875 us (0.0%)
[Performance] AssetPostprocessor.OnPostprocessAllAssets                                                                                                    :        2 samples, Peak.   436 us (1.1x), Avg.   393 us, Total. 786.4 us (0.0%)
[Performance] SamplePostprocessor.OnPostprocessAllAssets                                                                                                   :        2 samples, Peak.   109 us (1.0x), Avg.   108 us, Total. 215.8 us (0.0%)
[Performance] TMPro_TexturePostProcessor.OnPostprocessAllAssets                                                                                            :        2 samples, Peak.   195 us (1.0x), Avg.   193 us, Total. 386.9 us (0.0%)
[Performance] WindowAssetPostprocessingWatcher_Internal.OnPostprocessAllAssets                                                                             :        2 samples, Peak.  1.23 ms (1.0x), Avg.  1.23 ms, Total. 2.461 ms (0.0%)
[Performance] BuilderAssetPostprocessor.OnPostprocessAllAssets                                                                                             :        2 samples, Peak.  3.91 ms (1.0x), Avg.  3.90 ms, Total. 7.809 ms (0.1%)
[Performance] ArtifactBrowserPostProcessor.OnPostprocessAllAssets                                                                                          :        2 samples, Peak.   416 us (1.0x), Avg.   415 us, Total. 829.9 us (0.0%)
[Performance] AssetEvents.OnPostprocessAllAssets                                                                                                           :        4 samples, Peak.   131 us (1.4x), Avg.  91.7 us, Total. 366.8 us (0.0%)
[Performance] AudioContainerPostProcessor.OnPostprocessAllAssets                                                                                           :        2 samples, Peak.  64.4 us (1.0x), Avg.  62.5 us, Total. 125.0 us (0.0%)
[Performance] AudioMixerPostprocessor.OnPostprocessAllAssets                                                                                               :        2 samples, Peak.   220 us (1.0x), Avg.   218 us, Total. 436.3 us (0.0%)
[Performance] StyleCatalogPostProcessor.OnPostprocessAllAssets                                                                                             :        2 samples, Peak.  12.5 ms (1.0x), Avg.  12.5 ms, Total. 24.95 ms (0.2%)
[Performance] BuildCatalog                                                                                                                                 :        1 samples, Peak.  11.7 ms (1.0x), Avg.  11.7 ms, Total. 11.67 ms (0.1%)
[Performance] ModelImporterPostProcessor.OnPostprocessAllAssets                                                                                            :        2 samples, Peak.   861 us (1.0x), Avg.   860 us, Total. 1.719 ms (0.0%)
[Performance] AssetDatabaseProxy.OnPostprocessAllAssets                                                                                                    :        2 samples, Peak.   112 ms (1.0x), Avg.   112 ms, Total. 223.8 ms (1.7%)
[Performance] MaterialPostprocessor.OnPostprocessAllAssets                                                                                                 :        2 samples, Peak.   373 us (1.0x), Avg.   371 us, Total. 742.5 us (0.0%)
[Performance] RetainedModeAssetPostprocessor.OnPostprocessAllAssets                                                                                        :        2 samples, Peak.  1.66 ms (1.0x), Avg.  1.66 ms, Total. 3.318 ms (0.0%)
[Performance] AssetChangedListener.OnPostprocessAllAssets                                                                                                  :        2 samples, Peak.   924 us (1.0x), Avg.   923 us, Total. 1.845 ms (0.0%)
[Performance] PostProcessor.OnPostprocessAllAssets                                                                                                         :        2 samples, Peak.   164 us (1.0x), Avg.   162 us, Total. 324.3 us (0.0%)
[Performance] ShaderGraphAssetPostProcessor.OnPostprocessAllAssets                                                                                         :        2 samples, Peak.  1.08 ms (1.0x), Avg.  1.08 ms, Total. 2.160 ms (0.0%)
[Performance] SpeedTreePostProcessor.OnPostprocessAllAssets                                                                                                :        2 samples, Peak.   132 us (1.0x), Avg.   132 us, Total. 263.4 us (0.0%)
[Performance] TerrainToolbarOverlayPostProcessor.OnPostprocessAllAssets                                                                                    :        2 samples, Peak.   236 us (1.0x), Avg.   234 us, Total. 467.1 us (0.0%)
[Performance] TextAssetPostProcessor.OnPostprocessAllAssets                                                                                                :        2 samples, Peak.   341 us (1.0x), Avg.   340 us, Total. 680.1 us (0.0%)
[Performance] SpriteEditorTexturePostprocessor.OnPostprocessAllAssets                                                                                      :        2 samples, Peak.   405 us (1.0x), Avg.   404 us, Total. 807.4 us (0.0%)
[Performance] AssetCallbacks.OnPostprocessAllAssets                                                                                                        :        2 samples, Peak.  13.9 ms (1.0x), Avg.  13.9 ms, Total. 27.88 ms (0.2%)
[Performance] EnvironmentAssetPostprocessor.OnPostprocessAllAssets                                                                                         :        2 samples, Peak.   276 us (1.0x), Avg.   275 us, Total. 549.7 us (0.0%)
[Performance] InputActionAssetPostprocessor.OnPostprocessAllAssets                                                                                         :        2 samples, Peak.   224 us (1.0x), Avg.   223 us, Total. 445.7 us (0.0%)
[Performance] InputActionJsonNameModifierAssetProcessor.OnPostprocessAllAssets                                                                             :        2 samples, Peak.  39.7 us (1.0x), Avg.  38.9 us, Total. 77.75 us (0.0%)
[Performance] ProjectSettingsPostprocessor.OnPostprocessAllAssets                                                                                          :        2 samples, Peak.  72.2 us (1.0x), Avg.  71.4 us, Total. 142.7 us (0.0%)
[Performance] SyncVS.PostprocessSyncProject                                                                                                                :        1 samples, Peak.  7.28 ms (1.0x), Avg.  7.28 ms, Total. 7.277 ms (0.1%)
[Performance] Application.ImportPackagesAndSetTemplateWhenCreatingProject                                                                                  :        1 samples, Peak.  12.7 ms (1.0x), Avg.  12.7 ms, Total. 12.74 ms (0.1%)
[Performance] Application.SyncCurrentColorSpace                                                                                                            :        1 samples, Peak.  94.3 ms (1.0x), Avg.  94.3 ms, Total. 94.31 ms (0.7%)
[Performance] Application.OnUsbDevicesChanged                                                                                                              :        1 samples, Peak.  87.1 us (1.0x), Avg.  87.1 us, Total. 87.13 us (0.0%)
[Performance] Application.AssetInstanceCacheUpdate                                                                                                         :        1 samples, Peak.   166 ns (1.0x), Avg.   166 ns, Total. 166.0 ns (0.0%)
[Performance] Application.UnityExtensions.Initialize                                                                                                       :        1 samples, Peak.  14.2 ms (1.0x), Avg.  14.2 ms, Total. 14.21 ms (0.1%)
[Performance] CodeEditorProjectSync.SyncEditorProject                                                                                                      :        1 samples, Peak.   250 ms (1.0x), Avg.   250 ms, Total. 250.2 ms (1.9%)
[Performance] Application.ExecuteStartups                                                                                                                  :        1 samples, Peak.  22.0 ms (1.0x), Avg.  22.0 ms, Total. 22.02 ms (0.2%)
[Performance] Menu.RegisterMenuInterface                                                                                                                   :       26 samples, Peak.  2.58 ms (26.0x), Avg.  99.4 us, Total. 2.584 ms (0.0%)
[Performance] Gizmo.RebuildRenderers                                                                                                                       :        1 samples, Peak.  18.3 ms (1.0x), Avg.  18.3 ms, Total. 18.26 ms (0.1%)
[Performance] Gizmo.AddGizmoRenderers                                                                                                                      :      140 samples, Peak.  1.08 ms (61.4x), Avg.  17.5 us, Total. 2.452 ms (0.0%)
[Performance] Application.editorInitializingProject                                                                                                        :        1 samples, Peak.  12.9 ms (1.0x), Avg.  12.9 ms, Total. 12.95 ms (0.1%)
[Performance] Application.InitializeMenu                                                                                                                   :        1 samples, Peak.  50.6 ms (1.0x), Avg.  50.6 ms, Total. 50.59 ms (0.4%)
[Performance] Menu.RebuildAll                                                                                                                              :        1 samples, Peak.  50.6 ms (1.0x), Avg.  50.6 ms, Total. 50.58 ms (0.4%)
[Performance] Menu.BuildRegisteredMenuInterfaces                                                                                                           :        1 samples, Peak.  45.1 ms (1.0x), Avg.  45.1 ms, Total. 45.11 ms (0.3%)
[Performance] Menu.FilterMenuItem                                                                                                                          :     1039 samples, Peak.  12.6 ms (1016.8x), Avg.  12.4 us, Total. 12.86 ms (0.1%)
[Performance] UpdateAllMenus                                                                                                                               :        1 samples, Peak.   453 us (1.0x), Avg.   453 us, Total. 453.0 us (0.0%)
[Performance] EditorSceneManager.sceneClosing: UnityEditor.SceneVisibilityManager.EditorSceneManagerOnSceneClosing                                         :        1 samples, Peak.   167 us (1.0x), Avg.   167 us, Total. 166.6 us (0.0%)
[Performance] GUIView.RepaintAll.PlayerLoopController                                                                                                      :        1 samples, Peak.   708 ns (1.0x), Avg.   708 ns, Total. 708.0 ns (0.0%)
[Performance] EditorSceneManager.newSceneCreated: UnityEditor.SceneTemplate.SceneTemplateService.OnNewSceneCreated                                         :        1 samples, Peak.   168 us (1.0x), Avg.   168 us, Total. 167.9 us (0.0%)
[Performance] EditorSceneManager.newSceneCreated: UnityEditor.SceneVisibilityManager.EditorSceneManagerOnNewSceneCreated                                   :        1 samples, Peak.   177 us (1.0x), Avg.   177 us, Total. 177.0 us (0.0%)
[Performance] EditorSceneManager.newSceneCreated: UnityEditor.SceneManagement.StageNavigationManager.OnNewSceneCreated                                     :        1 samples, Peak.  40.5 us (1.0x), Avg.  40.5 us, Total. 40.54 us (0.0%)
[Performance] Application.InvokeFinishedLoadingProject                                                                                                     :        1 samples, Peak.  17.5 ms (1.0x), Avg.  17.5 ms, Total. 17.54 ms (0.1%)
[Performance] ProcessService.OnProjectLoaded                                                                                                               :        1 samples, Peak.  82.3 us (1.0x), Avg.  82.3 us, Total. 82.25 us (0.0%)
[Performance] EditorApplication.quitting: Unity.Burst.Editor.BurstLoader.OnEditorApplicationQuitting                                                       :        1 samples, Peak.  23.0 us (1.0x), Avg.  23.0 us, Total. 22.96 us (0.0%)
[Performance] EditorApplication.quitting: callback in TMPro.EditorEventCallbacks                                                                           :        1 samples, Peak.  33.2 ms (1.0x), Avg.  33.2 ms, Total. 33.17 ms (0.3%)
[Performance] EditorApplication.quitting: callback in UnityEditor.TextCore.Text.EditorEventCallbacks                                                       :        1 samples, Peak.  11.7 ms (1.0x), Avg.  11.7 ms, Total. 11.72 ms (0.1%)
[Performance] Application.Shutdown.PauseProfilerSession                                                                                                    :        1 samples, Peak.  29.6 us (1.0x), Avg.  29.6 us, Total. 29.62 us (0.0%)
[Performance] Application.Shutdown.PauseAssetImportWorkers                                                                                                 :        1 samples, Peak.   107 us (1.0x), Avg.   107 us, Total. 106.9 us (0.0%)
[Performance] Application.Shutdown.SaveAssets                                                                                                              :        1 samples, Peak.  4.09 ms (1.0x), Avg.  4.09 ms, Total. 4.088 ms (0.0%)
[Performance] StateMacroSavedEvent.OnWillSaveAssets                                                                                                        :        1 samples, Peak.   112 us (1.0x), Avg.   112 us, Total. 111.6 us (0.0%)
[Performance] FlowMacroSavedEvent.OnWillSaveAssets                                                                                                         :        1 samples, Peak.  80.5 us (1.0x), Avg.  80.5 us, Total. 80.54 us (0.0%)
[Performance] BuilderAssetModificationProcessor.OnWillSaveAssets                                                                                           :        1 samples, Peak.   224 us (1.0x), Avg.   224 us, Total. 224.2 us (0.0%)
[Performance] TerrainModificationProcessor.OnWillSaveAssets                                                                                                :        1 samples, Peak.   433 us (1.0x), Avg.   433 us, Total. 432.9 us (0.0%)
[Performance] AudioContainerModificationProcessor.OnWillSaveAssets                                                                                         :        1 samples, Peak.  40.9 us (1.0x), Avg.  40.9 us, Total. 40.87 us (0.0%)
[Performance] Application.Shutdown.CleanupRenderPipeline                                                                                                   :        1 samples, Peak.  2.58 us (1.0x), Avg.  2.58 us, Total. 2.583 us (0.0%)
[Performance] Application.Shutdown.StopPreloadManager                                                                                                      :        1 samples, Peak.  11.0 ms (1.0x), Avg.  11.0 ms, Total. 11.03 ms (0.1%)
[Performance] Application.Shutdown.DestroyWorld                                                                                                            :        1 samples, Peak.   327 us (1.0x), Avg.   327 us, Total. 326.7 us (0.0%)
[Performance] Application.Shutdown.CleanupAfterLoad                                                                                                        :        1 samples, Peak.   141 ms (1.0x), Avg.   141 ms, Total. 141.1 ms (1.1%)
[Performance] Application.Shutdown.Progress                                                                                                                :        1 samples, Peak.  19.0 us (1.0x), Avg.  19.0 us, Total. 19.04 us (0.0%)
[Performance] Application.Shutdown.GICleanupManagers                                                                                                       :        1 samples, Peak.   530 us (1.0x), Avg.   530 us, Total. 529.9 us (0.0%)
[Performance] Application.Shutdown.MenuCleanupClass                                                                                                        :        1 samples, Peak.   116 us (1.0x), Avg.   116 us, Total. 116.5 us (0.0%)
[Performance] Application.Shutdown.ADBSaveStateBeforeShutdown                                                                                              :        1 samples, Peak.  6.54 us (1.0x), Avg.  6.54 us, Total. 6.542 us (0.0%)
[Performance] Application.Shutdown.RemoteShutdown                                                                                                          :        1 samples, Peak.   750 ns (1.0x), Avg.   750 ns, Total. 750.0 ns (0.0%)
[Performance] Application.Shutdown.CleanupVCProvider                                                                                                       :        1 samples, Peak.  4.50 us (1.0x), Avg.  4.50 us, Total. 4.500 us (0.0%)
[Performance] Application.Shutdown.InputShutdown                                                                                                           :        1 samples, Peak.   132 us (1.0x), Avg.   132 us, Total. 131.5 us (0.0%)
[Performance] Application.Shutdown.GizmoManagerDestroy                                                                                                     :        1 samples, Peak.   605 us (1.0x), Avg.   605 us, Total. 605.2 us (0.0%)
[Performance] Application.Shutdown.ProfilerSession                                                                                                         :        1 samples, Peak.   167 us (1.0x), Avg.   167 us, Total. 167.2 us (0.0%)
[Performance] Application.Shutdown.ReleaseGfxWindowOnAllGUIViews                                                                                           :        1 samples, Peak.  7.29 us (1.0x), Avg.  7.29 us, Total. 7.291 us (0.0%)
[Performance] Application.Shutdown.CleanupEngine                                                                                                           :        1 samples, Peak.  91.1 ms (1.0x), Avg.  91.1 ms, Total. 91.11 ms (0.7%)
[Performance] Application.Shutdown.CleanupAssetDatabase                                                                                                    :        1 samples, Peak.  7.59 ms (1.0x), Avg.  7.59 ms, Total. 7.590 ms (0.1%)
[Performance] Application.Shutdown.ScriptCompilationCleanUp                                                                                                :        1 samples, Peak.  14.5 us (1.0x), Avg.  14.5 us, Total. 14.46 us (0.0%)
[Performance] Application.Shutdown.DestroyJobSystem                                                                                                        :        1 samples, Peak.   139 us (1.0x), Avg.   139 us, Total. 139.1 us (0.0%)
[Performance] Application.Shutdown.CleanupPersistentManager                                                                                                :        1 samples, Peak.  1.77 ms (1.0x), Avg.  1.77 ms, Total. 1.772 ms (0.0%)
[Performance] Application.Shutdown.CleanupAsyncReadManager                                                                                                 :        1 samples, Peak.   239 us (1.0x), Avg.   239 us, Total. 239.3 us (0.0%)
[Performance] Application.Shutdown.CleanupMono                                                                                                             :        1 samples, Peak.   113 ms (1.0x), Avg.   113 ms, Total. 113.1 ms (0.9%)
[Performance] Application.Shutdown.CleanupStdConverters                                                                                                    :        1 samples, Peak.  6.79 us (1.0x), Avg.  6.79 us, Total. 6.792 us (0.0%)
[Performance] Application.Shutdown.UnloadAllPlatformSupportModuleNativeDlls                                                                                :        1 samples, Peak.   541 ns (1.0x), Avg.   541 ns, Total. 541.0 ns (0.0%)
[Performance] Application.Shutdown.UnloadAllPlatformSupportNativeLibraries                                                                                 :        1 samples, Peak.  75.8 us (1.0x), Avg.  75.8 us, Total. 75.79 us (0.0%)
[Performance] Application.Shutdown.CleanupAutoDocumentation                                                                                                :        1 samples, Peak.   193 us (1.0x), Avg.   193 us, Total. 193.3 us (0.0%)
[Performance] Application.Shutdown.ShaderNameManagerDestroy                                                                                                :        1 samples, Peak.  27.0 us (1.0x), Avg.  27.0 us, Total. 27.04 us (0.0%)
[Performance] Application.Shutdown.CleanupCacheServer                                                                                                      :        1 samples, Peak.   292 ns (1.0x), Avg.   292 ns, Total. 292.0 ns (0.0%)
[Performance] Application.Shutdown.Virtualization_Shutdown                                                                                                 :        1 samples, Peak.   250 ns (1.0x), Avg.   250 ns, Total. 250.0 ns (0.0%)
[Performance] Application.Shutdown.DevConnections                                                                                                          :        1 samples, Peak.  59.1 us (1.0x), Avg.  59.1 us, Total. 59.08 us (0.0%)
Exiting batchmode successfully now!
[Package Manager] Server process was shutdown
