Unity Editor version:    2023.2.20f1 (0e25a174756c)
Branch:                  2023.2/staging
Build type:              Release
Batch mode:              YES
macOS version:           Version 14.3.1 (Build 23D60)
Darwin version:          23.3.0
Architecture:            arm64
Running under Rosetta:   NO
Available memory:        32768 MB
[Licensing::Module] Trying to connect to existing licensing client channel...
[Licensing::IpcConnector] Successfully connected to the License Client on channel: "LicenseClient-laurensart" at "2025-05-26T12:50:32.555482Z"
[Licensing::Client] Error: Code 10 while verifying Licensing Client signature (process Id: 1735, path: "/Applications/Unity Hub.app/Contents/Frameworks/UnityLicensingClient_V1.app/Contents/MacOS/Unity.Licensing.Client")
[Licensing::Module] Error: LicensingClient has failed validation; ignoring
[Licensing::Client] Handshaking with LicensingClient:
  Version:                 1.17.0+aa6cfba
  Session Id:              cf90731a77e94c04a7a5d3f5514a6032
  Correlation Id:          962b4cc1dd2994be94eea0e3b141aedd
  External correlation Id: 7612889226143801733
  Machine Id:              i+EsiyelR1eysCG4hAJ1rEiNAbA=
[Licensing::Module] Successfully connected to LicensingClient on channel: "LicenseClient-laurensart" (connect: 0.00s, validation: 0.01s, handshake: 0.25s)
[Licensing::IpcConnector] Successfully connected to the License Notification on channel: "LicenseClient-laurensart-notifications" at "2025-05-26T12:50:32.817599Z"
[Licensing::Module] Error: Access token is unavailable; failed to update
[Licensing::Client] Successfully updated license
[Licensing::Client] Successfully resolved entitlements
[Licensing::Module] Serial number assigned to: "F4-BG5Z-DKDZ-KDBP-6XP9-XXXX"
Pro License: NO
Launching external process: /Applications/Unity/Hub/Editor/2023.2.20f1/Unity.app/Contents/Resources/PackageManager/Server/UnityPackageManager

COMMAND LINE ARGUMENTS:
/Applications/Unity/Hub/Editor/2023.2.20f1/Unity.app/Contents/MacOS/Unity
-projectPath
.
-batchmode
-quit
-executeMethod
BodyTracking.Editor.SceneFixer.FixSceneAutomatically
-logFile
scene_fix_final.log
Successfully changed project path to: /Users/laurensart/Desktop/TENDOR-climbing/TENDOR-climbing
/Users/laurensart/Desktop/TENDOR-climbing/TENDOR-climbing
[UnityMemory] Configuration Parameters - Can be set up in boot.config
    "memorysetup-bucket-allocator-granularity=16"
    "memorysetup-bucket-allocator-bucket-count=8"
    "memorysetup-bucket-allocator-block-size=33554432"
    "memorysetup-bucket-allocator-block-count=8"
    "memorysetup-main-allocator-block-size=16777216"
    "memorysetup-thread-allocator-block-size=16777216"
    "memorysetup-gfx-main-allocator-block-size=16777216"
    "memorysetup-gfx-thread-allocator-block-size=16777216"
    "memorysetup-cache-allocator-block-size=4194304"
    "memorysetup-typetree-allocator-block-size=2097152"
    "memorysetup-profiler-bucket-allocator-granularity=16"
    "memorysetup-profiler-bucket-allocator-bucket-count=8"
    "memorysetup-profiler-bucket-allocator-block-size=33554432"
    "memorysetup-profiler-bucket-allocator-block-count=8"
    "memorysetup-profiler-allocator-block-size=16777216"
    "memorysetup-profiler-editor-allocator-block-size=1048576"
    "memorysetup-temp-allocator-size-main=16777216"
    "memorysetup-job-temp-allocator-block-size=2097152"
    "memorysetup-job-temp-allocator-block-size-background=1048576"
    "memorysetup-job-temp-allocator-reduction-small-platforms=262144"
    "memorysetup-allocator-temp-initial-block-size-main=262144"
    "memorysetup-allocator-temp-initial-block-size-worker=262144"
    "memorysetup-temp-allocator-size-background-worker=32768"
    "memorysetup-temp-allocator-size-job-worker=262144"
    "memorysetup-temp-allocator-size-preload-manager=33554432"
    "memorysetup-temp-allocator-size-nav-mesh-worker=65536"
    "memorysetup-temp-allocator-size-audio-worker=65536"
    "memorysetup-temp-allocator-size-cloud-worker=32768"
    "memorysetup-temp-allocator-size-gi-baking-worker=262144"
    "memorysetup-temp-allocator-size-gi-baking-worker=262144"
    "memorysetup-temp-allocator-size-gi-baking-worker=262144"
    "memorysetup-temp-allocator-size-gi-baking-worker=262144"
    "memorysetup-temp-allocator-size-gfx=262144"
Player connection [8084331584] Host "[IP] 192.168.1.39 [Port] 55504 [Flags] 2 [Guid] 3847241185 [EditorId] 3847241185 [Version] 1048832 [Id] OSXEditor(0,Arts-MacBook.local) [Debug] 1 [PackageName] OSXEditor [ProjectName] Editor" joined multi-casting on [225.0.0.222:54997]...
Player connection [8084331584] Host "[IP] 192.168.1.39 [Port] 55504 [Flags] 2 [Guid] 3847241185 [EditorId] 3847241185 [Version] 1048832 [Id] OSXEditor(0,Arts-MacBook.local) [Debug] 1 [PackageName] OSXEditor [ProjectName] Editor" joined alternative multi-casting on [225.0.0.222:34997]...
[Physics::Module] Initialized MultithreadedJobDispatcher with 9 workers.
[Package Manager] Connected to IPC stream "Upm-21693" after 0.4 seconds.
Library Redirect Path: Library/
[Licensing::Client] Successfully resolved entitlements
[Package Manager] Restoring resolved packages state from cache
[Licensing::Client] Successfully resolved entitlement details
[Package Manager] Registered 59 packages:
  Packages from [https://packages.unity.com]:
    com.unity.ide.visualstudio@2.0.22 (location: /Users/laurensart/Desktop/TENDOR-climbing/TENDOR-climbing/Library/PackageCache/com.unity.ide.visualstudio@2.0.22)
    com.unity.inputsystem@1.11.2 (location: /Users/laurensart/Desktop/TENDOR-climbing/TENDOR-climbing/Library/PackageCache/com.unity.inputsystem@1.11.2)
    com.unity.mathematics@1.3.2 (location: /Users/laurensart/Desktop/TENDOR-climbing/TENDOR-climbing/Library/PackageCache/com.unity.mathematics@1.3.2)
    com.unity.timeline@1.8.7 (location: /Users/laurensart/Desktop/TENDOR-climbing/TENDOR-climbing/Library/PackageCache/com.unity.timeline@1.8.7)
    com.unity.visualscripting@1.8.0 (location: /Users/laurensart/Desktop/TENDOR-climbing/TENDOR-climbing/Library/PackageCache/com.unity.visualscripting@1.8.0)
    com.unity.xr.arkit@5.1.6 (location: /Users/laurensart/Desktop/TENDOR-climbing/TENDOR-climbing/Library/PackageCache/com.unity.xr.arkit@5.1.6)
    com.unity.xr.interaction.toolkit@3.0.7 (location: /Users/laurensart/Desktop/TENDOR-climbing/TENDOR-climbing/Library/PackageCache/com.unity.xr.interaction.toolkit@3.0.7)
    com.unity.xr.legacyinputhelpers@2.1.11 (location: /Users/laurensart/Desktop/TENDOR-climbing/TENDOR-climbing/Library/PackageCache/com.unity.xr.legacyinputhelpers@2.1.11)
    com.unity.xr.management@4.5.0 (location: /Users/laurensart/Desktop/TENDOR-climbing/TENDOR-climbing/Library/PackageCache/com.unity.xr.management@4.5.0)
    com.unity.xr.core-utils@2.3.0 (location: /Users/laurensart/Desktop/TENDOR-climbing/TENDOR-climbing/Library/PackageCache/com.unity.xr.core-utils@2.3.0)
    com.unity.xr.arfoundation@5.1.6 (location: /Users/laurensart/Desktop/TENDOR-climbing/TENDOR-climbing/Library/PackageCache/com.unity.xr.arfoundation@5.1.6)
    com.unity.editorcoroutines@1.0.0 (location: /Users/laurensart/Desktop/TENDOR-climbing/TENDOR-climbing/Library/PackageCache/com.unity.editorcoroutines@1.0.0)
    com.unity.searcher@4.9.2 (location: /Users/laurensart/Desktop/TENDOR-climbing/TENDOR-climbing/Library/PackageCache/com.unity.searcher@4.9.2)
    com.unity.test-framework@1.3.9 (location: /Users/laurensart/Desktop/TENDOR-climbing/TENDOR-climbing/Library/PackageCache/com.unity.test-framework@1.3.9)
    com.unity.ext.nunit@2.0.5 (location: /Users/laurensart/Desktop/TENDOR-climbing/TENDOR-climbing/Library/PackageCache/com.unity.ext.nunit@2.0.5)
    com.unity.collections@1.4.0 (location: /Users/laurensart/Desktop/TENDOR-climbing/TENDOR-climbing/Library/PackageCache/com.unity.collections@1.4.0)
    com.unity.burst@1.8.13 (location: /Users/laurensart/Desktop/TENDOR-climbing/TENDOR-climbing/Library/PackageCache/com.unity.burst@1.8.13)
    com.unity.nuget.mono-cecil@1.11.4 (location: /Users/laurensart/Desktop/TENDOR-climbing/TENDOR-climbing/Library/PackageCache/com.unity.nuget.mono-cecil@1.11.4)
  Built-in packages:
    com.unity.2d.sprite@1.0.0 (location: /Users/laurensart/Desktop/TENDOR-climbing/TENDOR-climbing/Library/PackageCache/com.unity.2d.sprite@1.0.0)
    com.unity.shadergraph@16.0.6 (location: /Users/laurensart/Desktop/TENDOR-climbing/TENDOR-climbing/Library/PackageCache/com.unity.shadergraph@16.0.6)
    com.unity.ugui@2.0.0 (location: /Users/laurensart/Desktop/TENDOR-climbing/TENDOR-climbing/Library/PackageCache/com.unity.ugui@2.0.0)
    com.unity.modules.accessibility@1.0.0 (location: /Users/laurensart/Desktop/TENDOR-climbing/TENDOR-climbing/Library/PackageCache/com.unity.modules.accessibility@1.0.0)
    com.unity.modules.ai@1.0.0 (location: /Users/laurensart/Desktop/TENDOR-climbing/TENDOR-climbing/Library/PackageCache/com.unity.modules.ai@1.0.0)
    com.unity.modules.androidjni@1.0.0 (location: /Users/laurensart/Desktop/TENDOR-climbing/TENDOR-climbing/Library/PackageCache/com.unity.modules.androidjni@1.0.0)
    com.unity.modules.animation@1.0.0 (location: /Users/laurensart/Desktop/TENDOR-climbing/TENDOR-climbing/Library/PackageCache/com.unity.modules.animation@1.0.0)
    com.unity.modules.assetbundle@1.0.0 (location: /Users/laurensart/Desktop/TENDOR-climbing/TENDOR-climbing/Library/PackageCache/com.unity.modules.assetbundle@1.0.0)
    com.unity.modules.audio@1.0.0 (location: /Users/laurensart/Desktop/TENDOR-climbing/TENDOR-climbing/Library/PackageCache/com.unity.modules.audio@1.0.0)
    com.unity.modules.cloth@1.0.0 (location: /Users/laurensart/Desktop/TENDOR-climbing/TENDOR-climbing/Library/PackageCache/com.unity.modules.cloth@1.0.0)
    com.unity.modules.director@1.0.0 (location: /Users/laurensart/Desktop/TENDOR-climbing/TENDOR-climbing/Library/PackageCache/com.unity.modules.director@1.0.0)
    com.unity.modules.imageconversion@1.0.0 (location: /Users/laurensart/Desktop/TENDOR-climbing/TENDOR-climbing/Library/PackageCache/com.unity.modules.imageconversion@1.0.0)
    com.unity.modules.imgui@1.0.0 (location: /Users/laurensart/Desktop/TENDOR-climbing/TENDOR-climbing/Library/PackageCache/com.unity.modules.imgui@1.0.0)
    com.unity.modules.jsonserialize@1.0.0 (location: /Users/laurensart/Desktop/TENDOR-climbing/TENDOR-climbing/Library/PackageCache/com.unity.modules.jsonserialize@1.0.0)
    com.unity.modules.particlesystem@1.0.0 (location: /Users/laurensart/Desktop/TENDOR-climbing/TENDOR-climbing/Library/PackageCache/com.unity.modules.particlesystem@1.0.0)
    com.unity.modules.physics@1.0.0 (location: /Users/laurensart/Desktop/TENDOR-climbing/TENDOR-climbing/Library/PackageCache/com.unity.modules.physics@1.0.0)
    com.unity.modules.physics2d@1.0.0 (location: /Users/laurensart/Desktop/TENDOR-climbing/TENDOR-climbing/Library/PackageCache/com.unity.modules.physics2d@1.0.0)
    com.unity.modules.screencapture@1.0.0 (location: /Users/laurensart/Desktop/TENDOR-climbing/TENDOR-climbing/Library/PackageCache/com.unity.modules.screencapture@1.0.0)
    com.unity.modules.terrain@1.0.0 (location: /Users/laurensart/Desktop/TENDOR-climbing/TENDOR-climbing/Library/PackageCache/com.unity.modules.terrain@1.0.0)
    com.unity.modules.terrainphysics@1.0.0 (location: /Users/laurensart/Desktop/TENDOR-climbing/TENDOR-climbing/Library/PackageCache/com.unity.modules.terrainphysics@1.0.0)
    com.unity.modules.tilemap@1.0.0 (location: /Users/laurensart/Desktop/TENDOR-climbing/TENDOR-climbing/Library/PackageCache/com.unity.modules.tilemap@1.0.0)
    com.unity.modules.ui@1.0.0 (location: /Users/laurensart/Desktop/TENDOR-climbing/TENDOR-climbing/Library/PackageCache/com.unity.modules.ui@1.0.0)
    com.unity.modules.uielements@1.0.0 (location: /Users/laurensart/Desktop/TENDOR-climbing/TENDOR-climbing/Library/PackageCache/com.unity.modules.uielements@1.0.0)
    com.unity.modules.umbra@1.0.0 (location: /Users/laurensart/Desktop/TENDOR-climbing/TENDOR-climbing/Library/PackageCache/com.unity.modules.umbra@1.0.0)
    com.unity.modules.unityanalytics@1.0.0 (location: /Users/laurensart/Desktop/TENDOR-climbing/TENDOR-climbing/Library/PackageCache/com.unity.modules.unityanalytics@1.0.0)
    com.unity.modules.unitywebrequest@1.0.0 (location: /Users/laurensart/Desktop/TENDOR-climbing/TENDOR-climbing/Library/PackageCache/com.unity.modules.unitywebrequest@1.0.0)
    com.unity.modules.unitywebrequestassetbundle@1.0.0 (location: /Users/laurensart/Desktop/TENDOR-climbing/TENDOR-climbing/Library/PackageCache/com.unity.modules.unitywebrequestassetbundle@1.0.0)
    com.unity.modules.unitywebrequestaudio@1.0.0 (location: /Users/laurensart/Desktop/TENDOR-climbing/TENDOR-climbing/Library/PackageCache/com.unity.modules.unitywebrequestaudio@1.0.0)
    com.unity.modules.unitywebrequesttexture@1.0.0 (location: /Users/laurensart/Desktop/TENDOR-climbing/TENDOR-climbing/Library/PackageCache/com.unity.modules.unitywebrequesttexture@1.0.0)
    com.unity.modules.unitywebrequestwww@1.0.0 (location: /Users/laurensart/Desktop/TENDOR-climbing/TENDOR-climbing/Library/PackageCache/com.unity.modules.unitywebrequestwww@1.0.0)
    com.unity.modules.vehicles@1.0.0 (location: /Users/laurensart/Desktop/TENDOR-climbing/TENDOR-climbing/Library/PackageCache/com.unity.modules.vehicles@1.0.0)
    com.unity.modules.video@1.0.0 (location: /Users/laurensart/Desktop/TENDOR-climbing/TENDOR-climbing/Library/PackageCache/com.unity.modules.video@1.0.0)
    com.unity.modules.vr@1.0.0 (location: /Users/laurensart/Desktop/TENDOR-climbing/TENDOR-climbing/Library/PackageCache/com.unity.modules.vr@1.0.0)
    com.unity.modules.wind@1.0.0 (location: /Users/laurensart/Desktop/TENDOR-climbing/TENDOR-climbing/Library/PackageCache/com.unity.modules.wind@1.0.0)
    com.unity.modules.xr@1.0.0 (location: /Users/laurensart/Desktop/TENDOR-climbing/TENDOR-climbing/Library/PackageCache/com.unity.modules.xr@1.0.0)
    com.unity.modules.subsystems@1.0.0 (location: /Users/laurensart/Desktop/TENDOR-climbing/TENDOR-climbing/Library/PackageCache/com.unity.modules.subsystems@1.0.0)
    com.unity.modules.hierarchycore@1.0.0 (location: /Users/laurensart/Desktop/TENDOR-climbing/TENDOR-climbing/Library/PackageCache/com.unity.modules.hierarchycore@1.0.0)
    com.unity.render-pipelines.core@16.0.6 (location: /Users/laurensart/Desktop/TENDOR-climbing/TENDOR-climbing/Library/PackageCache/com.unity.render-pipelines.core@16.0.6)
    com.unity.rendering.light-transport@1.0.2 (location: /Users/laurensart/Desktop/TENDOR-climbing/TENDOR-climbing/Library/PackageCache/com.unity.rendering.light-transport@1.0.2)
  Git packages:
    com.boxqkrtm.ide.cursor@https://github.com/boxqkrtm/com.unity.ide.cursor.git (location: /Users/laurensart/Desktop/TENDOR-climbing/TENDOR-climbing/Library/PackageCache/com.boxqkrtm.ide.cursor@38fecf55e4)
  Local Tarball packages:
    com.kyrylokuzyk.arfoundationremote@file:/Users/laurensart/Desktop/TENDOR-climbing/TENDOR-climbing/Assets/Plugins/ARFoundationRemoteInstaller/com.kyrylokuzyk.arfoundationremote.tgz (location: /Users/laurensart/Desktop/TENDOR-climbing/TENDOR-climbing/Library/PackageCache/com.kyrylokuzyk.arfoundationremote@b261627c706b)
[Subsystems] Looking for new subsystems at path /Users/laurensart/Desktop/TENDOR-climbing/TENDOR-climbing/Library/PackageCache/com.kyrylokuzyk.arfoundationremote@b261627c706b
[Subsystems] Novel subsystem found at Library/PackageCache/com.kyrylokuzyk.arfoundationremote@b261627c706b/Editor/UnitySubsystemsManifest.json
[Subsystems] Discovering subsystems at path /Applications/Unity/Hub/Editor/2023.2.20f1/Unity.app/Contents/Resources/UnitySubsystems
[Subsystems] Discovering subsystems at path /Users/laurensart/Desktop/TENDOR-climbing/TENDOR-climbing/Assets
[Subsystems] Discovering subsystems at path /Users/laurensart/Desktop/TENDOR-climbing/TENDOR-climbing/Library/PackageCache/com.kyrylokuzyk.arfoundationremote@b261627c706b
[Subsystems] No descriptors matched for  examples in Library/PackageCache/com.kyrylokuzyk.arfoundationremote@b261627c706b/Editor/UnitySubsystemsManifest.json.
[Subsystems] 1 'inputs' descriptors matched in Library/PackageCache/com.kyrylokuzyk.arfoundationremote@b261627c706b/Editor/UnitySubsystemsManifest.json
[Subsystems] No descriptors matched for  displays in Library/PackageCache/com.kyrylokuzyk.arfoundationremote@b261627c706b/Editor/UnitySubsystemsManifest.json.
[Subsystems] 1 'meshings' descriptors matched in Library/PackageCache/com.kyrylokuzyk.arfoundationremote@b261627c706b/Editor/UnitySubsystemsManifest.json
[Subsystems] Discovering subsystems at path /Users/laurensart/Desktop/TENDOR-climbing/TENDOR-climbing/Library/PackageCache/com.unity.xr.arfoundation@5.1.6
[Subsystems] No descriptors matched for  examples in Library/PackageCache/com.unity.xr.arfoundation@5.1.6/Runtime/UnitySubsystemsManifest.json.
[Subsystems] 1 'inputs' descriptors matched in Library/PackageCache/com.unity.xr.arfoundation@5.1.6/Runtime/UnitySubsystemsManifest.json
[Subsystems] No descriptors matched for  displays in Library/PackageCache/com.unity.xr.arfoundation@5.1.6/Runtime/UnitySubsystemsManifest.json.
[Subsystems] 1 'meshings' descriptors matched in Library/PackageCache/com.unity.xr.arfoundation@5.1.6/Runtime/UnitySubsystemsManifest.json
Package Manager log level set to [2]
[Package Manager] Done registering packages in 0.14 seconds
[Licensing::Client] Successfully resolved entitlements
Refreshing native plugins compatible for Editor in 1.88 ms, found 4 plugins.
Preloading 0 native plugins for Editor in 0.00 ms.
Initialize engine version: 2023.2.20f1 (0e25a174756c)
[Subsystems] Discovering subsystems at path /Applications/Unity/Hub/Editor/2023.2.20f1/Unity.app/Contents/Resources/UnitySubsystems
[Subsystems] Discovering subsystems at path /Users/laurensart/Desktop/TENDOR-climbing/TENDOR-climbing/Assets
[Subsystems] Discovering subsystems at path /Users/laurensart/Desktop/TENDOR-climbing/TENDOR-climbing/Library/PackageCache/com.kyrylokuzyk.arfoundationremote@b261627c706b
[Subsystems] No descriptors matched for  examples in Library/PackageCache/com.kyrylokuzyk.arfoundationremote@b261627c706b/Editor/UnitySubsystemsManifest.json.
[Subsystems] 1 'inputs' descriptors matched in Library/PackageCache/com.kyrylokuzyk.arfoundationremote@b261627c706b/Editor/UnitySubsystemsManifest.json
[Subsystems] No descriptors matched for  displays in Library/PackageCache/com.kyrylokuzyk.arfoundationremote@b261627c706b/Editor/UnitySubsystemsManifest.json.
[Subsystems] 1 'meshings' descriptors matched in Library/PackageCache/com.kyrylokuzyk.arfoundationremote@b261627c706b/Editor/UnitySubsystemsManifest.json
[Subsystems] Discovering subsystems at path /Users/laurensart/Desktop/TENDOR-climbing/TENDOR-climbing/Library/PackageCache/com.unity.xr.arfoundation@5.1.6
[Subsystems] No descriptors matched for  examples in Library/PackageCache/com.unity.xr.arfoundation@5.1.6/Runtime/UnitySubsystemsManifest.json.
[Subsystems] 1 'inputs' descriptors matched in Library/PackageCache/com.unity.xr.arfoundation@5.1.6/Runtime/UnitySubsystemsManifest.json
[Subsystems] No descriptors matched for  displays in Library/PackageCache/com.unity.xr.arfoundation@5.1.6/Runtime/UnitySubsystemsManifest.json.
[Subsystems] 1 'meshings' descriptors matched in Library/PackageCache/com.unity.xr.arfoundation@5.1.6/Runtime/UnitySubsystemsManifest.json
GfxDevice: creating device client; kGfxThreadingModeNonThreaded
 preferred device: Apple M1 Max (high power)
Metal devices available: 1
0: Apple M1 Max (high power)
Using device Apple M1 Max (high power)
Initializing Metal device caps: Apple M1 Max
[Licensing::Client] Successfully resolved entitlements
Initialize mono
Mono path[0] = '/Applications/Unity/Hub/Editor/2023.2.20f1/Unity.app/Contents/Managed'
Mono path[1] = '/Applications/Unity/Hub/Editor/2023.2.20f1/Unity.app/Contents/MonoBleedingEdge/lib/mono/unityjit-macos'
Mono config path = '/Applications/Unity/Hub/Editor/2023.2.20f1/Unity.app/Contents/MonoBleedingEdge/etc'
Using monoOptions --debugger-agent=transport=dt_socket,embedding=1,server=y,suspend=n,address=127.0.0.1:56693
Using cacheserver namespaces - metadata:defaultmetadata, artifacts:defaultartifacts
Using cacheserver namespaces - metadata:defaultmetadata, artifacts:defaultartifacts
ImportWorker Server TCP listen port: 0
AcceleratorClientConnectionCallback - disconnected - :0
Begin MonoManager ReloadAssembly
Registering precompiled unity dll's ...
Register platform support module: /Applications/Unity/Hub/Editor/2023.2.20f1/Unity.app/Contents/PlaybackEngines/MacStandaloneSupport/UnityEditor.OSXStandalone.Extensions.dll
Register platform support module: /Applications/Unity/Hub/Editor/2023.2.20f1/PlaybackEngines/iOSSupport/UnityEditor.iOS.Extensions.dll
Registered in 0.001000 seconds.
- Loaded All Assemblies, in  0.262 seconds
[usbmuxd] Start listen thread
[usbmuxd] Listen thread started
[usbmuxd] Send listen message
Native extension for iOS target not found
Native extension for OSXStandalone target not found
Mono: successfully reloaded assembly
- Finished resetting the current domain, in  0.291 seconds
Domain Reload Profiling: 553ms
	BeginReloadAssembly (53ms)
		ExecutionOrderSort (0ms)
		DisableScriptedObjects (0ms)
		BackupInstance (0ms)
		ReleaseScriptingObjects (0ms)
		CreateAndSetChildDomain (0ms)
	RebuildCommonClasses (31ms)
	RebuildNativeTypeToScriptingClass (11ms)
	initialDomainReloadingComplete (33ms)
	LoadAllAssembliesAndSetupDomain (134ms)
		LoadAssemblies (53ms)
		RebuildTransferFunctionScriptingTraits (0ms)
		AnalyzeDomain (133ms)
			TypeCache.Refresh (132ms)
				TypeCache.ScanAssembly (121ms)
			BuildScriptInfoCaches (0ms)
			ResolveRequiredComponents (0ms)
	FinalizeReload (291ms)
		ReleaseScriptCaches (0ms)
		RebuildScriptCaches (0ms)
		SetupLoadedEditorAssemblies (254ms)
			LogAssemblyErrors (0ms)
			InitializePlatformSupportModulesInManaged (84ms)
			SetLoadedEditorAssemblies (3ms)
			BeforeProcessingInitializeOnLoad (4ms)
			ProcessInitializeOnLoadAttributes (125ms)
			ProcessInitializeOnLoadMethodAttributes (38ms)
			AfterProcessingInitializeOnLoad (0ms)
			EditorAssembliesLoaded (0ms)
		ExecutionOrderSort2 (0ms)
		AwakeInstancesAfterBackupRestoration (0ms)
[Licensing::Client] Successfully resolved entitlements
[Licensing::Client] Successfully resolved entitlements
Application.AssetDatabase Initial Refresh Start
[40m[32minfo[39m[22m[49m: Microsoft.Hosting.Lifetime[14]
      Now listening on: http://unix:/tmp/ilpp.sock-a5c9e433fe8d22462ff3efcddd8f8c80
[40m[32minfo[39m[22m[49m: Microsoft.Hosting.Lifetime[0]
      Application started. Press Ctrl+C to shut down.
[40m[32minfo[39m[22m[49m: Microsoft.Hosting.Lifetime[0]
      Hosting environment: Production
[40m[32minfo[39m[22m[49m: Microsoft.Hosting.Lifetime[0]
      Content root path: /Users/laurensart/Desktop/TENDOR-climbing/TENDOR-climbing/
[40m[32minfo[39m[22m[49m: Microsoft.AspNetCore.Hosting.Diagnostics[1]
      Request starting HTTP/2 POST http://ilpp/UnityILPP.PostProcessing/Ping application/grpc -
[40m[32minfo[39m[22m[49m: Microsoft.AspNetCore.Routing.EndpointMiddleware[0]
      Executing endpoint 'gRPC - /UnityILPP.PostProcessing/Ping'
[40m[32minfo[39m[22m[49m: Microsoft.AspNetCore.Routing.EndpointMiddleware[1]
      Executed endpoint 'gRPC - /UnityILPP.PostProcessing/Ping'
[40m[32minfo[39m[22m[49m: Microsoft.AspNetCore.Hosting.Diagnostics[2]
      Request finished HTTP/2 POST http://ilpp/UnityILPP.PostProcessing/Ping application/grpc - - 200 - application/grpc 31.1924ms
Starting: /Applications/Unity/Hub/Editor/2023.2.20f1/Unity.app/Contents/bee_backend --dont-print-to-structured-log --ipc --defer-dag-verification --dagfile="Library/Bee/900b0aE.dag" --continue-on-failure --profile="Library/Bee/backend1.traceevents" ScriptAssemblies
WorkingDir: /Users/laurensart/Desktop/TENDOR-climbing/TENDOR-climbing
DisplayProgressbar: Compiling Scripts
[40m[32minfo[39m[22m[49m: Microsoft.AspNetCore.Hosting.Diagnostics[1]
      Request starting HTTP/2 POST http://ilpp/UnityILPP.PostProcessing/ConfigurePostProcessors application/grpc -
[40m[32minfo[39m[22m[49m: Microsoft.AspNetCore.Routing.EndpointMiddleware[0]
      Executing endpoint 'gRPC - /UnityILPP.PostProcessing/ConfigurePostProcessors'
[40m[1m[33mwarn[39m[22m[49m: Unity.ILPP.Runner.PostProcessingAssemblyLoadContext[0]
      Assembly unityeditor.ios.extensions.xcode has duplicate hint path. Ignoring "/Applications/Unity/Hub/Editor/2023.2.20f1/Unity.app/Contents/PlaybackEngines/MacStandaloneSupport/UnityEditor.iOS.Extensions.Xcode.dll" in favor of "/Applications/Unity/Hub/Editor/2023.2.20f1/PlaybackEngines/iOSSupport/UnityEditor.iOS.Extensions.Xcode.dll"
[40m[1m[33mwarn[39m[22m[49m: Unity.ILPP.Runner.PostProcessingAssemblyLoadContext[0]
      Assembly system.runtime.interopservices.windowsruntime has duplicate hint path. Ignoring "/Applications/Unity/Hub/Editor/2023.2.20f1/Unity.app/Contents/UnityReferenceAssemblies/unity-4.8-api/Facades/System.Runtime.InteropServices.WindowsRuntime.dll" in favor of "/Applications/Unity/Hub/Editor/2023.2.20f1/Unity.app/Contents/NetStandard/Extensions/2.0.0/System.Runtime.InteropServices.WindowsRuntime.dll"
[40m[1m[33mwarn[39m[22m[49m: Unity.ILPP.Runner.PostProcessingAssemblyLoadContext[0]
      Assembly system.componentmodel.composition has duplicate hint path. Ignoring "/Applications/Unity/Hub/Editor/2023.2.20f1/Unity.app/Contents/UnityReferenceAssemblies/unity-4.8-api/System.ComponentModel.Composition.dll" in favor of "/Applications/Unity/Hub/Editor/2023.2.20f1/Unity.app/Contents/NetStandard/compat/2.1.0/shims/netfx/System.ComponentModel.Composition.dll"
[40m[32minfo[39m[22m[49m: Unity.ILPP.Runner.PostProcessingAssemblyLoadContext[0]
      Resolved Unity.Burst.Cecil, Version=0.11.4.0, Culture=neutral, PublicKeyToken=50cebf1cceb9d05e with Library/PackageCache/com.unity.burst@1.8.13/Unity.Burst.CodeGen/Unity.Burst.Cecil.dll
[40m[32minfo[39m[22m[49m: Unity.ILPP.Runner.PostProcessingAssemblyLoadContext[0]
      Resolved Mono.Cecil, Version=0.11.4.0, Culture=neutral, PublicKeyToken=50cebf1cceb9d05e with Library/PackageCache/com.unity.nuget.mono-cecil@1.11.4/Mono.Cecil.dll
[40m[32minfo[39m[22m[49m: Microsoft.AspNetCore.Routing.EndpointMiddleware[1]
      Executed endpoint 'gRPC - /UnityILPP.PostProcessing/ConfigurePostProcessors'
[40m[32minfo[39m[22m[49m: Microsoft.AspNetCore.Hosting.Diagnostics[2]
      Request finished HTTP/2 POST http://ilpp/UnityILPP.PostProcessing/ConfigurePostProcessors application/grpc - - 200 - application/grpc 21.3630ms
ExitCode: 0 Duration: 0s307ms
[703/938    0s] ILPP-Configuration Library/ilpp-configuration.nevergeneratedoutput
*** Tundra build success (0.29 seconds), 1 items updated, 938 evaluated
AssetDatabase: script compilation time: 0.738688s
Total cache size 267412472
Total cache size after purge 267412472
Begin MonoManager ReloadAssembly
Symbol file LoadedFromMemory doesn't match image /Users/laurensart/Desktop/TENDOR-climbing/TENDOR-climbing/Library/PackageCache/com.unity.visualscripting@1.8.0/Editor/VisualScripting.Core/Dependencies/YamlDotNet/Unity.VisualScripting.YamlDotNet.dll
Symbol file LoadedFromMemory doesn't match image /Users/laurensart/Desktop/TENDOR-climbing/TENDOR-climbing/Library/PackageCache/com.unity.visualscripting@1.8.0/Editor/VisualScripting.Core/Dependencies/DotNetZip/Unity.VisualScripting.IonicZip.dll
- Loaded All Assemblies, in  0.670 seconds
Refreshing native plugins compatible for Editor in 1.57 ms, found 4 plugins.
Native extension for iOS target not found
Native extension for OSXStandalone target not found
Mono: successfully reloaded assembly
- Finished resetting the current domain, in  4.107 seconds
Domain Reload Profiling: 4777ms
	BeginReloadAssembly (335ms)
		ExecutionOrderSort (0ms)
		DisableScriptedObjects (7ms)
		BackupInstance (0ms)
		ReleaseScriptingObjects (0ms)
		CreateAndSetChildDomain (41ms)
	RebuildCommonClasses (32ms)
	RebuildNativeTypeToScriptingClass (12ms)
	initialDomainReloadingComplete (18ms)
	LoadAllAssembliesAndSetupDomain (274ms)
		LoadAssemblies (152ms)
		RebuildTransferFunctionScriptingTraits (0ms)
		AnalyzeDomain (164ms)
			TypeCache.Refresh (130ms)
				TypeCache.ScanAssembly (120ms)
			BuildScriptInfoCaches (23ms)
			ResolveRequiredComponents (9ms)
	FinalizeReload (4107ms)
		ReleaseScriptCaches (0ms)
		RebuildScriptCaches (0ms)
		SetupLoadedEditorAssemblies (3930ms)
			LogAssemblyErrors (0ms)
			InitializePlatformSupportModulesInManaged (17ms)
			SetLoadedEditorAssemblies (3ms)
			BeforeProcessingInitializeOnLoad (70ms)
			ProcessInitializeOnLoadAttributes (1948ms)
			ProcessInitializeOnLoadMethodAttributes (1891ms)
			AfterProcessingInitializeOnLoad (1ms)
			EditorAssembliesLoaded (0ms)
		ExecutionOrderSort2 (0ms)
		AwakeInstancesAfterBackupRestoration (5ms)
Asset Pipeline Refresh (id=a2ec832eb7b574eeb96a0979ea1f5b40): Total: 6.090 seconds - Initiated by InitialRefreshV2(ForceSynchronousImport)
	Summary:
		Imports: total=0 (actual=0, local cache=0, cache server=0)
		Asset DB Process Time: managed=0 ms, native=4583 ms
		Asset DB Callback time: managed=15 ms, native=0 ms
		Scripting: domain reloads=1, domain reload time=709 ms, compile time=740 ms, other=40 ms
		Project Asset Count: scripts=1430, non-scripts=1612
		Asset File Changes: new=0, changed=0, moved=0, deleted=0
		Scan Filter Count: 1
	InvokeCustomDependenciesCallbacks: 0.000ms
	InvokePackagesCallback: 3.134ms
	ApplyChangesToAssetFolders: 0.212ms
	Scan: 216.699ms
	OnSourceAssetsModified: 0.001ms
	CategorizeAssetsWithTransientArtifact: 72.653ms
	ProcessAssetsWithTransientArtifactChanges: 56.429ms
	CategorizeAssets: 28.392ms
	ImportOutOfDateAssets: 4116.874ms (3375.152ms without children)
		CompileScripts: 740.080ms
		ReloadNativeAssets: 0.038ms
		UnloadImportedAssets: 0.799ms
		EnsureUptoDateAssetsAreRegisteredWithGuidPM: 0.502ms
		InitializingProgressBar: 0.000ms
		PostProcessAllAssetNotificationsAddChangedAssets: 0.000ms
		OnDemandSchedulerStart: 0.302ms
	PostProcessAllAssets: 15.640ms
	GatherAllCurrentPrimaryArtifactRevisions: 0.000ms
	UnloadStreamsBegin: 0.347ms
	PersistCurrentRevisions: 0.088ms
	UnloadStreamsEnd: 0.000ms
	GenerateScriptTypeHashes: 4.111ms
	Untracked: 1579.723ms

Application.AssetDatabase Initial Refresh End
Launching external process: /Applications/Unity/Hub/Editor/2023.2.20f1/Unity.app/Contents/Tools/UnityShaderCompiler
Launched and connected shader compiler UnityShaderCompiler after 0.06 seconds
Scanning for USB devices : 0.038ms
Initializing Unity extensions:
[Licensing::Client] Successfully resolved entitlements
New input system (experimental) initialized
[MODES] ModeService[none].Initialize
[MODES] ModeService[none].LoadModes
[MODES] Loading mode Default (0) for mode-current-id-TENDOR-climbing
2025-05-26 19:50:42.970 Unity[21693:1799352] NSEventModifierFlagFunction specified to -setKeyEquivalentModifierMask: for item <NSMenuItem: 0x2fa77a8d0 SDF, ke='Command-F12'>, but is only supported for system-provided menu items; will not be used
Unloading 28 Unused Serialized files (Serialized files now loaded: 0)
Unloading 6381 unused Assets / (8.0 MB). Loaded Objects now: 6971.
Memory consumption went from 225.9 MB to 217.9 MB.
Total: 8.806875 ms (FindLiveObjects: 0.309125 ms CreateObjectMapping: 0.222291 ms MarkObjects: 5.152208 ms  DeleteObjects: 3.122583 ms)

=== AUTOMATIC SCENE FIXER ===
UnityEngine.Debug:ExtractStackTraceNoAlloc (byte*,int,string)
UnityEngine.StackTraceUtility:ExtractStackTrace () (at /Users/bokken/build/output/unity/unity/Runtime/Export/Scripting/StackTrace.cs:37)
UnityEngine.DebugLogHandler:Internal_Log (UnityEngine.LogType,UnityEngine.LogOption,string,UnityEngine.Object)
UnityEngine.DebugLogHandler:LogFormat (UnityEngine.LogType,UnityEngine.Object,string,object[])
UnityEngine.Logger:Log (UnityEngine.LogType,object)
UnityEngine.Debug:Log (object)
BodyTracking.Editor.SceneFixer:FixSceneAutomatically () (at Assets/Scripts/Editor/SceneFixer.cs:19)

(Filename: Assets/Scripts/Editor/SceneFixer.cs Line: 19)

✅ Created BodyTrackingSystem GameObject
UnityEngine.Debug:ExtractStackTraceNoAlloc (byte*,int,string)
UnityEngine.StackTraceUtility:ExtractStackTrace () (at /Users/bokken/build/output/unity/unity/Runtime/Export/Scripting/StackTrace.cs:37)
UnityEngine.DebugLogHandler:Internal_Log (UnityEngine.LogType,UnityEngine.LogOption,string,UnityEngine.Object)
UnityEngine.DebugLogHandler:LogFormat (UnityEngine.LogType,UnityEngine.Object,string,object[])
UnityEngine.Logger:Log (UnityEngine.LogType,object)
UnityEngine.Debug:Log (object)
BodyTracking.Editor.SceneFixer:FixSceneAutomatically () (at Assets/Scripts/Editor/SceneFixer.cs:26)

(Filename: Assets/Scripts/Editor/SceneFixer.cs Line: 26)

✅ Added BodyTrackingController component
UnityEngine.Debug:ExtractStackTraceNoAlloc (byte*,int,string)
UnityEngine.StackTraceUtility:ExtractStackTrace () (at /Users/bokken/build/output/unity/unity/Runtime/Export/Scripting/StackTrace.cs:37)
UnityEngine.DebugLogHandler:Internal_Log (UnityEngine.LogType,UnityEngine.LogOption,string,UnityEngine.Object)
UnityEngine.DebugLogHandler:LogFormat (UnityEngine.LogType,UnityEngine.Object,string,object[])
UnityEngine.Logger:Log (UnityEngine.LogType,object)
UnityEngine.Debug:Log (object)
BodyTracking.Editor.SceneFixer:FixSceneAutomatically () (at Assets/Scripts/Editor/SceneFixer.cs:38)

(Filename: Assets/Scripts/Editor/SceneFixer.cs Line: 38)

✅ Added ARImageTargetManager component
UnityEngine.Debug:ExtractStackTraceNoAlloc (byte*,int,string)
UnityEngine.StackTraceUtility:ExtractStackTrace () (at /Users/bokken/build/output/unity/unity/Runtime/Export/Scripting/StackTrace.cs:37)
UnityEngine.DebugLogHandler:Internal_Log (UnityEngine.LogType,UnityEngine.LogOption,string,UnityEngine.Object)
UnityEngine.DebugLogHandler:LogFormat (UnityEngine.LogType,UnityEngine.Object,string,object[])
UnityEngine.Logger:Log (UnityEngine.LogType,object)
UnityEngine.Debug:Log (object)
BodyTracking.Editor.SceneFixer:FixSceneAutomatically () (at Assets/Scripts/Editor/SceneFixer.cs:46)

(Filename: Assets/Scripts/Editor/SceneFixer.cs Line: 46)

✅ Added BodyTrackingRecorder component
UnityEngine.Debug:ExtractStackTraceNoAlloc (byte*,int,string)
UnityEngine.StackTraceUtility:ExtractStackTrace () (at /Users/bokken/build/output/unity/unity/Runtime/Export/Scripting/StackTrace.cs:37)
UnityEngine.DebugLogHandler:Internal_Log (UnityEngine.LogType,UnityEngine.LogOption,string,UnityEngine.Object)
UnityEngine.DebugLogHandler:LogFormat (UnityEngine.LogType,UnityEngine.Object,string,object[])
UnityEngine.Logger:Log (UnityEngine.LogType,object)
UnityEngine.Debug:Log (object)
BodyTracking.Editor.SceneFixer:FixSceneAutomatically () (at Assets/Scripts/Editor/SceneFixer.cs:54)

(Filename: Assets/Scripts/Editor/SceneFixer.cs Line: 54)

✅ Added BodyTrackingPlayer component
UnityEngine.Debug:ExtractStackTraceNoAlloc (byte*,int,string)
UnityEngine.StackTraceUtility:ExtractStackTrace () (at /Users/bokken/build/output/unity/unity/Runtime/Export/Scripting/StackTrace.cs:37)
UnityEngine.DebugLogHandler:Internal_Log (UnityEngine.LogType,UnityEngine.LogOption,string,UnityEngine.Object)
UnityEngine.DebugLogHandler:LogFormat (UnityEngine.LogType,UnityEngine.Object,string,object[])
UnityEngine.Logger:Log (UnityEngine.LogType,object)
UnityEngine.Debug:Log (object)
BodyTracking.Editor.SceneFixer:FixSceneAutomatically () (at Assets/Scripts/Editor/SceneFixer.cs:62)

(Filename: Assets/Scripts/Editor/SceneFixer.cs Line: 62)

✅ Created CharacterController GameObject
UnityEngine.Debug:ExtractStackTraceNoAlloc (byte*,int,string)
UnityEngine.StackTraceUtility:ExtractStackTrace () (at /Users/bokken/build/output/unity/unity/Runtime/Export/Scripting/StackTrace.cs:37)
UnityEngine.DebugLogHandler:Internal_Log (UnityEngine.LogType,UnityEngine.LogOption,string,UnityEngine.Object)
UnityEngine.DebugLogHandler:LogFormat (UnityEngine.LogType,UnityEngine.Object,string,object[])
UnityEngine.Logger:Log (UnityEngine.LogType,object)
UnityEngine.Debug:Log (object)
BodyTracking.Editor.SceneFixer:FixSceneAutomatically () (at Assets/Scripts/Editor/SceneFixer.cs:70)

(Filename: Assets/Scripts/Editor/SceneFixer.cs Line: 70)

✅ Added FBXCharacterController component
UnityEngine.Debug:ExtractStackTraceNoAlloc (byte*,int,string)
UnityEngine.StackTraceUtility:ExtractStackTrace () (at /Users/bokken/build/output/unity/unity/Runtime/Export/Scripting/StackTrace.cs:37)
UnityEngine.DebugLogHandler:Internal_Log (UnityEngine.LogType,UnityEngine.LogOption,string,UnityEngine.Object)
UnityEngine.DebugLogHandler:LogFormat (UnityEngine.LogType,UnityEngine.Object,string,object[])
UnityEngine.Logger:Log (UnityEngine.LogType,object)
UnityEngine.Debug:Log (object)
BodyTracking.Editor.SceneFixer:FixSceneAutomatically () (at Assets/Scripts/Editor/SceneFixer.cs:78)

(Filename: Assets/Scripts/Editor/SceneFixer.cs Line: 78)

✅ Connected all component references
UnityEngine.Debug:ExtractStackTraceNoAlloc (byte*,int,string)
UnityEngine.StackTraceUtility:ExtractStackTrace () (at /Users/bokken/build/output/unity/unity/Runtime/Export/Scripting/StackTrace.cs:37)
UnityEngine.DebugLogHandler:Internal_Log (UnityEngine.LogType,UnityEngine.LogOption,string,UnityEngine.Object)
UnityEngine.DebugLogHandler:LogFormat (UnityEngine.LogType,UnityEngine.Object,string,object[])
UnityEngine.Logger:Log (UnityEngine.LogType,object)
UnityEngine.Debug:Log (object)
BodyTracking.Editor.SceneFixer:FixSceneAutomatically () (at Assets/Scripts/Editor/SceneFixer.cs:86)

(Filename: Assets/Scripts/Editor/SceneFixer.cs Line: 86)

✅ Found animation override controller
UnityEngine.Debug:ExtractStackTraceNoAlloc (byte*,int,string)
UnityEngine.StackTraceUtility:ExtractStackTrace () (at /Users/bokken/build/output/unity/unity/Runtime/Export/Scripting/StackTrace.cs:37)
UnityEngine.DebugLogHandler:Internal_Log (UnityEngine.LogType,UnityEngine.LogOption,string,UnityEngine.Object)
UnityEngine.DebugLogHandler:LogFormat (UnityEngine.LogType,UnityEngine.Object,string,object[])
UnityEngine.Logger:Log (UnityEngine.LogType,object)
UnityEngine.Debug:Log (object)
BodyTracking.Editor.SceneFixer:FixSceneAutomatically () (at Assets/Scripts/Editor/SceneFixer.cs:94)

(Filename: Assets/Scripts/Editor/SceneFixer.cs Line: 94)

❌ Could not find NewBody.fbx prefab
UnityEngine.Debug:ExtractStackTraceNoAlloc (byte*,int,string)
UnityEngine.StackTraceUtility:ExtractStackTrace () (at /Users/bokken/build/output/unity/unity/Runtime/Export/Scripting/StackTrace.cs:37)
UnityEngine.DebugLogHandler:Internal_Log (UnityEngine.LogType,UnityEngine.LogOption,string,UnityEngine.Object)
UnityEngine.DebugLogHandler:LogFormat (UnityEngine.LogType,UnityEngine.Object,string,object[])
UnityEngine.Logger:Log (UnityEngine.LogType,object)
UnityEngine.Debug:LogError (object)
BodyTracking.Editor.SceneFixer:CreateNewBodyCharacter (BodyTracking.Animation.FBXCharacterController) (at Assets/Scripts/Editor/SceneFixer.cs:131)
BodyTracking.Editor.SceneFixer:FixSceneAutomatically () (at Assets/Scripts/Editor/SceneFixer.cs:98)

(Filename: Assets/Scripts/Editor/SceneFixer.cs Line: 131)

=== SCENE FIXING COMPLETE ===
UnityEngine.Debug:ExtractStackTraceNoAlloc (byte*,int,string)
UnityEngine.StackTraceUtility:ExtractStackTrace () (at /Users/bokken/build/output/unity/unity/Runtime/Export/Scripting/StackTrace.cs:37)
UnityEngine.DebugLogHandler:Internal_Log (UnityEngine.LogType,UnityEngine.LogOption,string,UnityEngine.Object)
UnityEngine.DebugLogHandler:LogFormat (UnityEngine.LogType,UnityEngine.Object,string,object[])
UnityEngine.Logger:Log (UnityEngine.LogType,object)
UnityEngine.Debug:Log (object)
BodyTracking.Editor.SceneFixer:FixSceneAutomatically () (at Assets/Scripts/Editor/SceneFixer.cs:104)

(Filename: Assets/Scripts/Editor/SceneFixer.cs Line: 104)

Scene has been automatically fixed! Save the scene to persist changes.
UnityEngine.Debug:ExtractStackTraceNoAlloc (byte*,int,string)
UnityEngine.StackTraceUtility:ExtractStackTrace () (at /Users/bokken/build/output/unity/unity/Runtime/Export/Scripting/StackTrace.cs:37)
UnityEngine.DebugLogHandler:Internal_Log (UnityEngine.LogType,UnityEngine.LogOption,string,UnityEngine.Object)
UnityEngine.DebugLogHandler:LogFormat (UnityEngine.LogType,UnityEngine.Object,string,object[])
UnityEngine.Logger:Log (UnityEngine.LogType,object)
UnityEngine.Debug:Log (object)
BodyTracking.Editor.SceneFixer:FixSceneAutomatically () (at Assets/Scripts/Editor/SceneFixer.cs:105)

(Filename: Assets/Scripts/Editor/SceneFixer.cs Line: 105)

Batchmode quit successfully invoked - shutting down!
Curl error 42: Callback aborted
Thread 0x2fa987000 may have been prematurely finalized
[Licensing::IpcConnector] License Notification channel disconnected successfully.
[Licensing::IpcConnector] License Client channel disconnected successfully.
Thread 0x170913000 may have been prematurely finalized
Thread 0x17099f000 may have been prematurely finalized
AcceleratorClientConnectionCallback - disconnected - :0
[40m[32minfo[39m[22m[49m: Microsoft.Hosting.Lifetime[0]
      Application is shutting down...
Cleanup mono
[40m[32minfo[39m[22m[49m: Unity.ILPP.Runner.PostProcessingAssemblyLoadContext[0]
      ALC ILPP context 1 is unloading
debugger-agent: Unable to listen on 46
[usbmuxd] Stop listen thread
[usbmuxd] Error: 
[usbmuxd] Listen thread exiting
[Performance] Application.InitializeProject                                                                                                                :        1 samples, Peak.  7.97 s (1.0x), Avg.  7.97 s, Total. 7.970 s (73.0%)
[Performance] Application.PackageManager.StartServer                                                                                                       :        1 samples, Peak.  1.55 ms (1.0x), Avg.  1.55 ms, Total. 1.553 ms (0.0%)
[Performance] Application.AcquireProjectLock                                                                                                               :        1 samples, Peak.   686 us (1.0x), Avg.   686 us, Total. 686.5 us (0.0%)
[Performance] Application.InitializeEngineNoGraphics                                                                                                       :        1 samples, Peak.  32.4 ms (1.0x), Avg.  32.4 ms, Total. 32.37 ms (0.3%)
[Performance] Application.PackageManager.Initialize                                                                                                        :        1 samples, Peak.   430 ms (1.0x), Avg.   430 ms, Total. 430.2 ms (3.9%)
[Performance] Connecting to Package Manager                                                                                                                :       44 samples, Peak.  60.9 us (28.1x), Avg.  2.17 us, Total. 95.29 us (0.0%)
[Performance] Application.EngineGraphics.Initialize                                                                                                        :        1 samples, Peak.  49.3 ms (1.0x), Avg.  49.3 ms, Total. 49.33 ms (0.5%)
[Performance] Application.GI.Initialize                                                                                                                    :        1 samples, Peak.   621 us (1.0x), Avg.   621 us, Total. 621.0 us (0.0%)
[Performance] Application.LoadAllDefaultResourcesFromEditor                                                                                                :        1 samples, Peak.  1.12 ms (1.0x), Avg.  1.12 ms, Total. 1.125 ms (0.0%)
[Performance] Application.LoadMonoAssemblies                                                                                                               :        1 samples, Peak.   556 ms (1.0x), Avg.   556 ms, Total. 556.4 ms (5.1%)
[Performance] RestoreManagedReferences                                                                                                                     :        2 samples, Peak.  42.2 ms (2.0x), Avg.  21.1 ms, Total. 42.18 ms (0.4%)
[Performance] AssemblyReloadEvents.afterAssemblyReload: UnityEditor.SceneTemplate.SceneTemplateService.AfterAssemblyReload                                 :        2 samples, Peak.  2.58 ms (1.7x), Avg.  1.50 ms, Total. 3.003 ms (0.0%)
[Performance] ProcessService.EditorAfterLoadAllAssemblies                                                                                                  :        2 samples, Peak.   339 us (1.3x), Avg.   256 us, Total. 513.0 us (0.0%)
[Performance] Application.ReadLicenseInfo                                                                                                                  :        1 samples, Peak.  24.1 ms (1.0x), Avg.  24.1 ms, Total. 24.12 ms (0.2%)
[Performance] Application.InitialRefresh                                                                                                                   :        1 samples, Peak.  6.09 s (1.0x), Avg.  6.09 s, Total. 6.092 s (55.8%)
[Performance] AssetDatabase.InitialRefresh                                                                                                                 :        1 samples, Peak.  6.09 s (1.0x), Avg.  6.09 s, Total. 6.090 s (55.8%)
[Performance] Compiling Scripts                                                                                                                            :        1 samples, Peak.   739 ms (1.0x), Avg.   739 ms, Total. 738.7 ms (6.8%)
[Performance] AssemblyReloadEvents.beforeAssemblyReload: UnityEditor.SceneTemplate.SceneTemplateService.BeforeAssemblyReload                               :        1 samples, Peak.   544 us (1.0x), Avg.   544 us, Total. 544.5 us (0.0%)
[Performance] EditorResources.Load                                                                                                                         :       13 samples, Peak.  33.4 ms (12.8x), Avg.  2.60 ms, Total. 33.81 ms (0.3%)
[Performance] Package.AsyncRequest                                                                                                                         :       33 samples, Peak.  1.29 ms (20.5x), Avg.  63.1 us, Total. 2.082 ms (0.0%)
[Performance] DidReloadScriptsTestListCache.ScriptReloaded                                                                                                 :        1 samples, Peak.   714 us (1.0x), Avg.   714 us, Total. 714.2 us (0.0%)
[Performance] DidReloadScriptsTestRunnerWindow.CompilationCallback                                                                                         :        1 samples, Peak.   720 us (1.0x), Avg.   720 us, Total. 720.3 us (0.0%)
[Performance] DidReloadScriptsPackageVersionUtility.OnReloadScripts                                                                                        :        1 samples, Peak.  66.4 us (1.0x), Avg.  66.4 us, Total. 66.38 us (0.0%)
[Performance] DidReloadScriptsLookDev.OnEditorReload                                                                                                       :        1 samples, Peak.   182 us (1.0x), Avg.   182 us, Total. 181.5 us (0.0%)
[Performance] DidReloadScriptsDebugWindow.OnEditorReload                                                                                                   :        1 samples, Peak.  3.67 ms (1.0x), Avg.  3.67 ms, Total. 3.671 ms (0.0%)
[Performance] DidReloadScriptsVolumeComponentEditor.OnEditorReload                                                                                         :        1 samples, Peak.  14.8 ms (1.0x), Avg.  14.8 ms, Total. 14.81 ms (0.1%)
[Performance] DidReloadScriptsAdvancedDropdownWindow.OnScriptReload                                                                                        :        2 samples, Peak.   298 us (1.3x), Avg.   229 us, Total. 457.8 us (0.0%)
[Performance] DidReloadScriptsEditorMenuExtensions.FindAndCloseAllContextMenus                                                                             :        1 samples, Peak.  2.28 ms (1.0x), Avg.  2.28 ms, Total. 2.277 ms (0.0%)
[Performance] AssemblyReloadEvents.afterAssemblyReload: UnityEditor.XR.Management.Metadata.XRPackageMetadataStore.AssemblyReloadEvents_afterAssemblyReload :        1 samples, Peak.  2.39 ms (1.0x), Avg.  2.39 ms, Total. 2.393 ms (0.0%)
[Performance] TerrainToolbarOverlayPostProcessor.OnPostprocessAllAssets                                                                                    :        2 samples, Peak.   370 us (1.2x), Avg.   320 us, Total. 639.8 us (0.0%)
[Performance] InputActionAssetPostprocessor.OnPostprocessAllAssets                                                                                         :        2 samples, Peak.   197 us (1.0x), Avg.   196 us, Total. 392.2 us (0.0%)
[Performance] InputActionJsonNameModifierAssetProcessor.OnPostprocessAllAssets                                                                             :        2 samples, Peak.  34.6 us (1.0x), Avg.  33.6 us, Total. 67.29 us (0.0%)
[Performance] ProjectSettingsPostprocessor.OnPostprocessAllAssets                                                                                          :        2 samples, Peak.  83.3 us (1.0x), Avg.  82.5 us, Total. 165.0 us (0.0%)
[Performance] SyncVS.PostprocessSyncProject                                                                                                                :        1 samples, Peak.  7.97 ms (1.0x), Avg.  7.97 ms, Total. 7.972 ms (0.1%)
[Performance] Application.ImportPackagesAndSetTemplateWhenCreatingProject                                                                                  :        1 samples, Peak.  12.9 ms (1.0x), Avg.  12.9 ms, Total. 12.87 ms (0.1%)
[Performance] Application.SyncCurrentColorSpace                                                                                                            :        1 samples, Peak.  94.9 ms (1.0x), Avg.  94.9 ms, Total. 94.87 ms (0.9%)
[Performance] Application.OnUsbDevicesChanged                                                                                                              :        1 samples, Peak.  75.8 us (1.0x), Avg.  75.8 us, Total. 75.75 us (0.0%)
[Performance] Application.AssetInstanceCacheUpdate                                                                                                         :        1 samples, Peak.   167 ns (1.0x), Avg.   167 ns, Total. 167.0 ns (0.0%)
[Performance] Application.UnityExtensions.Initialize                                                                                                       :        1 samples, Peak.  14.1 ms (1.0x), Avg.  14.1 ms, Total. 14.11 ms (0.1%)
[Performance] CodeEditorProjectSync.SyncEditorProject                                                                                                      :        1 samples, Peak.   255 ms (1.0x), Avg.   255 ms, Total. 255.2 ms (2.3%)
[Performance] Application.ExecuteStartups                                                                                                                  :        1 samples, Peak.  19.8 ms (1.0x), Avg.  19.8 ms, Total. 19.75 ms (0.2%)
[Performance] Menu.RegisterMenuInterface                                                                                                                   :       26 samples, Peak.  3.29 us (7.8x), Avg.   423 ns, Total. 11.00 us (0.0%)
[Performance] Gizmo.RebuildRenderers                                                                                                                       :        1 samples, Peak.  18.7 ms (1.0x), Avg.  18.7 ms, Total. 18.66 ms (0.2%)
[Performance] Gizmo.AddGizmoRenderers                                                                                                                      :      140 samples, Peak.  1.04 ms (64.4x), Avg.  16.2 us, Total. 2.268 ms (0.0%)
[Performance] Application.editorInitializingProject                                                                                                        :        1 samples, Peak.  13.3 ms (1.0x), Avg.  13.3 ms, Total. 13.26 ms (0.1%)
[Performance] Application.InitializeMenu                                                                                                                   :        1 samples, Peak.  94.0 ms (1.0x), Avg.  94.0 ms, Total. 93.97 ms (0.9%)
[Performance] Menu.RebuildAll                                                                                                                              :        1 samples, Peak.  94.0 ms (1.0x), Avg.  94.0 ms, Total. 93.96 ms (0.9%)
[Performance] Menu.BuildRegisteredMenuInterfaces                                                                                                           :        1 samples, Peak.  88.7 ms (1.0x), Avg.  88.7 ms, Total. 88.74 ms (0.8%)
[Performance] Menu.FilterMenuItem                                                                                                                          :     1039 samples, Peak.  56.7 ms (1034.4x), Avg.  54.9 us, Total. 57.00 ms (0.5%)
[Performance] UpdateAllMenus                                                                                                                               :        1 samples, Peak.   367 us (1.0x), Avg.   367 us, Total. 367.0 us (0.0%)
[Performance] EditorSceneManager.sceneClosing: UnityEditor.SceneVisibilityManager.EditorSceneManagerOnSceneClosing                                         :        1 samples, Peak.   169 us (1.0x), Avg.   169 us, Total. 169.3 us (0.0%)
[Performance] GUIView.RepaintAll.PlayerLoopController                                                                                                      :        1 samples, Peak.   750 ns (1.0x), Avg.   750 ns, Total. 750.0 ns (0.0%)
[Performance] EditorSceneManager.newSceneCreated: UnityEditor.SceneTemplate.SceneTemplateService.OnNewSceneCreated                                         :        1 samples, Peak.   174 us (1.0x), Avg.   174 us, Total. 173.5 us (0.0%)
[Performance] EditorSceneManager.newSceneCreated: UnityEditor.SceneVisibilityManager.EditorSceneManagerOnNewSceneCreated                                   :        1 samples, Peak.   272 us (1.0x), Avg.   272 us, Total. 271.7 us (0.0%)
[Performance] EditorSceneManager.newSceneCreated: UnityEditor.SceneManagement.StageNavigationManager.OnNewSceneCreated                                     :        1 samples, Peak.  39.4 us (1.0x), Avg.  39.4 us, Total. 39.38 us (0.0%)
[Performance] Application.InvokeFinishedLoadingProject                                                                                                     :        1 samples, Peak.  17.2 ms (1.0x), Avg.  17.2 ms, Total. 17.22 ms (0.2%)
[Performance] ProcessService.OnProjectLoaded                                                                                                               :        1 samples, Peak.  88.7 us (1.0x), Avg.  88.7 us, Total. 88.67 us (0.0%)
[Performance] VersionControl.Task.Wait                                                                                                                     :        1 samples, Peak.  8.58 us (1.0x), Avg.  8.58 us, Total. 8.583 us (0.0%)
[Performance] EditorApplication.quitting: Unity.Burst.Editor.BurstLoader.OnEditorApplicationQuitting                                                       :        1 samples, Peak.  17.8 us (1.0x), Avg.  17.8 us, Total. 17.83 us (0.0%)
[Performance] EditorApplication.quitting: callback in TMPro.EditorEventCallbacks                                                                           :        1 samples, Peak.  48.8 ms (1.0x), Avg.  48.8 ms, Total. 48.81 ms (0.4%)
[Performance] EditorApplication.quitting: callback in UnityEditor.TextCore.Text.EditorEventCallbacks                                                       :        1 samples, Peak.  12.7 ms (1.0x), Avg.  12.7 ms, Total. 12.71 ms (0.1%)
[Performance] Application.Shutdown.PauseProfilerSession                                                                                                    :        1 samples, Peak.  30.8 us (1.0x), Avg.  30.8 us, Total. 30.83 us (0.0%)
[Performance] Application.Shutdown.PauseAssetImportWorkers                                                                                                 :        1 samples, Peak.  80.6 us (1.0x), Avg.  80.6 us, Total. 80.63 us (0.0%)
[Performance] Application.Shutdown.SaveAssets                                                                                                              :        1 samples, Peak.  4.30 ms (1.0x), Avg.  4.30 ms, Total. 4.303 ms (0.0%)
[Performance] StateMacroSavedEvent.OnWillSaveAssets                                                                                                        :        1 samples, Peak.   114 us (1.0x), Avg.   114 us, Total. 114.1 us (0.0%)
[Performance] FlowMacroSavedEvent.OnWillSaveAssets                                                                                                         :        1 samples, Peak.  79.5 us (1.0x), Avg.  79.5 us, Total. 79.46 us (0.0%)
[Performance] BuilderAssetModificationProcessor.OnWillSaveAssets                                                                                           :        1 samples, Peak.   282 us (1.0x), Avg.   282 us, Total. 282.0 us (0.0%)
[Performance] TerrainModificationProcessor.OnWillSaveAssets                                                                                                :        1 samples, Peak.   457 us (1.0x), Avg.   457 us, Total. 456.6 us (0.0%)
[Performance] AudioContainerModificationProcessor.OnWillSaveAssets                                                                                         :        1 samples, Peak.  44.4 us (1.0x), Avg.  44.4 us, Total. 44.37 us (0.0%)
[Performance] AssetDatabase.ImportAssets                                                                                                                   :        2 samples, Peak.   375 ns (1.8x), Avg.   208 ns, Total. 416.0 ns (0.0%)
[Performance] Application.Shutdown.CleanupRenderPipeline                                                                                                   :        1 samples, Peak.  2.37 us (1.0x), Avg.  2.37 us, Total. 2.375 us (0.0%)
[Performance] Application.Shutdown.StopPreloadManager                                                                                                      :        1 samples, Peak.  11.0 ms (1.0x), Avg.  11.0 ms, Total. 11.04 ms (0.1%)
[Performance] Application.Shutdown.DestroyWorld                                                                                                            :        1 samples, Peak.   367 us (1.0x), Avg.   367 us, Total. 366.7 us (0.0%)
[Performance] Application.Shutdown.CleanupAfterLoad                                                                                                        :        1 samples, Peak.   141 ms (1.0x), Avg.   141 ms, Total. 141.4 ms (1.3%)
[Performance] Application.Shutdown.Progress                                                                                                                :        1 samples, Peak.  5.67 us (1.0x), Avg.  5.67 us, Total. 5.667 us (0.0%)
[Performance] Application.Shutdown.GICleanupManagers                                                                                                       :        1 samples, Peak.   505 us (1.0x), Avg.   505 us, Total. 505.5 us (0.0%)
[Performance] Application.Shutdown.MenuCleanupClass                                                                                                        :        1 samples, Peak.   121 us (1.0x), Avg.   121 us, Total. 120.5 us (0.0%)
[Performance] Application.Shutdown.ADBSaveStateBeforeShutdown                                                                                              :        1 samples, Peak.  6.46 us (1.0x), Avg.  6.46 us, Total. 6.458 us (0.0%)
[Performance] Application.Shutdown.RemoteShutdown                                                                                                          :        1 samples, Peak.   917 ns (1.0x), Avg.   917 ns, Total. 917.0 ns (0.0%)
[Performance] Application.Shutdown.CleanupVCProvider                                                                                                       :        1 samples, Peak.  4.42 us (1.0x), Avg.  4.42 us, Total. 4.417 us (0.0%)
[Performance] Application.Shutdown.InputShutdown                                                                                                           :        1 samples, Peak.   112 us (1.0x), Avg.   112 us, Total. 111.7 us (0.0%)
[Performance] Application.Shutdown.GizmoManagerDestroy                                                                                                     :        1 samples, Peak.   567 us (1.0x), Avg.   567 us, Total. 566.9 us (0.0%)
[Performance] Application.Shutdown.ProfilerSession                                                                                                         :        1 samples, Peak.   111 us (1.0x), Avg.   111 us, Total. 110.8 us (0.0%)
[Performance] Application.Shutdown.ReleaseGfxWindowOnAllGUIViews                                                                                           :        1 samples, Peak.  3.33 us (1.0x), Avg.  3.33 us, Total. 3.333 us (0.0%)
[Performance] Application.Shutdown.CleanupEngine                                                                                                           :        1 samples, Peak.  91.3 ms (1.0x), Avg.  91.3 ms, Total. 91.34 ms (0.8%)
[Performance] Application.Shutdown.CleanupAssetDatabase                                                                                                    :        1 samples, Peak.  7.23 ms (1.0x), Avg.  7.23 ms, Total. 7.226 ms (0.1%)
[Performance] Application.Shutdown.ScriptCompilationCleanUp                                                                                                :        1 samples, Peak.  15.6 us (1.0x), Avg.  15.6 us, Total. 15.58 us (0.0%)
[Performance] Application.Shutdown.DestroyJobSystem                                                                                                        :        1 samples, Peak.   134 us (1.0x), Avg.   134 us, Total. 134.1 us (0.0%)
[Performance] Application.Shutdown.CleanupPersistentManager                                                                                                :        1 samples, Peak.  1.60 ms (1.0x), Avg.  1.60 ms, Total. 1.595 ms (0.0%)
[Performance] Application.Shutdown.CleanupAsyncReadManager                                                                                                 :        1 samples, Peak.   216 us (1.0x), Avg.   216 us, Total. 215.7 us (0.0%)
[Performance] Application.Shutdown.CleanupMono                                                                                                             :        1 samples, Peak.   110 ms (1.0x), Avg.   110 ms, Total. 110.4 ms (1.0%)
[Performance] Application.Shutdown.CleanupStdConverters                                                                                                    :        1 samples, Peak.  9.17 us (1.0x), Avg.  9.17 us, Total. 9.167 us (0.0%)
[Performance] Application.Shutdown.UnloadAllPlatformSupportModuleNativeDlls                                                                                :        1 samples, Peak.   333 ns (1.0x), Avg.   333 ns, Total. 333.0 ns (0.0%)
[Performance] Application.Shutdown.UnloadAllPlatformSupportNativeLibraries                                                                                 :        1 samples, Peak.  83.8 us (1.0x), Avg.  83.8 us, Total. 83.83 us (0.0%)
[Performance] Application.Shutdown.CleanupAutoDocumentation                                                                                                :        1 samples, Peak.   384 us (1.0x), Avg.   384 us, Total. 383.7 us (0.0%)
[Performance] Application.Shutdown.ShaderNameManagerDestroy                                                                                                :        1 samples, Peak.  27.6 us (1.0x), Avg.  27.6 us, Total. 27.58 us (0.0%)
[Performance] Application.Shutdown.CleanupCacheServer                                                                                                      :        1 samples, Peak.   292 ns (1.0x), Avg.   292 ns, Total. 292.0 ns (0.0%)
[Performance] Application.Shutdown.Virtualization_Shutdown                                                                                                 :        1 samples, Peak.   208 ns (1.0x), Avg.   208 ns, Total. 208.0 ns (0.0%)
[Performance] Application.Shutdown.DevConnections                                                                                                          :        1 samples, Peak.  59.1 us (1.0x), Avg.  59.1 us, Total. 59.08 us (0.0%)
Exiting batchmode successfully now!
[Package Manager] Server process was shutdown
